[2025-12-16T00:05:25.563+0000] {processor.py:161} INFO - Started process (PID=3346) to work on /opt/airflow/dags/monitoramento_principal.py
[2025-12-16T00:05:25.567+0000] {processor.py:830} INFO - Processing file /opt/airflow/dags/monitoramento_principal.py for tasks to queue
[2025-12-16T00:05:25.570+0000] {logging_mixin.py:188} INFO - [2025-12-16T00:05:25.569+0000] {dagbag.py:538} INFO - Filling up the DagBag from /opt/airflow/dags/monitoramento_principal.py
[2025-12-16T00:05:28.173+0000] {logging_mixin.py:188} INFO - [2025-12-16T00:05:28.156+0000] {dagbag.py:348} ERROR - Failed to import: /opt/airflow/dags/monitoramento_principal.py
Traceback (most recent call last):
  File "/home/airflow/.local/lib/python3.8/site-packages/airflow/models/dagbag.py", line 344, in parse
    loader.exec_module(new_module)
  File "<frozen importlib._bootstrap_external>", line 843, in exec_module
  File "<frozen importlib._bootstrap>", line 219, in _call_with_frames_removed
  File "/opt/airflow/dags/monitoramento_principal.py", line 15, in <module>
    from core.slack_notifier import SlackNotifier
  File "/opt/airflow/src/core/slack_notifier.py", line 9, in <module>
    from alert_manager import Alert, AlertSeverity
ModuleNotFoundError: No module named 'alert_manager'
[2025-12-16T00:05:28.177+0000] {processor.py:842} WARNING - No viable dags retrieved from /opt/airflow/dags/monitoramento_principal.py
[2025-12-16T00:05:28.229+0000] {processor.py:183} INFO - Processing /opt/airflow/dags/monitoramento_principal.py took 2.693 seconds
[2025-12-16T00:05:53.574+0000] {processor.py:161} INFO - Started process (PID=3366) to work on /opt/airflow/dags/monitoramento_principal.py
[2025-12-16T00:05:53.575+0000] {processor.py:830} INFO - Processing file /opt/airflow/dags/monitoramento_principal.py for tasks to queue
[2025-12-16T00:05:53.577+0000] {logging_mixin.py:188} INFO - [2025-12-16T00:05:53.577+0000] {dagbag.py:538} INFO - Filling up the DagBag from /opt/airflow/dags/monitoramento_principal.py
[2025-12-16T00:05:54.622+0000] {logging_mixin.py:188} INFO - [2025-12-16T00:05:54.606+0000] {dagbag.py:348} ERROR - Failed to import: /opt/airflow/dags/monitoramento_principal.py
Traceback (most recent call last):
  File "/home/airflow/.local/lib/python3.8/site-packages/airflow/models/dagbag.py", line 344, in parse
    loader.exec_module(new_module)
  File "<frozen importlib._bootstrap_external>", line 843, in exec_module
  File "<frozen importlib._bootstrap>", line 219, in _call_with_frames_removed
  File "/opt/airflow/dags/monitoramento_principal.py", line 15, in <module>
    from core.slack_notifier import SlackNotifier
  File "/opt/airflow/src/core/slack_notifier.py", line 9, in <module>
    from alert_manager import Alert, AlertSeverity
ModuleNotFoundError: No module named 'alert_manager'
[2025-12-16T00:05:54.627+0000] {processor.py:842} WARNING - No viable dags retrieved from /opt/airflow/dags/monitoramento_principal.py
[2025-12-16T00:05:54.649+0000] {processor.py:183} INFO - Processing /opt/airflow/dags/monitoramento_principal.py took 1.079 seconds
[2025-12-16T00:06:19.988+0000] {processor.py:161} INFO - Started process (PID=3386) to work on /opt/airflow/dags/monitoramento_principal.py
[2025-12-16T00:06:19.989+0000] {processor.py:830} INFO - Processing file /opt/airflow/dags/monitoramento_principal.py for tasks to queue
[2025-12-16T00:06:19.990+0000] {logging_mixin.py:188} INFO - [2025-12-16T00:06:19.990+0000] {dagbag.py:538} INFO - Filling up the DagBag from /opt/airflow/dags/monitoramento_principal.py
[2025-12-16T00:06:20.768+0000] {logging_mixin.py:188} INFO - [2025-12-16T00:06:20.757+0000] {dagbag.py:348} ERROR - Failed to import: /opt/airflow/dags/monitoramento_principal.py
Traceback (most recent call last):
  File "/home/airflow/.local/lib/python3.8/site-packages/airflow/models/dagbag.py", line 344, in parse
    loader.exec_module(new_module)
  File "<frozen importlib._bootstrap_external>", line 843, in exec_module
  File "<frozen importlib._bootstrap>", line 219, in _call_with_frames_removed
  File "/opt/airflow/dags/monitoramento_principal.py", line 15, in <module>
    from core.slack_notifier import SlackNotifier
  File "/opt/airflow/src/core/slack_notifier.py", line 9, in <module>
    from alert_manager import Alert, AlertSeverity
ModuleNotFoundError: No module named 'alert_manager'
[2025-12-16T00:06:20.771+0000] {processor.py:842} WARNING - No viable dags retrieved from /opt/airflow/dags/monitoramento_principal.py
[2025-12-16T00:06:20.793+0000] {processor.py:183} INFO - Processing /opt/airflow/dags/monitoramento_principal.py took 0.808 seconds
[2025-12-16T00:06:28.081+0000] {processor.py:161} INFO - Started process (PID=3400) to work on /opt/airflow/dags/monitoramento_principal.py
[2025-12-16T00:06:28.082+0000] {processor.py:830} INFO - Processing file /opt/airflow/dags/monitoramento_principal.py for tasks to queue
[2025-12-16T00:06:28.083+0000] {logging_mixin.py:188} INFO - [2025-12-16T00:06:28.083+0000] {dagbag.py:538} INFO - Filling up the DagBag from /opt/airflow/dags/monitoramento_principal.py
[2025-12-16T00:06:28.817+0000] {logging_mixin.py:188} INFO - [2025-12-16T00:06:28.799+0000] {dagbag.py:348} ERROR - Failed to import: /opt/airflow/dags/monitoramento_principal.py
Traceback (most recent call last):
  File "/home/airflow/.local/lib/python3.8/site-packages/airflow/models/dagbag.py", line 344, in parse
    loader.exec_module(new_module)
  File "<frozen importlib._bootstrap_external>", line 843, in exec_module
  File "<frozen importlib._bootstrap>", line 219, in _call_with_frames_removed
  File "/opt/airflow/dags/monitoramento_principal.py", line 15, in <module>
    from core.slack_notifier import SlackNotifier
  File "/opt/airflow/src/core/slack_notifier.py", line 9, in <module>
    from alert_manager import Alert, AlertSeverity
ModuleNotFoundError: No module named 'alert_manager'
[2025-12-16T00:06:28.821+0000] {processor.py:842} WARNING - No viable dags retrieved from /opt/airflow/dags/monitoramento_principal.py
[2025-12-16T00:06:28.842+0000] {processor.py:183} INFO - Processing /opt/airflow/dags/monitoramento_principal.py took 0.764 seconds
[2025-12-16T00:06:59.323+0000] {processor.py:161} INFO - Started process (PID=3420) to work on /opt/airflow/dags/monitoramento_principal.py
[2025-12-16T00:06:59.324+0000] {processor.py:830} INFO - Processing file /opt/airflow/dags/monitoramento_principal.py for tasks to queue
[2025-12-16T00:06:59.326+0000] {logging_mixin.py:188} INFO - [2025-12-16T00:06:59.326+0000] {dagbag.py:538} INFO - Filling up the DagBag from /opt/airflow/dags/monitoramento_principal.py
[2025-12-16T00:07:00.161+0000] {logging_mixin.py:188} INFO - [2025-12-16T00:07:00.142+0000] {dagbag.py:348} ERROR - Failed to import: /opt/airflow/dags/monitoramento_principal.py
Traceback (most recent call last):
  File "/home/airflow/.local/lib/python3.8/site-packages/airflow/models/dagbag.py", line 344, in parse
    loader.exec_module(new_module)
  File "<frozen importlib._bootstrap_external>", line 843, in exec_module
  File "<frozen importlib._bootstrap>", line 219, in _call_with_frames_removed
  File "/opt/airflow/dags/monitoramento_principal.py", line 15, in <module>
    from core.slack_notifier import SlackNotifier
  File "/opt/airflow/src/core/slack_notifier.py", line 9, in <module>
    from alert_manager import Alert, AlertSeverity
ModuleNotFoundError: No module named 'alert_manager'
[2025-12-16T00:07:00.164+0000] {processor.py:842} WARNING - No viable dags retrieved from /opt/airflow/dags/monitoramento_principal.py
[2025-12-16T00:07:00.185+0000] {processor.py:183} INFO - Processing /opt/airflow/dags/monitoramento_principal.py took 0.865 seconds
[2025-12-16T00:07:30.677+0000] {processor.py:161} INFO - Started process (PID=3440) to work on /opt/airflow/dags/monitoramento_principal.py
[2025-12-16T00:07:30.679+0000] {processor.py:830} INFO - Processing file /opt/airflow/dags/monitoramento_principal.py for tasks to queue
[2025-12-16T00:07:30.681+0000] {logging_mixin.py:188} INFO - [2025-12-16T00:07:30.680+0000] {dagbag.py:538} INFO - Filling up the DagBag from /opt/airflow/dags/monitoramento_principal.py
[2025-12-16T00:07:31.571+0000] {logging_mixin.py:188} INFO - [2025-12-16T00:07:31.555+0000] {dagbag.py:348} ERROR - Failed to import: /opt/airflow/dags/monitoramento_principal.py
Traceback (most recent call last):
  File "/home/airflow/.local/lib/python3.8/site-packages/airflow/models/dagbag.py", line 344, in parse
    loader.exec_module(new_module)
  File "<frozen importlib._bootstrap_external>", line 843, in exec_module
  File "<frozen importlib._bootstrap>", line 219, in _call_with_frames_removed
  File "/opt/airflow/dags/monitoramento_principal.py", line 15, in <module>
    from core.slack_notifier import SlackNotifier
  File "/opt/airflow/src/core/slack_notifier.py", line 9, in <module>
    from alert_manager import Alert, AlertSeverity
ModuleNotFoundError: No module named 'alert_manager'
[2025-12-16T00:07:31.575+0000] {processor.py:842} WARNING - No viable dags retrieved from /opt/airflow/dags/monitoramento_principal.py
[2025-12-16T00:07:31.601+0000] {processor.py:183} INFO - Processing /opt/airflow/dags/monitoramento_principal.py took 0.927 seconds
[2025-12-16T00:08:02.180+0000] {processor.py:161} INFO - Started process (PID=3460) to work on /opt/airflow/dags/monitoramento_principal.py
[2025-12-16T00:08:02.181+0000] {processor.py:830} INFO - Processing file /opt/airflow/dags/monitoramento_principal.py for tasks to queue
[2025-12-16T00:08:02.182+0000] {logging_mixin.py:188} INFO - [2025-12-16T00:08:02.182+0000] {dagbag.py:538} INFO - Filling up the DagBag from /opt/airflow/dags/monitoramento_principal.py
[2025-12-16T00:08:02.951+0000] {logging_mixin.py:188} INFO - [2025-12-16T00:08:02.935+0000] {dagbag.py:348} ERROR - Failed to import: /opt/airflow/dags/monitoramento_principal.py
Traceback (most recent call last):
  File "/home/airflow/.local/lib/python3.8/site-packages/airflow/models/dagbag.py", line 344, in parse
    loader.exec_module(new_module)
  File "<frozen importlib._bootstrap_external>", line 843, in exec_module
  File "<frozen importlib._bootstrap>", line 219, in _call_with_frames_removed
  File "/opt/airflow/dags/monitoramento_principal.py", line 15, in <module>
    from core.slack_notifier import SlackNotifier
  File "/opt/airflow/src/core/slack_notifier.py", line 9, in <module>
    from alert_manager import Alert, AlertSeverity
ModuleNotFoundError: No module named 'alert_manager'
[2025-12-16T00:08:02.957+0000] {processor.py:842} WARNING - No viable dags retrieved from /opt/airflow/dags/monitoramento_principal.py
[2025-12-16T00:08:02.977+0000] {processor.py:183} INFO - Processing /opt/airflow/dags/monitoramento_principal.py took 0.800 seconds
[2025-12-16T00:08:33.565+0000] {processor.py:161} INFO - Started process (PID=3486) to work on /opt/airflow/dags/monitoramento_principal.py
[2025-12-16T00:08:33.566+0000] {processor.py:830} INFO - Processing file /opt/airflow/dags/monitoramento_principal.py for tasks to queue
[2025-12-16T00:08:33.567+0000] {logging_mixin.py:188} INFO - [2025-12-16T00:08:33.567+0000] {dagbag.py:538} INFO - Filling up the DagBag from /opt/airflow/dags/monitoramento_principal.py
[2025-12-16T00:08:34.330+0000] {logging_mixin.py:188} INFO - [2025-12-16T00:08:34.313+0000] {dagbag.py:348} ERROR - Failed to import: /opt/airflow/dags/monitoramento_principal.py
Traceback (most recent call last):
  File "/home/airflow/.local/lib/python3.8/site-packages/airflow/models/dagbag.py", line 344, in parse
    loader.exec_module(new_module)
  File "<frozen importlib._bootstrap_external>", line 843, in exec_module
  File "<frozen importlib._bootstrap>", line 219, in _call_with_frames_removed
  File "/opt/airflow/dags/monitoramento_principal.py", line 15, in <module>
    from core.slack_notifier import SlackNotifier
  File "/opt/airflow/src/core/slack_notifier.py", line 9, in <module>
    from alert_manager import Alert, AlertSeverity
ModuleNotFoundError: No module named 'alert_manager'
[2025-12-16T00:08:34.336+0000] {processor.py:842} WARNING - No viable dags retrieved from /opt/airflow/dags/monitoramento_principal.py
[2025-12-16T00:08:34.358+0000] {processor.py:183} INFO - Processing /opt/airflow/dags/monitoramento_principal.py took 0.795 seconds
[2025-12-16T00:09:04.870+0000] {processor.py:161} INFO - Started process (PID=3506) to work on /opt/airflow/dags/monitoramento_principal.py
[2025-12-16T00:09:04.872+0000] {processor.py:830} INFO - Processing file /opt/airflow/dags/monitoramento_principal.py for tasks to queue
[2025-12-16T00:09:04.873+0000] {logging_mixin.py:188} INFO - [2025-12-16T00:09:04.873+0000] {dagbag.py:538} INFO - Filling up the DagBag from /opt/airflow/dags/monitoramento_principal.py
[2025-12-16T00:09:05.619+0000] {logging_mixin.py:188} INFO - [2025-12-16T00:09:05.599+0000] {dagbag.py:348} ERROR - Failed to import: /opt/airflow/dags/monitoramento_principal.py
Traceback (most recent call last):
  File "/home/airflow/.local/lib/python3.8/site-packages/airflow/models/dagbag.py", line 344, in parse
    loader.exec_module(new_module)
  File "<frozen importlib._bootstrap_external>", line 843, in exec_module
  File "<frozen importlib._bootstrap>", line 219, in _call_with_frames_removed
  File "/opt/airflow/dags/monitoramento_principal.py", line 15, in <module>
    from core.slack_notifier import SlackNotifier
  File "/opt/airflow/src/core/slack_notifier.py", line 9, in <module>
    from alert_manager import Alert, AlertSeverity
ModuleNotFoundError: No module named 'alert_manager'
[2025-12-16T00:09:05.625+0000] {processor.py:842} WARNING - No viable dags retrieved from /opt/airflow/dags/monitoramento_principal.py
[2025-12-16T00:09:05.646+0000] {processor.py:183} INFO - Processing /opt/airflow/dags/monitoramento_principal.py took 0.779 seconds
[2025-12-16T00:09:36.158+0000] {processor.py:161} INFO - Started process (PID=3526) to work on /opt/airflow/dags/monitoramento_principal.py
[2025-12-16T00:09:36.160+0000] {processor.py:830} INFO - Processing file /opt/airflow/dags/monitoramento_principal.py for tasks to queue
[2025-12-16T00:09:36.161+0000] {logging_mixin.py:188} INFO - [2025-12-16T00:09:36.160+0000] {dagbag.py:538} INFO - Filling up the DagBag from /opt/airflow/dags/monitoramento_principal.py
[2025-12-16T00:09:36.924+0000] {logging_mixin.py:188} INFO - [2025-12-16T00:09:36.912+0000] {dagbag.py:348} ERROR - Failed to import: /opt/airflow/dags/monitoramento_principal.py
Traceback (most recent call last):
  File "/home/airflow/.local/lib/python3.8/site-packages/airflow/models/dagbag.py", line 344, in parse
    loader.exec_module(new_module)
  File "<frozen importlib._bootstrap_external>", line 843, in exec_module
  File "<frozen importlib._bootstrap>", line 219, in _call_with_frames_removed
  File "/opt/airflow/dags/monitoramento_principal.py", line 15, in <module>
    from core.slack_notifier import SlackNotifier
  File "/opt/airflow/src/core/slack_notifier.py", line 9, in <module>
    from alert_manager import Alert, AlertSeverity
ModuleNotFoundError: No module named 'alert_manager'
[2025-12-16T00:09:36.926+0000] {processor.py:842} WARNING - No viable dags retrieved from /opt/airflow/dags/monitoramento_principal.py
[2025-12-16T00:09:36.945+0000] {processor.py:183} INFO - Processing /opt/airflow/dags/monitoramento_principal.py took 0.790 seconds
[2025-12-16T00:10:07.399+0000] {processor.py:161} INFO - Started process (PID=3545) to work on /opt/airflow/dags/monitoramento_principal.py
[2025-12-16T00:10:07.401+0000] {processor.py:830} INFO - Processing file /opt/airflow/dags/monitoramento_principal.py for tasks to queue
[2025-12-16T00:10:07.402+0000] {logging_mixin.py:188} INFO - [2025-12-16T00:10:07.401+0000] {dagbag.py:538} INFO - Filling up the DagBag from /opt/airflow/dags/monitoramento_principal.py
[2025-12-16T00:10:08.266+0000] {logging_mixin.py:188} INFO - [2025-12-16T00:10:08.254+0000] {dagbag.py:348} ERROR - Failed to import: /opt/airflow/dags/monitoramento_principal.py
Traceback (most recent call last):
  File "/home/airflow/.local/lib/python3.8/site-packages/airflow/models/dagbag.py", line 344, in parse
    loader.exec_module(new_module)
  File "<frozen importlib._bootstrap_external>", line 843, in exec_module
  File "<frozen importlib._bootstrap>", line 219, in _call_with_frames_removed
  File "/opt/airflow/dags/monitoramento_principal.py", line 15, in <module>
    from core.slack_notifier import SlackNotifier
  File "/opt/airflow/src/core/slack_notifier.py", line 9, in <module>
    from alert_manager import Alert, AlertSeverity
ModuleNotFoundError: No module named 'alert_manager'
[2025-12-16T00:10:08.268+0000] {processor.py:842} WARNING - No viable dags retrieved from /opt/airflow/dags/monitoramento_principal.py
[2025-12-16T00:10:08.286+0000] {processor.py:183} INFO - Processing /opt/airflow/dags/monitoramento_principal.py took 0.890 seconds
[2025-12-16T00:10:20.466+0000] {processor.py:161} INFO - Started process (PID=3554) to work on /opt/airflow/dags/monitoramento_principal.py
[2025-12-16T00:10:20.467+0000] {processor.py:830} INFO - Processing file /opt/airflow/dags/monitoramento_principal.py for tasks to queue
[2025-12-16T00:10:20.468+0000] {logging_mixin.py:188} INFO - [2025-12-16T00:10:20.468+0000] {dagbag.py:538} INFO - Filling up the DagBag from /opt/airflow/dags/monitoramento_principal.py
[2025-12-16T00:10:21.480+0000] {logging_mixin.py:188} INFO - [2025-12-16T00:10:21.464+0000] {dagbag.py:348} ERROR - Failed to import: /opt/airflow/dags/monitoramento_principal.py
Traceback (most recent call last):
  File "/home/airflow/.local/lib/python3.8/site-packages/airflow/models/dagbag.py", line 344, in parse
    loader.exec_module(new_module)
  File "<frozen importlib._bootstrap_external>", line 843, in exec_module
  File "<frozen importlib._bootstrap>", line 219, in _call_with_frames_removed
  File "/opt/airflow/dags/monitoramento_principal.py", line 15, in <module>
    from core.slack_notifier import SlackNotifier
  File "/opt/airflow/src/core/slack_notifier.py", line 9, in <module>
    from alert_manager import Alert, AlertSeverity
ModuleNotFoundError: No module named 'alert_manager'
[2025-12-16T00:10:21.482+0000] {processor.py:842} WARNING - No viable dags retrieved from /opt/airflow/dags/monitoramento_principal.py
[2025-12-16T00:10:21.503+0000] {processor.py:183} INFO - Processing /opt/airflow/dags/monitoramento_principal.py took 1.041 seconds
[2025-12-16T00:10:51.931+0000] {processor.py:161} INFO - Started process (PID=3574) to work on /opt/airflow/dags/monitoramento_principal.py
[2025-12-16T00:10:51.933+0000] {processor.py:830} INFO - Processing file /opt/airflow/dags/monitoramento_principal.py for tasks to queue
[2025-12-16T00:10:51.934+0000] {logging_mixin.py:188} INFO - [2025-12-16T00:10:51.934+0000] {dagbag.py:538} INFO - Filling up the DagBag from /opt/airflow/dags/monitoramento_principal.py
[2025-12-16T00:10:52.790+0000] {logging_mixin.py:188} INFO - [2025-12-16T00:10:52.776+0000] {dagbag.py:348} ERROR - Failed to import: /opt/airflow/dags/monitoramento_principal.py
Traceback (most recent call last):
  File "/home/airflow/.local/lib/python3.8/site-packages/airflow/models/dagbag.py", line 344, in parse
    loader.exec_module(new_module)
  File "<frozen importlib._bootstrap_external>", line 843, in exec_module
  File "<frozen importlib._bootstrap>", line 219, in _call_with_frames_removed
  File "/opt/airflow/dags/monitoramento_principal.py", line 15, in <module>
    from core.slack_notifier import SlackNotifier
  File "/opt/airflow/src/core/slack_notifier.py", line 9, in <module>
    from alert_manager import Alert, AlertSeverity
ModuleNotFoundError: No module named 'alert_manager'
[2025-12-16T00:10:52.794+0000] {processor.py:842} WARNING - No viable dags retrieved from /opt/airflow/dags/monitoramento_principal.py
[2025-12-16T00:10:52.818+0000] {processor.py:183} INFO - Processing /opt/airflow/dags/monitoramento_principal.py took 0.891 seconds
[2025-12-16T00:11:23.414+0000] {processor.py:161} INFO - Started process (PID=3594) to work on /opt/airflow/dags/monitoramento_principal.py
[2025-12-16T00:11:23.415+0000] {processor.py:830} INFO - Processing file /opt/airflow/dags/monitoramento_principal.py for tasks to queue
[2025-12-16T00:11:23.416+0000] {logging_mixin.py:188} INFO - [2025-12-16T00:11:23.415+0000] {dagbag.py:538} INFO - Filling up the DagBag from /opt/airflow/dags/monitoramento_principal.py
[2025-12-16T00:11:24.148+0000] {logging_mixin.py:188} INFO - [2025-12-16T00:11:24.136+0000] {dagbag.py:348} ERROR - Failed to import: /opt/airflow/dags/monitoramento_principal.py
Traceback (most recent call last):
  File "/home/airflow/.local/lib/python3.8/site-packages/airflow/models/dagbag.py", line 344, in parse
    loader.exec_module(new_module)
  File "<frozen importlib._bootstrap_external>", line 843, in exec_module
  File "<frozen importlib._bootstrap>", line 219, in _call_with_frames_removed
  File "/opt/airflow/dags/monitoramento_principal.py", line 15, in <module>
    from core.slack_notifier import SlackNotifier
  File "/opt/airflow/src/core/slack_notifier.py", line 9, in <module>
    from alert_manager import Alert, AlertSeverity
ModuleNotFoundError: No module named 'alert_manager'
[2025-12-16T00:11:24.151+0000] {processor.py:842} WARNING - No viable dags retrieved from /opt/airflow/dags/monitoramento_principal.py
[2025-12-16T00:11:24.168+0000] {processor.py:183} INFO - Processing /opt/airflow/dags/monitoramento_principal.py took 0.757 seconds
[2025-12-16T00:11:54.581+0000] {processor.py:161} INFO - Started process (PID=3614) to work on /opt/airflow/dags/monitoramento_principal.py
[2025-12-16T00:11:54.583+0000] {processor.py:830} INFO - Processing file /opt/airflow/dags/monitoramento_principal.py for tasks to queue
[2025-12-16T00:11:54.584+0000] {logging_mixin.py:188} INFO - [2025-12-16T00:11:54.584+0000] {dagbag.py:538} INFO - Filling up the DagBag from /opt/airflow/dags/monitoramento_principal.py
[2025-12-16T00:11:55.378+0000] {logging_mixin.py:188} INFO - [2025-12-16T00:11:55.358+0000] {dagbag.py:348} ERROR - Failed to import: /opt/airflow/dags/monitoramento_principal.py
Traceback (most recent call last):
  File "/home/airflow/.local/lib/python3.8/site-packages/airflow/models/dagbag.py", line 344, in parse
    loader.exec_module(new_module)
  File "<frozen importlib._bootstrap_external>", line 843, in exec_module
  File "<frozen importlib._bootstrap>", line 219, in _call_with_frames_removed
  File "/opt/airflow/dags/monitoramento_principal.py", line 15, in <module>
    from core.slack_notifier import SlackNotifier
  File "/opt/airflow/src/core/slack_notifier.py", line 9, in <module>
    from alert_manager import Alert, AlertSeverity
ModuleNotFoundError: No module named 'alert_manager'
[2025-12-16T00:11:55.384+0000] {processor.py:842} WARNING - No viable dags retrieved from /opt/airflow/dags/monitoramento_principal.py
[2025-12-16T00:11:55.405+0000] {processor.py:183} INFO - Processing /opt/airflow/dags/monitoramento_principal.py took 0.828 seconds
[2025-12-16T00:12:25.806+0000] {processor.py:161} INFO - Started process (PID=3634) to work on /opt/airflow/dags/monitoramento_principal.py
[2025-12-16T00:12:25.808+0000] {processor.py:830} INFO - Processing file /opt/airflow/dags/monitoramento_principal.py for tasks to queue
[2025-12-16T00:12:25.809+0000] {logging_mixin.py:188} INFO - [2025-12-16T00:12:25.809+0000] {dagbag.py:538} INFO - Filling up the DagBag from /opt/airflow/dags/monitoramento_principal.py
[2025-12-16T00:12:26.617+0000] {logging_mixin.py:188} INFO - [2025-12-16T00:12:26.600+0000] {dagbag.py:348} ERROR - Failed to import: /opt/airflow/dags/monitoramento_principal.py
Traceback (most recent call last):
  File "/home/airflow/.local/lib/python3.8/site-packages/airflow/models/dagbag.py", line 344, in parse
    loader.exec_module(new_module)
  File "<frozen importlib._bootstrap_external>", line 843, in exec_module
  File "<frozen importlib._bootstrap>", line 219, in _call_with_frames_removed
  File "/opt/airflow/dags/monitoramento_principal.py", line 15, in <module>
    from core.slack_notifier import SlackNotifier
  File "/opt/airflow/src/core/slack_notifier.py", line 9, in <module>
    from alert_manager import Alert, AlertSeverity
ModuleNotFoundError: No module named 'alert_manager'
[2025-12-16T00:12:26.620+0000] {processor.py:842} WARNING - No viable dags retrieved from /opt/airflow/dags/monitoramento_principal.py
[2025-12-16T00:12:26.638+0000] {processor.py:183} INFO - Processing /opt/airflow/dags/monitoramento_principal.py took 0.835 seconds
[2025-12-16T00:12:57.023+0000] {processor.py:161} INFO - Started process (PID=3654) to work on /opt/airflow/dags/monitoramento_principal.py
[2025-12-16T00:12:57.024+0000] {processor.py:830} INFO - Processing file /opt/airflow/dags/monitoramento_principal.py for tasks to queue
[2025-12-16T00:12:57.026+0000] {logging_mixin.py:188} INFO - [2025-12-16T00:12:57.025+0000] {dagbag.py:538} INFO - Filling up the DagBag from /opt/airflow/dags/monitoramento_principal.py
[2025-12-16T00:12:57.927+0000] {logging_mixin.py:188} INFO - [2025-12-16T00:12:57.908+0000] {dagbag.py:348} ERROR - Failed to import: /opt/airflow/dags/monitoramento_principal.py
Traceback (most recent call last):
  File "/home/airflow/.local/lib/python3.8/site-packages/airflow/models/dagbag.py", line 344, in parse
    loader.exec_module(new_module)
  File "<frozen importlib._bootstrap_external>", line 843, in exec_module
  File "<frozen importlib._bootstrap>", line 219, in _call_with_frames_removed
  File "/opt/airflow/dags/monitoramento_principal.py", line 15, in <module>
    from core.slack_notifier import SlackNotifier
  File "/opt/airflow/src/core/slack_notifier.py", line 9, in <module>
    from alert_manager import Alert, AlertSeverity
ModuleNotFoundError: No module named 'alert_manager'
[2025-12-16T00:12:57.930+0000] {processor.py:842} WARNING - No viable dags retrieved from /opt/airflow/dags/monitoramento_principal.py
[2025-12-16T00:12:57.950+0000] {processor.py:183} INFO - Processing /opt/airflow/dags/monitoramento_principal.py took 0.930 seconds
[2025-12-16T00:13:28.493+0000] {processor.py:161} INFO - Started process (PID=3674) to work on /opt/airflow/dags/monitoramento_principal.py
[2025-12-16T00:13:28.495+0000] {processor.py:830} INFO - Processing file /opt/airflow/dags/monitoramento_principal.py for tasks to queue
[2025-12-16T00:13:28.498+0000] {logging_mixin.py:188} INFO - [2025-12-16T00:13:28.497+0000] {dagbag.py:538} INFO - Filling up the DagBag from /opt/airflow/dags/monitoramento_principal.py
[2025-12-16T00:13:29.619+0000] {logging_mixin.py:188} INFO - [2025-12-16T00:13:29.608+0000] {dagbag.py:348} ERROR - Failed to import: /opt/airflow/dags/monitoramento_principal.py
Traceback (most recent call last):
  File "/home/airflow/.local/lib/python3.8/site-packages/airflow/models/dagbag.py", line 344, in parse
    loader.exec_module(new_module)
  File "<frozen importlib._bootstrap_external>", line 843, in exec_module
  File "<frozen importlib._bootstrap>", line 219, in _call_with_frames_removed
  File "/opt/airflow/dags/monitoramento_principal.py", line 15, in <module>
    from core.slack_notifier import SlackNotifier
  File "/opt/airflow/src/core/slack_notifier.py", line 9, in <module>
    from alert_manager import Alert, AlertSeverity
ModuleNotFoundError: No module named 'alert_manager'
[2025-12-16T00:13:29.622+0000] {processor.py:842} WARNING - No viable dags retrieved from /opt/airflow/dags/monitoramento_principal.py
[2025-12-16T00:13:29.647+0000] {processor.py:183} INFO - Processing /opt/airflow/dags/monitoramento_principal.py took 1.159 seconds
[2025-12-16T00:13:59.927+0000] {processor.py:161} INFO - Started process (PID=3694) to work on /opt/airflow/dags/monitoramento_principal.py
[2025-12-16T00:13:59.928+0000] {processor.py:830} INFO - Processing file /opt/airflow/dags/monitoramento_principal.py for tasks to queue
[2025-12-16T00:13:59.929+0000] {logging_mixin.py:188} INFO - [2025-12-16T00:13:59.929+0000] {dagbag.py:538} INFO - Filling up the DagBag from /opt/airflow/dags/monitoramento_principal.py
[2025-12-16T00:14:00.842+0000] {logging_mixin.py:188} INFO - [2025-12-16T00:14:00.823+0000] {dagbag.py:348} ERROR - Failed to import: /opt/airflow/dags/monitoramento_principal.py
Traceback (most recent call last):
  File "/home/airflow/.local/lib/python3.8/site-packages/airflow/models/dagbag.py", line 344, in parse
    loader.exec_module(new_module)
  File "<frozen importlib._bootstrap_external>", line 843, in exec_module
  File "<frozen importlib._bootstrap>", line 219, in _call_with_frames_removed
  File "/opt/airflow/dags/monitoramento_principal.py", line 15, in <module>
    from core.slack_notifier import SlackNotifier
  File "/opt/airflow/src/core/slack_notifier.py", line 9, in <module>
    from alert_manager import Alert, AlertSeverity
ModuleNotFoundError: No module named 'alert_manager'
[2025-12-16T00:14:00.847+0000] {processor.py:842} WARNING - No viable dags retrieved from /opt/airflow/dags/monitoramento_principal.py
[2025-12-16T00:14:00.868+0000] {processor.py:183} INFO - Processing /opt/airflow/dags/monitoramento_principal.py took 0.945 seconds
[2025-12-16T00:14:31.395+0000] {processor.py:161} INFO - Started process (PID=3714) to work on /opt/airflow/dags/monitoramento_principal.py
[2025-12-16T00:14:31.396+0000] {processor.py:830} INFO - Processing file /opt/airflow/dags/monitoramento_principal.py for tasks to queue
[2025-12-16T00:14:31.397+0000] {logging_mixin.py:188} INFO - [2025-12-16T00:14:31.397+0000] {dagbag.py:538} INFO - Filling up the DagBag from /opt/airflow/dags/monitoramento_principal.py
[2025-12-16T00:14:32.268+0000] {logging_mixin.py:188} INFO - [2025-12-16T00:14:32.247+0000] {dagbag.py:348} ERROR - Failed to import: /opt/airflow/dags/monitoramento_principal.py
Traceback (most recent call last):
  File "/home/airflow/.local/lib/python3.8/site-packages/airflow/models/dagbag.py", line 344, in parse
    loader.exec_module(new_module)
  File "<frozen importlib._bootstrap_external>", line 843, in exec_module
  File "<frozen importlib._bootstrap>", line 219, in _call_with_frames_removed
  File "/opt/airflow/dags/monitoramento_principal.py", line 15, in <module>
    from core.slack_notifier import SlackNotifier
  File "/opt/airflow/src/core/slack_notifier.py", line 9, in <module>
    from alert_manager import Alert, AlertSeverity
ModuleNotFoundError: No module named 'alert_manager'
[2025-12-16T00:14:32.271+0000] {processor.py:842} WARNING - No viable dags retrieved from /opt/airflow/dags/monitoramento_principal.py
[2025-12-16T00:14:32.290+0000] {processor.py:183} INFO - Processing /opt/airflow/dags/monitoramento_principal.py took 0.899 seconds
[2025-12-16T00:15:02.701+0000] {processor.py:161} INFO - Started process (PID=3734) to work on /opt/airflow/dags/monitoramento_principal.py
[2025-12-16T00:15:02.702+0000] {processor.py:830} INFO - Processing file /opt/airflow/dags/monitoramento_principal.py for tasks to queue
[2025-12-16T00:15:02.703+0000] {logging_mixin.py:188} INFO - [2025-12-16T00:15:02.703+0000] {dagbag.py:538} INFO - Filling up the DagBag from /opt/airflow/dags/monitoramento_principal.py
[2025-12-16T00:15:03.552+0000] {logging_mixin.py:188} INFO - [2025-12-16T00:15:03.540+0000] {dagbag.py:348} ERROR - Failed to import: /opt/airflow/dags/monitoramento_principal.py
Traceback (most recent call last):
  File "/home/airflow/.local/lib/python3.8/site-packages/airflow/models/dagbag.py", line 344, in parse
    loader.exec_module(new_module)
  File "<frozen importlib._bootstrap_external>", line 843, in exec_module
  File "<frozen importlib._bootstrap>", line 219, in _call_with_frames_removed
  File "/opt/airflow/dags/monitoramento_principal.py", line 15, in <module>
    from core.slack_notifier import SlackNotifier
  File "/opt/airflow/src/core/slack_notifier.py", line 9, in <module>
    from alert_manager import Alert, AlertSeverity
ModuleNotFoundError: No module named 'alert_manager'
[2025-12-16T00:15:03.554+0000] {processor.py:842} WARNING - No viable dags retrieved from /opt/airflow/dags/monitoramento_principal.py
[2025-12-16T00:15:03.570+0000] {processor.py:183} INFO - Processing /opt/airflow/dags/monitoramento_principal.py took 0.872 seconds
[2025-12-16T00:15:34.040+0000] {processor.py:161} INFO - Started process (PID=3765) to work on /opt/airflow/dags/monitoramento_principal.py
[2025-12-16T00:15:34.041+0000] {processor.py:830} INFO - Processing file /opt/airflow/dags/monitoramento_principal.py for tasks to queue
[2025-12-16T00:15:34.042+0000] {logging_mixin.py:188} INFO - [2025-12-16T00:15:34.042+0000] {dagbag.py:538} INFO - Filling up the DagBag from /opt/airflow/dags/monitoramento_principal.py
[2025-12-16T00:15:35.036+0000] {logging_mixin.py:188} INFO - [2025-12-16T00:15:35.022+0000] {dagbag.py:348} ERROR - Failed to import: /opt/airflow/dags/monitoramento_principal.py
Traceback (most recent call last):
  File "/home/airflow/.local/lib/python3.8/site-packages/airflow/models/dagbag.py", line 344, in parse
    loader.exec_module(new_module)
  File "<frozen importlib._bootstrap_external>", line 843, in exec_module
  File "<frozen importlib._bootstrap>", line 219, in _call_with_frames_removed
  File "/opt/airflow/dags/monitoramento_principal.py", line 15, in <module>
    from core.slack_notifier import SlackNotifier
  File "/opt/airflow/src/core/slack_notifier.py", line 9, in <module>
    from alert_manager import Alert, AlertSeverity
ModuleNotFoundError: No module named 'alert_manager'
[2025-12-16T00:15:35.039+0000] {processor.py:842} WARNING - No viable dags retrieved from /opt/airflow/dags/monitoramento_principal.py
[2025-12-16T00:15:35.056+0000] {processor.py:183} INFO - Processing /opt/airflow/dags/monitoramento_principal.py took 1.020 seconds
[2025-12-16T00:16:05.445+0000] {processor.py:161} INFO - Started process (PID=3785) to work on /opt/airflow/dags/monitoramento_principal.py
[2025-12-16T00:16:05.447+0000] {processor.py:830} INFO - Processing file /opt/airflow/dags/monitoramento_principal.py for tasks to queue
[2025-12-16T00:16:05.448+0000] {logging_mixin.py:188} INFO - [2025-12-16T00:16:05.448+0000] {dagbag.py:538} INFO - Filling up the DagBag from /opt/airflow/dags/monitoramento_principal.py
[2025-12-16T00:16:06.354+0000] {logging_mixin.py:188} INFO - [2025-12-16T00:16:06.346+0000] {dagbag.py:348} ERROR - Failed to import: /opt/airflow/dags/monitoramento_principal.py
Traceback (most recent call last):
  File "/home/airflow/.local/lib/python3.8/site-packages/airflow/models/dagbag.py", line 344, in parse
    loader.exec_module(new_module)
  File "<frozen importlib._bootstrap_external>", line 843, in exec_module
  File "<frozen importlib._bootstrap>", line 219, in _call_with_frames_removed
  File "/opt/airflow/dags/monitoramento_principal.py", line 15, in <module>
    from core.slack_notifier import SlackNotifier
  File "/opt/airflow/src/core/slack_notifier.py", line 9, in <module>
    from alert_manager import Alert, AlertSeverity
ModuleNotFoundError: No module named 'alert_manager'
[2025-12-16T00:16:06.357+0000] {processor.py:842} WARNING - No viable dags retrieved from /opt/airflow/dags/monitoramento_principal.py
[2025-12-16T00:16:06.378+0000] {processor.py:183} INFO - Processing /opt/airflow/dags/monitoramento_principal.py took 0.936 seconds
[2025-12-16T00:16:36.832+0000] {processor.py:161} INFO - Started process (PID=3805) to work on /opt/airflow/dags/monitoramento_principal.py
[2025-12-16T00:16:36.833+0000] {processor.py:830} INFO - Processing file /opt/airflow/dags/monitoramento_principal.py for tasks to queue
[2025-12-16T00:16:36.835+0000] {logging_mixin.py:188} INFO - [2025-12-16T00:16:36.834+0000] {dagbag.py:538} INFO - Filling up the DagBag from /opt/airflow/dags/monitoramento_principal.py
[2025-12-16T00:16:37.743+0000] {logging_mixin.py:188} INFO - [2025-12-16T00:16:37.731+0000] {dagbag.py:348} ERROR - Failed to import: /opt/airflow/dags/monitoramento_principal.py
Traceback (most recent call last):
  File "/home/airflow/.local/lib/python3.8/site-packages/airflow/models/dagbag.py", line 344, in parse
    loader.exec_module(new_module)
  File "<frozen importlib._bootstrap_external>", line 843, in exec_module
  File "<frozen importlib._bootstrap>", line 219, in _call_with_frames_removed
  File "/opt/airflow/dags/monitoramento_principal.py", line 15, in <module>
    from core.slack_notifier import SlackNotifier
  File "/opt/airflow/src/core/slack_notifier.py", line 9, in <module>
    from alert_manager import Alert, AlertSeverity
ModuleNotFoundError: No module named 'alert_manager'
[2025-12-16T00:16:37.746+0000] {processor.py:842} WARNING - No viable dags retrieved from /opt/airflow/dags/monitoramento_principal.py
[2025-12-16T00:16:37.765+0000] {processor.py:183} INFO - Processing /opt/airflow/dags/monitoramento_principal.py took 0.939 seconds
[2025-12-16T00:17:08.172+0000] {processor.py:161} INFO - Started process (PID=3825) to work on /opt/airflow/dags/monitoramento_principal.py
[2025-12-16T00:17:08.174+0000] {processor.py:830} INFO - Processing file /opt/airflow/dags/monitoramento_principal.py for tasks to queue
[2025-12-16T00:17:08.175+0000] {logging_mixin.py:188} INFO - [2025-12-16T00:17:08.175+0000] {dagbag.py:538} INFO - Filling up the DagBag from /opt/airflow/dags/monitoramento_principal.py
[2025-12-16T00:17:09.089+0000] {logging_mixin.py:188} INFO - [2025-12-16T00:17:09.064+0000] {dagbag.py:348} ERROR - Failed to import: /opt/airflow/dags/monitoramento_principal.py
Traceback (most recent call last):
  File "/home/airflow/.local/lib/python3.8/site-packages/airflow/models/dagbag.py", line 344, in parse
    loader.exec_module(new_module)
  File "<frozen importlib._bootstrap_external>", line 843, in exec_module
  File "<frozen importlib._bootstrap>", line 219, in _call_with_frames_removed
  File "/opt/airflow/dags/monitoramento_principal.py", line 15, in <module>
    from core.slack_notifier import SlackNotifier
  File "/opt/airflow/src/core/slack_notifier.py", line 9, in <module>
    from alert_manager import Alert, AlertSeverity
ModuleNotFoundError: No module named 'alert_manager'
[2025-12-16T00:17:09.095+0000] {processor.py:842} WARNING - No viable dags retrieved from /opt/airflow/dags/monitoramento_principal.py
[2025-12-16T00:17:09.122+0000] {processor.py:183} INFO - Processing /opt/airflow/dags/monitoramento_principal.py took 0.954 seconds
[2025-12-16T00:17:39.627+0000] {processor.py:161} INFO - Started process (PID=3845) to work on /opt/airflow/dags/monitoramento_principal.py
[2025-12-16T00:17:39.628+0000] {processor.py:830} INFO - Processing file /opt/airflow/dags/monitoramento_principal.py for tasks to queue
[2025-12-16T00:17:39.629+0000] {logging_mixin.py:188} INFO - [2025-12-16T00:17:39.629+0000] {dagbag.py:538} INFO - Filling up the DagBag from /opt/airflow/dags/monitoramento_principal.py
[2025-12-16T00:17:40.403+0000] {logging_mixin.py:188} INFO - [2025-12-16T00:17:40.392+0000] {dagbag.py:348} ERROR - Failed to import: /opt/airflow/dags/monitoramento_principal.py
Traceback (most recent call last):
  File "/home/airflow/.local/lib/python3.8/site-packages/airflow/models/dagbag.py", line 344, in parse
    loader.exec_module(new_module)
  File "<frozen importlib._bootstrap_external>", line 843, in exec_module
  File "<frozen importlib._bootstrap>", line 219, in _call_with_frames_removed
  File "/opt/airflow/dags/monitoramento_principal.py", line 15, in <module>
    from core.slack_notifier import SlackNotifier
  File "/opt/airflow/src/core/slack_notifier.py", line 9, in <module>
    from alert_manager import Alert, AlertSeverity
ModuleNotFoundError: No module named 'alert_manager'
[2025-12-16T00:17:40.406+0000] {processor.py:842} WARNING - No viable dags retrieved from /opt/airflow/dags/monitoramento_principal.py
[2025-12-16T00:17:40.428+0000] {processor.py:183} INFO - Processing /opt/airflow/dags/monitoramento_principal.py took 0.803 seconds
[2025-12-16T00:18:10.886+0000] {processor.py:161} INFO - Started process (PID=3865) to work on /opt/airflow/dags/monitoramento_principal.py
[2025-12-16T00:18:10.888+0000] {processor.py:830} INFO - Processing file /opt/airflow/dags/monitoramento_principal.py for tasks to queue
[2025-12-16T00:18:10.889+0000] {logging_mixin.py:188} INFO - [2025-12-16T00:18:10.889+0000] {dagbag.py:538} INFO - Filling up the DagBag from /opt/airflow/dags/monitoramento_principal.py
[2025-12-16T00:18:11.640+0000] {logging_mixin.py:188} INFO - [2025-12-16T00:18:11.628+0000] {dagbag.py:348} ERROR - Failed to import: /opt/airflow/dags/monitoramento_principal.py
Traceback (most recent call last):
  File "/home/airflow/.local/lib/python3.8/site-packages/airflow/models/dagbag.py", line 344, in parse
    loader.exec_module(new_module)
  File "<frozen importlib._bootstrap_external>", line 843, in exec_module
  File "<frozen importlib._bootstrap>", line 219, in _call_with_frames_removed
  File "/opt/airflow/dags/monitoramento_principal.py", line 15, in <module>
    from core.slack_notifier import SlackNotifier
  File "/opt/airflow/src/core/slack_notifier.py", line 9, in <module>
    from alert_manager import Alert, AlertSeverity
ModuleNotFoundError: No module named 'alert_manager'
[2025-12-16T00:18:11.644+0000] {processor.py:842} WARNING - No viable dags retrieved from /opt/airflow/dags/monitoramento_principal.py
[2025-12-16T00:18:11.665+0000] {processor.py:183} INFO - Processing /opt/airflow/dags/monitoramento_principal.py took 0.782 seconds
[2025-12-16T00:18:42.110+0000] {processor.py:161} INFO - Started process (PID=3884) to work on /opt/airflow/dags/monitoramento_principal.py
[2025-12-16T00:18:42.111+0000] {processor.py:830} INFO - Processing file /opt/airflow/dags/monitoramento_principal.py for tasks to queue
[2025-12-16T00:18:42.112+0000] {logging_mixin.py:188} INFO - [2025-12-16T00:18:42.112+0000] {dagbag.py:538} INFO - Filling up the DagBag from /opt/airflow/dags/monitoramento_principal.py
[2025-12-16T00:18:42.865+0000] {logging_mixin.py:188} INFO - [2025-12-16T00:18:42.853+0000] {dagbag.py:348} ERROR - Failed to import: /opt/airflow/dags/monitoramento_principal.py
Traceback (most recent call last):
  File "/home/airflow/.local/lib/python3.8/site-packages/airflow/models/dagbag.py", line 344, in parse
    loader.exec_module(new_module)
  File "<frozen importlib._bootstrap_external>", line 843, in exec_module
  File "<frozen importlib._bootstrap>", line 219, in _call_with_frames_removed
  File "/opt/airflow/dags/monitoramento_principal.py", line 15, in <module>
    from core.slack_notifier import SlackNotifier
  File "/opt/airflow/src/core/slack_notifier.py", line 9, in <module>
    from alert_manager import Alert, AlertSeverity
ModuleNotFoundError: No module named 'alert_manager'
[2025-12-16T00:18:42.866+0000] {processor.py:842} WARNING - No viable dags retrieved from /opt/airflow/dags/monitoramento_principal.py
[2025-12-16T00:18:42.882+0000] {processor.py:183} INFO - Processing /opt/airflow/dags/monitoramento_principal.py took 0.776 seconds
[2025-12-16T00:19:13.248+0000] {processor.py:161} INFO - Started process (PID=3904) to work on /opt/airflow/dags/monitoramento_principal.py
[2025-12-16T00:19:13.249+0000] {processor.py:830} INFO - Processing file /opt/airflow/dags/monitoramento_principal.py for tasks to queue
[2025-12-16T00:19:13.250+0000] {logging_mixin.py:188} INFO - [2025-12-16T00:19:13.250+0000] {dagbag.py:538} INFO - Filling up the DagBag from /opt/airflow/dags/monitoramento_principal.py
[2025-12-16T00:19:14.056+0000] {logging_mixin.py:188} INFO - [2025-12-16T00:19:14.039+0000] {dagbag.py:348} ERROR - Failed to import: /opt/airflow/dags/monitoramento_principal.py
Traceback (most recent call last):
  File "/home/airflow/.local/lib/python3.8/site-packages/airflow/models/dagbag.py", line 344, in parse
    loader.exec_module(new_module)
  File "<frozen importlib._bootstrap_external>", line 843, in exec_module
  File "<frozen importlib._bootstrap>", line 219, in _call_with_frames_removed
  File "/opt/airflow/dags/monitoramento_principal.py", line 15, in <module>
    from core.slack_notifier import SlackNotifier
  File "/opt/airflow/src/core/slack_notifier.py", line 9, in <module>
    from alert_manager import Alert, AlertSeverity
ModuleNotFoundError: No module named 'alert_manager'
[2025-12-16T00:19:14.060+0000] {processor.py:842} WARNING - No viable dags retrieved from /opt/airflow/dags/monitoramento_principal.py
[2025-12-16T00:19:14.082+0000] {processor.py:183} INFO - Processing /opt/airflow/dags/monitoramento_principal.py took 0.837 seconds
[2025-12-16T00:19:44.450+0000] {processor.py:161} INFO - Started process (PID=3924) to work on /opt/airflow/dags/monitoramento_principal.py
[2025-12-16T00:19:44.451+0000] {processor.py:830} INFO - Processing file /opt/airflow/dags/monitoramento_principal.py for tasks to queue
[2025-12-16T00:19:44.452+0000] {logging_mixin.py:188} INFO - [2025-12-16T00:19:44.452+0000] {dagbag.py:538} INFO - Filling up the DagBag from /opt/airflow/dags/monitoramento_principal.py
[2025-12-16T00:19:45.262+0000] {logging_mixin.py:188} INFO - [2025-12-16T00:19:45.239+0000] {dagbag.py:348} ERROR - Failed to import: /opt/airflow/dags/monitoramento_principal.py
Traceback (most recent call last):
  File "/home/airflow/.local/lib/python3.8/site-packages/airflow/models/dagbag.py", line 344, in parse
    loader.exec_module(new_module)
  File "<frozen importlib._bootstrap_external>", line 843, in exec_module
  File "<frozen importlib._bootstrap>", line 219, in _call_with_frames_removed
  File "/opt/airflow/dags/monitoramento_principal.py", line 15, in <module>
    from core.slack_notifier import SlackNotifier
  File "/opt/airflow/src/core/slack_notifier.py", line 9, in <module>
    from alert_manager import Alert, AlertSeverity
ModuleNotFoundError: No module named 'alert_manager'
[2025-12-16T00:19:45.267+0000] {processor.py:842} WARNING - No viable dags retrieved from /opt/airflow/dags/monitoramento_principal.py
[2025-12-16T00:19:45.286+0000] {processor.py:183} INFO - Processing /opt/airflow/dags/monitoramento_principal.py took 0.839 seconds
[2025-12-16T00:20:15.695+0000] {processor.py:161} INFO - Started process (PID=3944) to work on /opt/airflow/dags/monitoramento_principal.py
[2025-12-16T00:20:15.696+0000] {processor.py:830} INFO - Processing file /opt/airflow/dags/monitoramento_principal.py for tasks to queue
[2025-12-16T00:20:15.697+0000] {logging_mixin.py:188} INFO - [2025-12-16T00:20:15.697+0000] {dagbag.py:538} INFO - Filling up the DagBag from /opt/airflow/dags/monitoramento_principal.py
[2025-12-16T00:20:16.490+0000] {logging_mixin.py:188} INFO - [2025-12-16T00:20:16.475+0000] {dagbag.py:348} ERROR - Failed to import: /opt/airflow/dags/monitoramento_principal.py
Traceback (most recent call last):
  File "/home/airflow/.local/lib/python3.8/site-packages/airflow/models/dagbag.py", line 344, in parse
    loader.exec_module(new_module)
  File "<frozen importlib._bootstrap_external>", line 843, in exec_module
  File "<frozen importlib._bootstrap>", line 219, in _call_with_frames_removed
  File "/opt/airflow/dags/monitoramento_principal.py", line 15, in <module>
    from core.slack_notifier import SlackNotifier
  File "/opt/airflow/src/core/slack_notifier.py", line 9, in <module>
    from alert_manager import Alert, AlertSeverity
ModuleNotFoundError: No module named 'alert_manager'
[2025-12-16T00:20:16.493+0000] {processor.py:842} WARNING - No viable dags retrieved from /opt/airflow/dags/monitoramento_principal.py
[2025-12-16T00:20:16.515+0000] {processor.py:183} INFO - Processing /opt/airflow/dags/monitoramento_principal.py took 0.823 seconds
[2025-12-16T00:20:46.971+0000] {processor.py:161} INFO - Started process (PID=3964) to work on /opt/airflow/dags/monitoramento_principal.py
[2025-12-16T00:20:46.973+0000] {processor.py:830} INFO - Processing file /opt/airflow/dags/monitoramento_principal.py for tasks to queue
[2025-12-16T00:20:46.974+0000] {logging_mixin.py:188} INFO - [2025-12-16T00:20:46.973+0000] {dagbag.py:538} INFO - Filling up the DagBag from /opt/airflow/dags/monitoramento_principal.py
[2025-12-16T00:20:48.008+0000] {logging_mixin.py:188} INFO - [2025-12-16T00:20:48.000+0000] {dagbag.py:348} ERROR - Failed to import: /opt/airflow/dags/monitoramento_principal.py
Traceback (most recent call last):
  File "/home/airflow/.local/lib/python3.8/site-packages/airflow/models/dagbag.py", line 344, in parse
    loader.exec_module(new_module)
  File "<frozen importlib._bootstrap_external>", line 843, in exec_module
  File "<frozen importlib._bootstrap>", line 219, in _call_with_frames_removed
  File "/opt/airflow/dags/monitoramento_principal.py", line 15, in <module>
    from core.slack_notifier import SlackNotifier
  File "/opt/airflow/src/core/slack_notifier.py", line 9, in <module>
    from alert_manager import Alert, AlertSeverity
ModuleNotFoundError: No module named 'alert_manager'
[2025-12-16T00:20:48.009+0000] {processor.py:842} WARNING - No viable dags retrieved from /opt/airflow/dags/monitoramento_principal.py
[2025-12-16T00:20:48.032+0000] {processor.py:183} INFO - Processing /opt/airflow/dags/monitoramento_principal.py took 1.065 seconds
[2025-12-16T00:21:18.467+0000] {processor.py:161} INFO - Started process (PID=3984) to work on /opt/airflow/dags/monitoramento_principal.py
[2025-12-16T00:21:18.468+0000] {processor.py:830} INFO - Processing file /opt/airflow/dags/monitoramento_principal.py for tasks to queue
[2025-12-16T00:21:18.469+0000] {logging_mixin.py:188} INFO - [2025-12-16T00:21:18.469+0000] {dagbag.py:538} INFO - Filling up the DagBag from /opt/airflow/dags/monitoramento_principal.py
[2025-12-16T00:21:19.292+0000] {logging_mixin.py:188} INFO - [2025-12-16T00:21:19.281+0000] {dagbag.py:348} ERROR - Failed to import: /opt/airflow/dags/monitoramento_principal.py
Traceback (most recent call last):
  File "/home/airflow/.local/lib/python3.8/site-packages/airflow/models/dagbag.py", line 344, in parse
    loader.exec_module(new_module)
  File "<frozen importlib._bootstrap_external>", line 843, in exec_module
  File "<frozen importlib._bootstrap>", line 219, in _call_with_frames_removed
  File "/opt/airflow/dags/monitoramento_principal.py", line 15, in <module>
    from core.slack_notifier import SlackNotifier
  File "/opt/airflow/src/core/slack_notifier.py", line 14, in <module>
    class SlackNotifier:
  File "/opt/airflow/src/core/slack_notifier.py", line 16, in SlackNotifier
    AlertSeverity.INFO: {
NameError: name 'AlertSeverity' is not defined
[2025-12-16T00:21:19.294+0000] {processor.py:842} WARNING - No viable dags retrieved from /opt/airflow/dags/monitoramento_principal.py
[2025-12-16T00:21:19.318+0000] {processor.py:183} INFO - Processing /opt/airflow/dags/monitoramento_principal.py took 0.853 seconds
[2025-12-16T00:21:49.704+0000] {processor.py:161} INFO - Started process (PID=4004) to work on /opt/airflow/dags/monitoramento_principal.py
[2025-12-16T00:21:49.707+0000] {processor.py:830} INFO - Processing file /opt/airflow/dags/monitoramento_principal.py for tasks to queue
[2025-12-16T00:21:49.708+0000] {logging_mixin.py:188} INFO - [2025-12-16T00:21:49.708+0000] {dagbag.py:538} INFO - Filling up the DagBag from /opt/airflow/dags/monitoramento_principal.py
[2025-12-16T00:21:50.769+0000] {logging_mixin.py:188} INFO - [2025-12-16T00:21:50.743+0000] {dagbag.py:348} ERROR - Failed to import: /opt/airflow/dags/monitoramento_principal.py
Traceback (most recent call last):
  File "/home/airflow/.local/lib/python3.8/site-packages/airflow/models/dagbag.py", line 344, in parse
    loader.exec_module(new_module)
  File "<frozen importlib._bootstrap_external>", line 843, in exec_module
  File "<frozen importlib._bootstrap>", line 219, in _call_with_frames_removed
  File "/opt/airflow/dags/monitoramento_principal.py", line 15, in <module>
    from core.slack_notifier import SlackNotifier
  File "/opt/airflow/src/core/slack_notifier.py", line 9, in <module>
    from core.alert_manager import Alert, AlertSeverity
  File "/opt/airflow/src/core/alert_manager.py", line 49, in <module>
    class AlertRateLimiter:
  File "/opt/airflow/src/core/alert_manager.py", line 59, in AlertRateLimiter
    def can_send_alert(self, alert_key: str) -> tuple[bool, str]:
TypeError: 'type' object is not subscriptable
[2025-12-16T00:21:50.772+0000] {processor.py:842} WARNING - No viable dags retrieved from /opt/airflow/dags/monitoramento_principal.py
[2025-12-16T00:21:50.791+0000] {processor.py:183} INFO - Processing /opt/airflow/dags/monitoramento_principal.py took 1.090 seconds
[2025-12-16T00:22:21.146+0000] {processor.py:161} INFO - Started process (PID=4024) to work on /opt/airflow/dags/monitoramento_principal.py
[2025-12-16T00:22:21.148+0000] {processor.py:830} INFO - Processing file /opt/airflow/dags/monitoramento_principal.py for tasks to queue
[2025-12-16T00:22:21.151+0000] {logging_mixin.py:188} INFO - [2025-12-16T00:22:21.150+0000] {dagbag.py:538} INFO - Filling up the DagBag from /opt/airflow/dags/monitoramento_principal.py
[2025-12-16T00:22:22.058+0000] {logging_mixin.py:188} INFO - [2025-12-16T00:22:22.033+0000] {dagbag.py:348} ERROR - Failed to import: /opt/airflow/dags/monitoramento_principal.py
Traceback (most recent call last):
  File "/home/airflow/.local/lib/python3.8/site-packages/airflow/models/dagbag.py", line 344, in parse
    loader.exec_module(new_module)
  File "<frozen importlib._bootstrap_external>", line 843, in exec_module
  File "<frozen importlib._bootstrap>", line 219, in _call_with_frames_removed
  File "/opt/airflow/dags/monitoramento_principal.py", line 15, in <module>
    from core.slack_notifier import SlackNotifier
  File "/opt/airflow/src/core/slack_notifier.py", line 9, in <module>
    from core.alert_manager import Alert, AlertSeverity
  File "/opt/airflow/src/core/alert_manager.py", line 49, in <module>
    class AlertRateLimiter:
  File "/opt/airflow/src/core/alert_manager.py", line 59, in AlertRateLimiter
    def can_send_alert(self, alert_key: str) -> tuple[bool, str]:
TypeError: 'type' object is not subscriptable
[2025-12-16T00:22:22.062+0000] {processor.py:842} WARNING - No viable dags retrieved from /opt/airflow/dags/monitoramento_principal.py
[2025-12-16T00:22:22.086+0000] {processor.py:183} INFO - Processing /opt/airflow/dags/monitoramento_principal.py took 0.950 seconds
[2025-12-16T00:22:52.590+0000] {processor.py:161} INFO - Started process (PID=4044) to work on /opt/airflow/dags/monitoramento_principal.py
[2025-12-16T00:22:52.591+0000] {processor.py:830} INFO - Processing file /opt/airflow/dags/monitoramento_principal.py for tasks to queue
[2025-12-16T00:22:52.593+0000] {logging_mixin.py:188} INFO - [2025-12-16T00:22:52.592+0000] {dagbag.py:538} INFO - Filling up the DagBag from /opt/airflow/dags/monitoramento_principal.py
[2025-12-16T00:22:53.411+0000] {logging_mixin.py:188} INFO - [2025-12-16T00:22:53.399+0000] {dagbag.py:348} ERROR - Failed to import: /opt/airflow/dags/monitoramento_principal.py
Traceback (most recent call last):
  File "/home/airflow/.local/lib/python3.8/site-packages/airflow/models/dagbag.py", line 344, in parse
    loader.exec_module(new_module)
  File "<frozen importlib._bootstrap_external>", line 843, in exec_module
  File "<frozen importlib._bootstrap>", line 219, in _call_with_frames_removed
  File "/opt/airflow/dags/monitoramento_principal.py", line 15, in <module>
    from core.slack_notifier import SlackNotifier
  File "/opt/airflow/src/core/slack_notifier.py", line 9, in <module>
    from core.alert_manager import Alert, AlertSeverity
  File "/opt/airflow/src/core/alert_manager.py", line 49, in <module>
    class AlertRateLimiter:
  File "/opt/airflow/src/core/alert_manager.py", line 59, in AlertRateLimiter
    def can_send_alert(self, alert_key: str) -> tuple[bool, str]:
TypeError: 'type' object is not subscriptable
[2025-12-16T00:22:53.412+0000] {processor.py:842} WARNING - No viable dags retrieved from /opt/airflow/dags/monitoramento_principal.py
[2025-12-16T00:22:53.427+0000] {processor.py:183} INFO - Processing /opt/airflow/dags/monitoramento_principal.py took 0.841 seconds
[2025-12-16T00:23:23.970+0000] {processor.py:161} INFO - Started process (PID=4064) to work on /opt/airflow/dags/monitoramento_principal.py
[2025-12-16T00:23:23.971+0000] {processor.py:830} INFO - Processing file /opt/airflow/dags/monitoramento_principal.py for tasks to queue
[2025-12-16T00:23:23.973+0000] {logging_mixin.py:188} INFO - [2025-12-16T00:23:23.972+0000] {dagbag.py:538} INFO - Filling up the DagBag from /opt/airflow/dags/monitoramento_principal.py
[2025-12-16T00:23:24.930+0000] {logging_mixin.py:188} INFO - [2025-12-16T00:23:24.908+0000] {dagbag.py:348} ERROR - Failed to import: /opt/airflow/dags/monitoramento_principal.py
Traceback (most recent call last):
  File "/home/airflow/.local/lib/python3.8/site-packages/airflow/models/dagbag.py", line 344, in parse
    loader.exec_module(new_module)
  File "<frozen importlib._bootstrap_external>", line 843, in exec_module
  File "<frozen importlib._bootstrap>", line 219, in _call_with_frames_removed
  File "/opt/airflow/dags/monitoramento_principal.py", line 15, in <module>
    from core.slack_notifier import SlackNotifier
  File "/opt/airflow/src/core/slack_notifier.py", line 9, in <module>
    from core.alert_manager import Alert, AlertSeverity
  File "/opt/airflow/src/core/alert_manager.py", line 49, in <module>
    class AlertRateLimiter:
  File "/opt/airflow/src/core/alert_manager.py", line 59, in AlertRateLimiter
    def can_send_alert(self, alert_key: str) -> tuple[bool, str]:
TypeError: 'type' object is not subscriptable
[2025-12-16T00:23:24.933+0000] {processor.py:842} WARNING - No viable dags retrieved from /opt/airflow/dags/monitoramento_principal.py
[2025-12-16T00:23:24.953+0000] {processor.py:183} INFO - Processing /opt/airflow/dags/monitoramento_principal.py took 0.986 seconds
[2025-12-16T00:23:55.345+0000] {processor.py:161} INFO - Started process (PID=4085) to work on /opt/airflow/dags/monitoramento_principal.py
[2025-12-16T00:23:55.346+0000] {processor.py:830} INFO - Processing file /opt/airflow/dags/monitoramento_principal.py for tasks to queue
[2025-12-16T00:23:55.347+0000] {logging_mixin.py:188} INFO - [2025-12-16T00:23:55.347+0000] {dagbag.py:538} INFO - Filling up the DagBag from /opt/airflow/dags/monitoramento_principal.py
[2025-12-16T00:23:56.150+0000] {logging_mixin.py:188} INFO - [2025-12-16T00:23:56.130+0000] {dagbag.py:348} ERROR - Failed to import: /opt/airflow/dags/monitoramento_principal.py
Traceback (most recent call last):
  File "/home/airflow/.local/lib/python3.8/site-packages/airflow/models/dagbag.py", line 344, in parse
    loader.exec_module(new_module)
  File "<frozen importlib._bootstrap_external>", line 843, in exec_module
  File "<frozen importlib._bootstrap>", line 219, in _call_with_frames_removed
  File "/opt/airflow/dags/monitoramento_principal.py", line 15, in <module>
    from core.slack_notifier import SlackNotifier
  File "/opt/airflow/src/core/slack_notifier.py", line 9, in <module>
    from core.alert_manager import Alert, AlertSeverity
  File "/opt/airflow/src/core/alert_manager.py", line 49, in <module>
    class AlertRateLimiter:
  File "/opt/airflow/src/core/alert_manager.py", line 59, in AlertRateLimiter
    def can_send_alert(self, alert_key: str) -> tuple[bool, str]:
TypeError: 'type' object is not subscriptable
[2025-12-16T00:23:56.153+0000] {processor.py:842} WARNING - No viable dags retrieved from /opt/airflow/dags/monitoramento_principal.py
[2025-12-16T00:23:56.178+0000] {processor.py:183} INFO - Processing /opt/airflow/dags/monitoramento_principal.py took 0.837 seconds
[2025-12-16T00:24:26.621+0000] {processor.py:161} INFO - Started process (PID=4105) to work on /opt/airflow/dags/monitoramento_principal.py
[2025-12-16T00:24:26.623+0000] {processor.py:830} INFO - Processing file /opt/airflow/dags/monitoramento_principal.py for tasks to queue
[2025-12-16T00:24:26.624+0000] {logging_mixin.py:188} INFO - [2025-12-16T00:24:26.624+0000] {dagbag.py:538} INFO - Filling up the DagBag from /opt/airflow/dags/monitoramento_principal.py
[2025-12-16T00:24:27.511+0000] {logging_mixin.py:188} INFO - [2025-12-16T00:24:27.483+0000] {dagbag.py:348} ERROR - Failed to import: /opt/airflow/dags/monitoramento_principal.py
Traceback (most recent call last):
  File "/home/airflow/.local/lib/python3.8/site-packages/airflow/models/dagbag.py", line 344, in parse
    loader.exec_module(new_module)
  File "<frozen importlib._bootstrap_external>", line 843, in exec_module
  File "<frozen importlib._bootstrap>", line 219, in _call_with_frames_removed
  File "/opt/airflow/dags/monitoramento_principal.py", line 15, in <module>
    from core.slack_notifier import SlackNotifier
  File "/opt/airflow/src/core/slack_notifier.py", line 9, in <module>
    from core.alert_manager import Alert, AlertSeverity
  File "/opt/airflow/src/core/alert_manager.py", line 49, in <module>
    class AlertRateLimiter:
  File "/opt/airflow/src/core/alert_manager.py", line 59, in AlertRateLimiter
    def can_send_alert(self, alert_key: str) -> tuple[bool, str]:
TypeError: 'type' object is not subscriptable
[2025-12-16T00:24:27.513+0000] {processor.py:842} WARNING - No viable dags retrieved from /opt/airflow/dags/monitoramento_principal.py
[2025-12-16T00:24:27.534+0000] {processor.py:183} INFO - Processing /opt/airflow/dags/monitoramento_principal.py took 0.917 seconds
[2025-12-16T00:24:57.939+0000] {processor.py:161} INFO - Started process (PID=4125) to work on /opt/airflow/dags/monitoramento_principal.py
[2025-12-16T00:24:57.940+0000] {processor.py:830} INFO - Processing file /opt/airflow/dags/monitoramento_principal.py for tasks to queue
[2025-12-16T00:24:57.942+0000] {logging_mixin.py:188} INFO - [2025-12-16T00:24:57.942+0000] {dagbag.py:538} INFO - Filling up the DagBag from /opt/airflow/dags/monitoramento_principal.py
[2025-12-16T00:24:58.868+0000] {logging_mixin.py:188} INFO - [2025-12-16T00:24:58.855+0000] {dagbag.py:348} ERROR - Failed to import: /opt/airflow/dags/monitoramento_principal.py
Traceback (most recent call last):
  File "/home/airflow/.local/lib/python3.8/site-packages/airflow/models/dagbag.py", line 344, in parse
    loader.exec_module(new_module)
  File "<frozen importlib._bootstrap_external>", line 843, in exec_module
  File "<frozen importlib._bootstrap>", line 219, in _call_with_frames_removed
  File "/opt/airflow/dags/monitoramento_principal.py", line 15, in <module>
    from core.slack_notifier import SlackNotifier
  File "/opt/airflow/src/core/slack_notifier.py", line 9, in <module>
    from core.alert_manager import Alert, AlertSeverity
  File "/opt/airflow/src/core/alert_manager.py", line 49, in <module>
    class AlertRateLimiter:
  File "/opt/airflow/src/core/alert_manager.py", line 59, in AlertRateLimiter
    def can_send_alert(self, alert_key: str) -> tuple[bool, str]:
TypeError: 'type' object is not subscriptable
[2025-12-16T00:24:58.869+0000] {processor.py:842} WARNING - No viable dags retrieved from /opt/airflow/dags/monitoramento_principal.py
[2025-12-16T00:24:58.890+0000] {processor.py:183} INFO - Processing /opt/airflow/dags/monitoramento_principal.py took 0.955 seconds
[2025-12-16T00:25:29.382+0000] {processor.py:161} INFO - Started process (PID=4145) to work on /opt/airflow/dags/monitoramento_principal.py
[2025-12-16T00:25:29.383+0000] {processor.py:830} INFO - Processing file /opt/airflow/dags/monitoramento_principal.py for tasks to queue
[2025-12-16T00:25:29.384+0000] {logging_mixin.py:188} INFO - [2025-12-16T00:25:29.384+0000] {dagbag.py:538} INFO - Filling up the DagBag from /opt/airflow/dags/monitoramento_principal.py
[2025-12-16T00:25:30.335+0000] {logging_mixin.py:188} INFO - [2025-12-16T00:25:30.324+0000] {dagbag.py:348} ERROR - Failed to import: /opt/airflow/dags/monitoramento_principal.py
Traceback (most recent call last):
  File "/home/airflow/.local/lib/python3.8/site-packages/airflow/models/dagbag.py", line 344, in parse
    loader.exec_module(new_module)
  File "<frozen importlib._bootstrap_external>", line 843, in exec_module
  File "<frozen importlib._bootstrap>", line 219, in _call_with_frames_removed
  File "/opt/airflow/dags/monitoramento_principal.py", line 15, in <module>
    from core.slack_notifier import SlackNotifier
  File "/opt/airflow/src/core/slack_notifier.py", line 9, in <module>
    from core.alert_manager import Alert, AlertSeverity
  File "/opt/airflow/src/core/alert_manager.py", line 49, in <module>
    class AlertRateLimiter:
  File "/opt/airflow/src/core/alert_manager.py", line 59, in AlertRateLimiter
    def can_send_alert(self, alert_key: str) -> tuple[bool, str]:
TypeError: 'type' object is not subscriptable
[2025-12-16T00:25:30.337+0000] {processor.py:842} WARNING - No viable dags retrieved from /opt/airflow/dags/monitoramento_principal.py
[2025-12-16T00:25:30.356+0000] {processor.py:183} INFO - Processing /opt/airflow/dags/monitoramento_principal.py took 0.977 seconds
[2025-12-16T00:26:00.732+0000] {processor.py:161} INFO - Started process (PID=4165) to work on /opt/airflow/dags/monitoramento_principal.py
[2025-12-16T00:26:00.733+0000] {processor.py:830} INFO - Processing file /opt/airflow/dags/monitoramento_principal.py for tasks to queue
[2025-12-16T00:26:00.734+0000] {logging_mixin.py:188} INFO - [2025-12-16T00:26:00.734+0000] {dagbag.py:538} INFO - Filling up the DagBag from /opt/airflow/dags/monitoramento_principal.py
[2025-12-16T00:26:01.729+0000] {logging_mixin.py:188} INFO - [2025-12-16T00:26:01.698+0000] {dagbag.py:348} ERROR - Failed to import: /opt/airflow/dags/monitoramento_principal.py
Traceback (most recent call last):
  File "/home/airflow/.local/lib/python3.8/site-packages/airflow/models/dagbag.py", line 344, in parse
    loader.exec_module(new_module)
  File "<frozen importlib._bootstrap_external>", line 843, in exec_module
  File "<frozen importlib._bootstrap>", line 219, in _call_with_frames_removed
  File "/opt/airflow/dags/monitoramento_principal.py", line 15, in <module>
    from core.slack_notifier import SlackNotifier
  File "/opt/airflow/src/core/slack_notifier.py", line 9, in <module>
    from core.alert_manager import Alert, AlertSeverity
  File "/opt/airflow/src/core/alert_manager.py", line 49, in <module>
    class AlertRateLimiter:
  File "/opt/airflow/src/core/alert_manager.py", line 59, in AlertRateLimiter
    def can_send_alert(self, alert_key: str) -> tuple[bool, str]:
TypeError: 'type' object is not subscriptable
[2025-12-16T00:26:01.733+0000] {processor.py:842} WARNING - No viable dags retrieved from /opt/airflow/dags/monitoramento_principal.py
[2025-12-16T00:26:01.755+0000] {processor.py:183} INFO - Processing /opt/airflow/dags/monitoramento_principal.py took 1.027 seconds
[2025-12-16T00:26:32.140+0000] {processor.py:161} INFO - Started process (PID=4185) to work on /opt/airflow/dags/monitoramento_principal.py
[2025-12-16T00:26:32.141+0000] {processor.py:830} INFO - Processing file /opt/airflow/dags/monitoramento_principal.py for tasks to queue
[2025-12-16T00:26:32.143+0000] {logging_mixin.py:188} INFO - [2025-12-16T00:26:32.142+0000] {dagbag.py:538} INFO - Filling up the DagBag from /opt/airflow/dags/monitoramento_principal.py
[2025-12-16T00:26:33.041+0000] {logging_mixin.py:188} INFO - [2025-12-16T00:26:33.031+0000] {dagbag.py:348} ERROR - Failed to import: /opt/airflow/dags/monitoramento_principal.py
Traceback (most recent call last):
  File "/home/airflow/.local/lib/python3.8/site-packages/airflow/models/dagbag.py", line 344, in parse
    loader.exec_module(new_module)
  File "<frozen importlib._bootstrap_external>", line 843, in exec_module
  File "<frozen importlib._bootstrap>", line 219, in _call_with_frames_removed
  File "/opt/airflow/dags/monitoramento_principal.py", line 15, in <module>
    from core.slack_notifier import SlackNotifier
  File "/opt/airflow/src/core/slack_notifier.py", line 9, in <module>
    from core.alert_manager import Alert, AlertSeverity
  File "/opt/airflow/src/core/alert_manager.py", line 94
    def get_stats(self, alert_key: str) -> Dict:
                                               ^
IndentationError: unindent does not match any outer indentation level
[2025-12-16T00:26:33.043+0000] {processor.py:842} WARNING - No viable dags retrieved from /opt/airflow/dags/monitoramento_principal.py
[2025-12-16T00:26:33.070+0000] {processor.py:183} INFO - Processing /opt/airflow/dags/monitoramento_principal.py took 0.933 seconds
[2025-12-16T00:27:03.516+0000] {processor.py:161} INFO - Started process (PID=4205) to work on /opt/airflow/dags/monitoramento_principal.py
[2025-12-16T00:27:03.519+0000] {processor.py:830} INFO - Processing file /opt/airflow/dags/monitoramento_principal.py for tasks to queue
[2025-12-16T00:27:03.521+0000] {logging_mixin.py:188} INFO - [2025-12-16T00:27:03.521+0000] {dagbag.py:538} INFO - Filling up the DagBag from /opt/airflow/dags/monitoramento_principal.py
[2025-12-16T00:27:04.342+0000] {logging_mixin.py:188} INFO - [2025-12-16T00:27:04.334+0000] {dagbag.py:348} ERROR - Failed to import: /opt/airflow/dags/monitoramento_principal.py
Traceback (most recent call last):
  File "/home/airflow/.local/lib/python3.8/site-packages/airflow/models/dagbag.py", line 344, in parse
    loader.exec_module(new_module)
  File "<frozen importlib._bootstrap_external>", line 843, in exec_module
  File "<frozen importlib._bootstrap>", line 219, in _call_with_frames_removed
  File "/opt/airflow/dags/monitoramento_principal.py", line 15, in <module>
    from core.slack_notifier import SlackNotifier
  File "/opt/airflow/src/core/slack_notifier.py", line 9, in <module>
    from core.alert_manager import Alert, AlertSeverity
  File "/opt/airflow/src/core/alert_manager.py", line 94
    def get_stats(self, alert_key: str) -> Dict:
                                               ^
IndentationError: unindent does not match any outer indentation level
[2025-12-16T00:27:04.344+0000] {processor.py:842} WARNING - No viable dags retrieved from /opt/airflow/dags/monitoramento_principal.py
[2025-12-16T00:27:04.362+0000] {processor.py:183} INFO - Processing /opt/airflow/dags/monitoramento_principal.py took 0.849 seconds
[2025-12-16T00:27:34.781+0000] {processor.py:161} INFO - Started process (PID=4225) to work on /opt/airflow/dags/monitoramento_principal.py
[2025-12-16T00:27:34.782+0000] {processor.py:830} INFO - Processing file /opt/airflow/dags/monitoramento_principal.py for tasks to queue
[2025-12-16T00:27:34.784+0000] {logging_mixin.py:188} INFO - [2025-12-16T00:27:34.783+0000] {dagbag.py:538} INFO - Filling up the DagBag from /opt/airflow/dags/monitoramento_principal.py
[2025-12-16T00:27:35.586+0000] {logging_mixin.py:188} INFO - [2025-12-16T00:27:35.566+0000] {dagbag.py:348} ERROR - Failed to import: /opt/airflow/dags/monitoramento_principal.py
Traceback (most recent call last):
  File "/home/airflow/.local/lib/python3.8/site-packages/airflow/models/dagbag.py", line 344, in parse
    loader.exec_module(new_module)
  File "<frozen importlib._bootstrap_external>", line 843, in exec_module
  File "<frozen importlib._bootstrap>", line 219, in _call_with_frames_removed
  File "/opt/airflow/dags/monitoramento_principal.py", line 15, in <module>
    from core.slack_notifier import SlackNotifier
  File "/opt/airflow/src/core/slack_notifier.py", line 9, in <module>
    from core.alert_manager import Alert, AlertSeverity
  File "/opt/airflow/src/core/alert_manager.py", line 94
    def get_stats(self, alert_key: str) -> Dict:
                                               ^
IndentationError: unindent does not match any outer indentation level
[2025-12-16T00:27:35.591+0000] {processor.py:842} WARNING - No viable dags retrieved from /opt/airflow/dags/monitoramento_principal.py
[2025-12-16T00:27:35.612+0000] {processor.py:183} INFO - Processing /opt/airflow/dags/monitoramento_principal.py took 0.834 seconds
[2025-12-16T00:28:06.041+0000] {processor.py:161} INFO - Started process (PID=4251) to work on /opt/airflow/dags/monitoramento_principal.py
[2025-12-16T00:28:06.042+0000] {processor.py:830} INFO - Processing file /opt/airflow/dags/monitoramento_principal.py for tasks to queue
[2025-12-16T00:28:06.044+0000] {logging_mixin.py:188} INFO - [2025-12-16T00:28:06.043+0000] {dagbag.py:538} INFO - Filling up the DagBag from /opt/airflow/dags/monitoramento_principal.py
[2025-12-16T00:28:06.826+0000] {logging_mixin.py:188} INFO - [2025-12-16T00:28:06.807+0000] {dagbag.py:348} ERROR - Failed to import: /opt/airflow/dags/monitoramento_principal.py
Traceback (most recent call last):
  File "/home/airflow/.local/lib/python3.8/site-packages/airflow/models/dagbag.py", line 344, in parse
    loader.exec_module(new_module)
  File "<frozen importlib._bootstrap_external>", line 843, in exec_module
  File "<frozen importlib._bootstrap>", line 219, in _call_with_frames_removed
  File "/opt/airflow/dags/monitoramento_principal.py", line 15, in <module>
    from core.slack_notifier import SlackNotifier
  File "/opt/airflow/src/core/slack_notifier.py", line 9, in <module>
    from core.alert_manager import Alert, AlertSeverity
  File "/opt/airflow/src/core/alert_manager.py", line 94
    def get_stats(self, alert_key: str) -> Dict:
                                               ^
IndentationError: unindent does not match any outer indentation level
[2025-12-16T00:28:06.831+0000] {processor.py:842} WARNING - No viable dags retrieved from /opt/airflow/dags/monitoramento_principal.py
[2025-12-16T00:28:06.852+0000] {processor.py:183} INFO - Processing /opt/airflow/dags/monitoramento_principal.py took 0.815 seconds
[2025-12-16T00:28:37.250+0000] {processor.py:161} INFO - Started process (PID=4271) to work on /opt/airflow/dags/monitoramento_principal.py
[2025-12-16T00:28:37.251+0000] {processor.py:830} INFO - Processing file /opt/airflow/dags/monitoramento_principal.py for tasks to queue
[2025-12-16T00:28:37.252+0000] {logging_mixin.py:188} INFO - [2025-12-16T00:28:37.252+0000] {dagbag.py:538} INFO - Filling up the DagBag from /opt/airflow/dags/monitoramento_principal.py
[2025-12-16T00:28:38.150+0000] {logging_mixin.py:188} INFO - [2025-12-16T00:28:38.141+0000] {dagbag.py:348} ERROR - Failed to import: /opt/airflow/dags/monitoramento_principal.py
Traceback (most recent call last):
  File "/home/airflow/.local/lib/python3.8/site-packages/airflow/models/dagbag.py", line 344, in parse
    loader.exec_module(new_module)
  File "<frozen importlib._bootstrap_external>", line 843, in exec_module
  File "<frozen importlib._bootstrap>", line 219, in _call_with_frames_removed
  File "/opt/airflow/dags/monitoramento_principal.py", line 15, in <module>
    from core.slack_notifier import SlackNotifier
  File "/opt/airflow/src/core/slack_notifier.py", line 9, in <module>
    from core.alert_manager import Alert, AlertSeverity
  File "/opt/airflow/src/core/alert_manager.py", line 94
    def get_stats(self, alert_key: str) -> Dict:
                                               ^
IndentationError: unindent does not match any outer indentation level
[2025-12-16T00:28:38.151+0000] {processor.py:842} WARNING - No viable dags retrieved from /opt/airflow/dags/monitoramento_principal.py
[2025-12-16T00:28:38.169+0000] {processor.py:183} INFO - Processing /opt/airflow/dags/monitoramento_principal.py took 0.922 seconds
[2025-12-16T00:29:08.622+0000] {processor.py:161} INFO - Started process (PID=4291) to work on /opt/airflow/dags/monitoramento_principal.py
[2025-12-16T00:29:08.623+0000] {processor.py:830} INFO - Processing file /opt/airflow/dags/monitoramento_principal.py for tasks to queue
[2025-12-16T00:29:08.625+0000] {logging_mixin.py:188} INFO - [2025-12-16T00:29:08.625+0000] {dagbag.py:538} INFO - Filling up the DagBag from /opt/airflow/dags/monitoramento_principal.py
[2025-12-16T00:29:09.521+0000] {processor.py:840} INFO - DAG(s) 'monitoramento_qualidade_dados' retrieved from /opt/airflow/dags/monitoramento_principal.py
[2025-12-16T00:29:09.729+0000] {logging_mixin.py:188} INFO - [2025-12-16T00:29:09.728+0000] {override.py:1769} INFO - Created Permission View: can delete on DAG:monitoramento_qualidade_dados
[2025-12-16T00:29:09.741+0000] {logging_mixin.py:188} INFO - [2025-12-16T00:29:09.741+0000] {override.py:1769} INFO - Created Permission View: can edit on DAG:monitoramento_qualidade_dados
[2025-12-16T00:29:09.750+0000] {logging_mixin.py:188} INFO - [2025-12-16T00:29:09.749+0000] {override.py:1769} INFO - Created Permission View: can read on DAG:monitoramento_qualidade_dados
[2025-12-16T00:29:09.751+0000] {logging_mixin.py:188} INFO - [2025-12-16T00:29:09.751+0000] {dag.py:3036} INFO - Sync 1 DAGs
[2025-12-16T00:29:09.760+0000] {logging_mixin.py:188} INFO - [2025-12-16T00:29:09.759+0000] {dag.py:3058} INFO - Creating ORM DAG for monitoramento_qualidade_dados
[2025-12-16T00:29:09.774+0000] {logging_mixin.py:188} INFO - [2025-12-16T00:29:09.773+0000] {dag.py:3823} INFO - Setting next_dagrun for monitoramento_qualidade_dados to 2025-12-15 18:00:00+00:00, run_after=2025-12-16 00:00:00+00:00
[2025-12-16T00:29:09.812+0000] {processor.py:183} INFO - Processing /opt/airflow/dags/monitoramento_principal.py took 1.194 seconds
[2025-12-16T00:29:40.036+0000] {processor.py:161} INFO - Started process (PID=4311) to work on /opt/airflow/dags/monitoramento_principal.py
[2025-12-16T00:29:40.037+0000] {processor.py:830} INFO - Processing file /opt/airflow/dags/monitoramento_principal.py for tasks to queue
[2025-12-16T00:29:40.039+0000] {logging_mixin.py:188} INFO - [2025-12-16T00:29:40.038+0000] {dagbag.py:538} INFO - Filling up the DagBag from /opt/airflow/dags/monitoramento_principal.py
[2025-12-16T00:29:40.803+0000] {processor.py:840} INFO - DAG(s) 'monitoramento_qualidade_dados' retrieved from /opt/airflow/dags/monitoramento_principal.py
[2025-12-16T00:29:40.827+0000] {logging_mixin.py:188} INFO - [2025-12-16T00:29:40.827+0000] {dag.py:3036} INFO - Sync 1 DAGs
[2025-12-16T00:29:40.847+0000] {logging_mixin.py:188} INFO - [2025-12-16T00:29:40.847+0000] {dag.py:3823} INFO - Setting next_dagrun for monitoramento_qualidade_dados to 2025-12-15 18:00:00+00:00, run_after=2025-12-16 00:00:00+00:00
[2025-12-16T00:29:40.868+0000] {processor.py:183} INFO - Processing /opt/airflow/dags/monitoramento_principal.py took 0.837 seconds
[2025-12-16T00:30:11.259+0000] {processor.py:161} INFO - Started process (PID=4349) to work on /opt/airflow/dags/monitoramento_principal.py
[2025-12-16T00:30:11.261+0000] {processor.py:830} INFO - Processing file /opt/airflow/dags/monitoramento_principal.py for tasks to queue
[2025-12-16T00:30:11.263+0000] {logging_mixin.py:188} INFO - [2025-12-16T00:30:11.262+0000] {dagbag.py:538} INFO - Filling up the DagBag from /opt/airflow/dags/monitoramento_principal.py
[2025-12-16T00:30:12.120+0000] {processor.py:840} INFO - DAG(s) 'monitoramento_qualidade_dados' retrieved from /opt/airflow/dags/monitoramento_principal.py
[2025-12-16T00:30:12.147+0000] {logging_mixin.py:188} INFO - [2025-12-16T00:30:12.146+0000] {dag.py:3036} INFO - Sync 1 DAGs
[2025-12-16T00:30:12.167+0000] {logging_mixin.py:188} INFO - [2025-12-16T00:30:12.167+0000] {dag.py:3823} INFO - Setting next_dagrun for monitoramento_qualidade_dados to 2025-12-16 00:00:00+00:00, run_after=2025-12-16 06:00:00+00:00
[2025-12-16T00:30:12.194+0000] {processor.py:183} INFO - Processing /opt/airflow/dags/monitoramento_principal.py took 0.938 seconds
[2025-12-16T00:30:42.704+0000] {processor.py:161} INFO - Started process (PID=4369) to work on /opt/airflow/dags/monitoramento_principal.py
[2025-12-16T00:30:42.706+0000] {processor.py:830} INFO - Processing file /opt/airflow/dags/monitoramento_principal.py for tasks to queue
[2025-12-16T00:30:42.707+0000] {logging_mixin.py:188} INFO - [2025-12-16T00:30:42.707+0000] {dagbag.py:538} INFO - Filling up the DagBag from /opt/airflow/dags/monitoramento_principal.py
[2025-12-16T00:30:43.483+0000] {processor.py:840} INFO - DAG(s) 'monitoramento_qualidade_dados' retrieved from /opt/airflow/dags/monitoramento_principal.py
[2025-12-16T00:30:43.509+0000] {logging_mixin.py:188} INFO - [2025-12-16T00:30:43.508+0000] {dag.py:3036} INFO - Sync 1 DAGs
[2025-12-16T00:30:43.527+0000] {logging_mixin.py:188} INFO - [2025-12-16T00:30:43.527+0000] {dag.py:3823} INFO - Setting next_dagrun for monitoramento_qualidade_dados to 2025-12-16 00:00:00+00:00, run_after=2025-12-16 06:00:00+00:00
[2025-12-16T00:30:43.548+0000] {processor.py:183} INFO - Processing /opt/airflow/dags/monitoramento_principal.py took 0.848 seconds
[2025-12-16T00:31:13.947+0000] {processor.py:161} INFO - Started process (PID=4394) to work on /opt/airflow/dags/monitoramento_principal.py
[2025-12-16T00:31:13.949+0000] {processor.py:830} INFO - Processing file /opt/airflow/dags/monitoramento_principal.py for tasks to queue
[2025-12-16T00:31:13.950+0000] {logging_mixin.py:188} INFO - [2025-12-16T00:31:13.950+0000] {dagbag.py:538} INFO - Filling up the DagBag from /opt/airflow/dags/monitoramento_principal.py
[2025-12-16T00:31:14.791+0000] {processor.py:840} INFO - DAG(s) 'monitoramento_qualidade_dados' retrieved from /opt/airflow/dags/monitoramento_principal.py
[2025-12-16T00:31:14.820+0000] {logging_mixin.py:188} INFO - [2025-12-16T00:31:14.819+0000] {dag.py:3036} INFO - Sync 1 DAGs
[2025-12-16T00:31:14.846+0000] {logging_mixin.py:188} INFO - [2025-12-16T00:31:14.845+0000] {dag.py:3823} INFO - Setting next_dagrun for monitoramento_qualidade_dados to 2025-12-16 00:00:00+00:00, run_after=2025-12-16 06:00:00+00:00
[2025-12-16T00:31:14.869+0000] {processor.py:183} INFO - Processing /opt/airflow/dags/monitoramento_principal.py took 0.925 seconds
[2025-12-16T00:31:45.303+0000] {processor.py:161} INFO - Started process (PID=4414) to work on /opt/airflow/dags/monitoramento_principal.py
[2025-12-16T00:31:45.305+0000] {processor.py:830} INFO - Processing file /opt/airflow/dags/monitoramento_principal.py for tasks to queue
[2025-12-16T00:31:45.306+0000] {logging_mixin.py:188} INFO - [2025-12-16T00:31:45.305+0000] {dagbag.py:538} INFO - Filling up the DagBag from /opt/airflow/dags/monitoramento_principal.py
[2025-12-16T00:31:46.059+0000] {processor.py:840} INFO - DAG(s) 'monitoramento_qualidade_dados' retrieved from /opt/airflow/dags/monitoramento_principal.py
[2025-12-16T00:31:46.083+0000] {logging_mixin.py:188} INFO - [2025-12-16T00:31:46.083+0000] {dag.py:3036} INFO - Sync 1 DAGs
[2025-12-16T00:31:46.101+0000] {logging_mixin.py:188} INFO - [2025-12-16T00:31:46.101+0000] {dag.py:3823} INFO - Setting next_dagrun for monitoramento_qualidade_dados to 2025-12-16 00:00:00+00:00, run_after=2025-12-16 06:00:00+00:00
[2025-12-16T00:31:46.125+0000] {processor.py:183} INFO - Processing /opt/airflow/dags/monitoramento_principal.py took 0.825 seconds
[2025-12-16T00:32:16.565+0000] {processor.py:161} INFO - Started process (PID=4434) to work on /opt/airflow/dags/monitoramento_principal.py
[2025-12-16T00:32:16.567+0000] {processor.py:830} INFO - Processing file /opt/airflow/dags/monitoramento_principal.py for tasks to queue
[2025-12-16T00:32:16.568+0000] {logging_mixin.py:188} INFO - [2025-12-16T00:32:16.568+0000] {dagbag.py:538} INFO - Filling up the DagBag from /opt/airflow/dags/monitoramento_principal.py
[2025-12-16T00:32:17.357+0000] {processor.py:840} INFO - DAG(s) 'monitoramento_qualidade_dados' retrieved from /opt/airflow/dags/monitoramento_principal.py
[2025-12-16T00:32:17.383+0000] {logging_mixin.py:188} INFO - [2025-12-16T00:32:17.382+0000] {dag.py:3036} INFO - Sync 1 DAGs
[2025-12-16T00:32:17.402+0000] {logging_mixin.py:188} INFO - [2025-12-16T00:32:17.402+0000] {dag.py:3823} INFO - Setting next_dagrun for monitoramento_qualidade_dados to 2025-12-16 00:00:00+00:00, run_after=2025-12-16 06:00:00+00:00
[2025-12-16T00:32:17.431+0000] {processor.py:183} INFO - Processing /opt/airflow/dags/monitoramento_principal.py took 0.869 seconds
[2025-12-16T00:32:47.953+0000] {processor.py:161} INFO - Started process (PID=4454) to work on /opt/airflow/dags/monitoramento_principal.py
[2025-12-16T00:32:47.954+0000] {processor.py:830} INFO - Processing file /opt/airflow/dags/monitoramento_principal.py for tasks to queue
[2025-12-16T00:32:47.955+0000] {logging_mixin.py:188} INFO - [2025-12-16T00:32:47.955+0000] {dagbag.py:538} INFO - Filling up the DagBag from /opt/airflow/dags/monitoramento_principal.py
[2025-12-16T00:32:48.725+0000] {processor.py:840} INFO - DAG(s) 'monitoramento_qualidade_dados' retrieved from /opt/airflow/dags/monitoramento_principal.py
[2025-12-16T00:32:48.749+0000] {logging_mixin.py:188} INFO - [2025-12-16T00:32:48.748+0000] {dag.py:3036} INFO - Sync 1 DAGs
[2025-12-16T00:32:48.768+0000] {logging_mixin.py:188} INFO - [2025-12-16T00:32:48.768+0000] {dag.py:3823} INFO - Setting next_dagrun for monitoramento_qualidade_dados to 2025-12-16 00:00:00+00:00, run_after=2025-12-16 06:00:00+00:00
[2025-12-16T00:32:48.790+0000] {processor.py:183} INFO - Processing /opt/airflow/dags/monitoramento_principal.py took 0.840 seconds
[2025-12-16T00:33:19.352+0000] {processor.py:161} INFO - Started process (PID=4474) to work on /opt/airflow/dags/monitoramento_principal.py
[2025-12-16T00:33:19.353+0000] {processor.py:830} INFO - Processing file /opt/airflow/dags/monitoramento_principal.py for tasks to queue
[2025-12-16T00:33:19.354+0000] {logging_mixin.py:188} INFO - [2025-12-16T00:33:19.354+0000] {dagbag.py:538} INFO - Filling up the DagBag from /opt/airflow/dags/monitoramento_principal.py
[2025-12-16T00:33:20.141+0000] {processor.py:840} INFO - DAG(s) 'monitoramento_qualidade_dados' retrieved from /opt/airflow/dags/monitoramento_principal.py
[2025-12-16T00:33:20.166+0000] {logging_mixin.py:188} INFO - [2025-12-16T00:33:20.166+0000] {dag.py:3036} INFO - Sync 1 DAGs
[2025-12-16T00:33:20.186+0000] {logging_mixin.py:188} INFO - [2025-12-16T00:33:20.185+0000] {dag.py:3823} INFO - Setting next_dagrun for monitoramento_qualidade_dados to 2025-12-16 00:00:00+00:00, run_after=2025-12-16 06:00:00+00:00
[2025-12-16T00:33:20.205+0000] {processor.py:183} INFO - Processing /opt/airflow/dags/monitoramento_principal.py took 0.856 seconds
[2025-12-16T00:33:50.711+0000] {processor.py:161} INFO - Started process (PID=4494) to work on /opt/airflow/dags/monitoramento_principal.py
[2025-12-16T00:33:50.713+0000] {processor.py:830} INFO - Processing file /opt/airflow/dags/monitoramento_principal.py for tasks to queue
[2025-12-16T00:33:50.714+0000] {logging_mixin.py:188} INFO - [2025-12-16T00:33:50.714+0000] {dagbag.py:538} INFO - Filling up the DagBag from /opt/airflow/dags/monitoramento_principal.py
[2025-12-16T00:33:51.441+0000] {processor.py:840} INFO - DAG(s) 'monitoramento_qualidade_dados' retrieved from /opt/airflow/dags/monitoramento_principal.py
[2025-12-16T00:33:51.468+0000] {logging_mixin.py:188} INFO - [2025-12-16T00:33:51.468+0000] {dag.py:3036} INFO - Sync 1 DAGs
[2025-12-16T00:33:51.491+0000] {logging_mixin.py:188} INFO - [2025-12-16T00:33:51.491+0000] {dag.py:3823} INFO - Setting next_dagrun for monitoramento_qualidade_dados to 2025-12-16 00:00:00+00:00, run_after=2025-12-16 06:00:00+00:00
[2025-12-16T00:33:51.509+0000] {processor.py:183} INFO - Processing /opt/airflow/dags/monitoramento_principal.py took 0.800 seconds
[2025-12-16T00:34:21.935+0000] {processor.py:161} INFO - Started process (PID=4514) to work on /opt/airflow/dags/monitoramento_principal.py
[2025-12-16T00:34:21.937+0000] {processor.py:830} INFO - Processing file /opt/airflow/dags/monitoramento_principal.py for tasks to queue
[2025-12-16T00:34:21.938+0000] {logging_mixin.py:188} INFO - [2025-12-16T00:34:21.938+0000] {dagbag.py:538} INFO - Filling up the DagBag from /opt/airflow/dags/monitoramento_principal.py
[2025-12-16T00:34:22.727+0000] {processor.py:840} INFO - DAG(s) 'monitoramento_qualidade_dados' retrieved from /opt/airflow/dags/monitoramento_principal.py
[2025-12-16T00:34:22.756+0000] {logging_mixin.py:188} INFO - [2025-12-16T00:34:22.755+0000] {dag.py:3036} INFO - Sync 1 DAGs
[2025-12-16T00:34:22.777+0000] {logging_mixin.py:188} INFO - [2025-12-16T00:34:22.777+0000] {dag.py:3823} INFO - Setting next_dagrun for monitoramento_qualidade_dados to 2025-12-16 00:00:00+00:00, run_after=2025-12-16 06:00:00+00:00
[2025-12-16T00:34:22.797+0000] {processor.py:183} INFO - Processing /opt/airflow/dags/monitoramento_principal.py took 0.865 seconds
[2025-12-16T00:34:53.217+0000] {processor.py:161} INFO - Started process (PID=4540) to work on /opt/airflow/dags/monitoramento_principal.py
[2025-12-16T00:34:53.219+0000] {processor.py:830} INFO - Processing file /opt/airflow/dags/monitoramento_principal.py for tasks to queue
[2025-12-16T00:34:53.220+0000] {logging_mixin.py:188} INFO - [2025-12-16T00:34:53.220+0000] {dagbag.py:538} INFO - Filling up the DagBag from /opt/airflow/dags/monitoramento_principal.py
[2025-12-16T00:34:54.028+0000] {processor.py:840} INFO - DAG(s) 'monitoramento_qualidade_dados' retrieved from /opt/airflow/dags/monitoramento_principal.py
[2025-12-16T00:34:54.050+0000] {logging_mixin.py:188} INFO - [2025-12-16T00:34:54.050+0000] {dag.py:3036} INFO - Sync 1 DAGs
[2025-12-16T00:34:54.068+0000] {logging_mixin.py:188} INFO - [2025-12-16T00:34:54.068+0000] {dag.py:3823} INFO - Setting next_dagrun for monitoramento_qualidade_dados to 2025-12-16 00:00:00+00:00, run_after=2025-12-16 06:00:00+00:00
[2025-12-16T00:34:54.091+0000] {processor.py:183} INFO - Processing /opt/airflow/dags/monitoramento_principal.py took 0.878 seconds
[2025-12-16T00:35:24.493+0000] {processor.py:161} INFO - Started process (PID=4560) to work on /opt/airflow/dags/monitoramento_principal.py
[2025-12-16T00:35:24.495+0000] {processor.py:830} INFO - Processing file /opt/airflow/dags/monitoramento_principal.py for tasks to queue
[2025-12-16T00:35:24.496+0000] {logging_mixin.py:188} INFO - [2025-12-16T00:35:24.496+0000] {dagbag.py:538} INFO - Filling up the DagBag from /opt/airflow/dags/monitoramento_principal.py
[2025-12-16T00:35:25.340+0000] {processor.py:840} INFO - DAG(s) 'monitoramento_qualidade_dados' retrieved from /opt/airflow/dags/monitoramento_principal.py
[2025-12-16T00:35:25.375+0000] {logging_mixin.py:188} INFO - [2025-12-16T00:35:25.374+0000] {dag.py:3036} INFO - Sync 1 DAGs
[2025-12-16T00:35:25.401+0000] {logging_mixin.py:188} INFO - [2025-12-16T00:35:25.401+0000] {dag.py:3823} INFO - Setting next_dagrun for monitoramento_qualidade_dados to 2025-12-16 00:00:00+00:00, run_after=2025-12-16 06:00:00+00:00
[2025-12-16T00:35:25.423+0000] {processor.py:183} INFO - Processing /opt/airflow/dags/monitoramento_principal.py took 0.933 seconds
[2025-12-16T00:35:55.956+0000] {processor.py:161} INFO - Started process (PID=4580) to work on /opt/airflow/dags/monitoramento_principal.py
[2025-12-16T00:35:55.958+0000] {processor.py:830} INFO - Processing file /opt/airflow/dags/monitoramento_principal.py for tasks to queue
[2025-12-16T00:35:55.959+0000] {logging_mixin.py:188} INFO - [2025-12-16T00:35:55.959+0000] {dagbag.py:538} INFO - Filling up the DagBag from /opt/airflow/dags/monitoramento_principal.py
[2025-12-16T00:35:56.767+0000] {processor.py:840} INFO - DAG(s) 'monitoramento_qualidade_dados' retrieved from /opt/airflow/dags/monitoramento_principal.py
[2025-12-16T00:35:56.791+0000] {logging_mixin.py:188} INFO - [2025-12-16T00:35:56.791+0000] {dag.py:3036} INFO - Sync 1 DAGs
[2025-12-16T00:35:56.810+0000] {logging_mixin.py:188} INFO - [2025-12-16T00:35:56.810+0000] {dag.py:3823} INFO - Setting next_dagrun for monitoramento_qualidade_dados to 2025-12-16 00:00:00+00:00, run_after=2025-12-16 06:00:00+00:00
[2025-12-16T00:35:56.834+0000] {processor.py:183} INFO - Processing /opt/airflow/dags/monitoramento_principal.py took 0.881 seconds
