[2025-12-17T18:00:07.464+0000] {taskinstance.py:1956} INFO - Dependencies all met for dep_context=non-requeueable deps ti=<TaskInstance: monitoramento_qualidade_dados.detectar_anomalias scheduled__2025-12-17T12:00:00+00:00 [queued]>
[2025-12-17T18:00:07.470+0000] {taskinstance.py:1956} INFO - Dependencies all met for dep_context=requeueable deps ti=<TaskInstance: monitoramento_qualidade_dados.detectar_anomalias scheduled__2025-12-17T12:00:00+00:00 [queued]>
[2025-12-17T18:00:07.471+0000] {taskinstance.py:2170} INFO - Starting attempt 1 of 3
[2025-12-17T18:00:07.483+0000] {taskinstance.py:2191} INFO - Executing <Task(PythonOperator): detectar_anomalias> on 2025-12-17 12:00:00+00:00
[2025-12-17T18:00:07.490+0000] {standard_task_runner.py:60} INFO - Started process 11368 to run task
[2025-12-17T18:00:07.493+0000] {standard_task_runner.py:87} INFO - Running: ['***', 'tasks', 'run', 'monitoramento_qualidade_dados', 'detectar_anomalias', 'scheduled__2025-12-17T12:00:00+00:00', '--job-id', '45', '--raw', '--subdir', 'DAGS_FOLDER/monitoramento_principal.py', '--cfg-path', '/tmp/tmpn62n34pj']
[2025-12-17T18:00:07.496+0000] {standard_task_runner.py:88} INFO - Job 45: Subtask detectar_anomalias
[2025-12-17T18:00:07.538+0000] {task_command.py:423} INFO - Running <TaskInstance: monitoramento_qualidade_dados.detectar_anomalias scheduled__2025-12-17T12:00:00+00:00 [running]> on host 9e0318b626f9
[2025-12-17T18:00:07.603+0000] {taskinstance.py:2480} INFO - Exporting env vars: AIRFLOW_CTX_DAG_OWNER='time-dados' AIRFLOW_CTX_DAG_ID='monitoramento_qualidade_dados' AIRFLOW_CTX_TASK_ID='detectar_anomalias' AIRFLOW_CTX_EXECUTION_DATE='2025-12-17T12:00:00+00:00' AIRFLOW_CTX_TRY_NUMBER='1' AIRFLOW_CTX_DAG_RUN_ID='scheduled__2025-12-17T12:00:00+00:00'
[2025-12-17T18:00:07.604+0000] {logging_mixin.py:188} INFO -  Detectando anomalias...
[2025-12-17T18:00:07.617+0000] {detector_anomalias.py:46} INFO - AnomalyDetector inicializado para: sales_transactions
[2025-12-17T18:00:07.618+0000] {detector_anomalias.py:64} INFO - Iniciando detecção de anomalias com métodos: ['zscore', 'iqr', 'isolation_forest']
[2025-12-17T18:00:07.794+0000] {detector_anomalias.py:110} INFO - Detecção concluída: 51 anomalias (5.10%)
[2025-12-17T18:00:07.795+0000] {logging_mixin.py:188} INFO - 

        RELATÓRIO DE DETECÇÃO DE ANOMALIAS             

 Dataset: sales_transactions                         
 Timestamp: 2025-12-17T18:00:07.767061                
 Total de linhas: 1000                                  

 ANOMALIAS DETECTADAS:                                  
   Total: 51                                            
   Percentual: 5.1%                                     

 POR MÉTODO:                                            
[2025-12-17T18:00:07.796+0000] {logging_mixin.py:188} INFO -    zscore: 10                                           
[2025-12-17T18:00:07.796+0000] {logging_mixin.py:188} INFO -    iqr: 18                                           
[2025-12-17T18:00:07.797+0000] {logging_mixin.py:188} INFO -    isolation_forest: 50                                           
[2025-12-17T18:00:07.797+0000] {logging_mixin.py:188} INFO - 
 SEVERIDADE:                                            
Alta: 1
Média: 9
Baixa: 41
[2025-12-17T18:00:07.802+0000] {detector_anomalias.py:321} INFO - Relatório salvo: /opt/***/data/reports/anomaly_report_20251217_180007.json
[2025-12-17T18:00:07.815+0000] {logging_mixin.py:188} INFO -  Detecção concluída: 51 anomalias (5.10%)
[2025-12-17T18:00:07.816+0000] {python.py:201} INFO - Done. Returned value was: {'status': 'success', 'total_anomalies': 51, 'report_file': '/opt/***/data/reports/anomaly_report_20251217_180007.json'}
[2025-12-17T18:00:07.833+0000] {taskinstance.py:1138} INFO - Marking task as SUCCESS. dag_id=monitoramento_qualidade_dados, task_id=detectar_anomalias, execution_date=20251217T120000, start_date=20251217T180007, end_date=20251217T180007
[2025-12-17T18:00:07.867+0000] {local_task_job_runner.py:234} INFO - Task exited with return code 0
[2025-12-17T18:00:07.888+0000] {taskinstance.py:3280} INFO - 1 downstream tasks scheduled from follow-on schedule check
