[2025-12-16T00:34:52.212+0000] {taskinstance.py:1956} INFO - Dependencies all met for dep_context=non-requeueable deps ti=<TaskInstance: monitoramento_qualidade_dados.detectar_anomalias scheduled__2025-12-15T18:00:00+00:00 [queued]>
[2025-12-16T00:34:52.227+0000] {taskinstance.py:1956} INFO - Dependencies all met for dep_context=requeueable deps ti=<TaskInstance: monitoramento_qualidade_dados.detectar_anomalias scheduled__2025-12-15T18:00:00+00:00 [queued]>
[2025-12-16T00:34:52.228+0000] {taskinstance.py:2170} INFO - Starting attempt 2 of 3
[2025-12-16T00:34:52.246+0000] {taskinstance.py:2191} INFO - Executing <Task(PythonOperator): detectar_anomalias> on 2025-12-15 18:00:00+00:00
[2025-12-16T00:34:52.258+0000] {standard_task_runner.py:60} INFO - Started process 4539 to run task
[2025-12-16T00:34:52.263+0000] {standard_task_runner.py:87} INFO - Running: ['***', 'tasks', 'run', 'monitoramento_qualidade_dados', 'detectar_anomalias', 'scheduled__2025-12-15T18:00:00+00:00', '--job-id', '10', '--raw', '--subdir', 'DAGS_FOLDER/monitoramento_principal.py', '--cfg-path', '/tmp/tmpyr4bwd1r']
[2025-12-16T00:34:52.266+0000] {standard_task_runner.py:88} INFO - Job 10: Subtask detectar_anomalias
[2025-12-16T00:34:52.328+0000] {task_command.py:423} INFO - Running <TaskInstance: monitoramento_qualidade_dados.detectar_anomalias scheduled__2025-12-15T18:00:00+00:00 [running]> on host 9e0318b626f9
[2025-12-16T00:34:52.419+0000] {taskinstance.py:2480} INFO - Exporting env vars: AIRFLOW_CTX_DAG_OWNER='time-dados' AIRFLOW_CTX_DAG_ID='monitoramento_qualidade_dados' AIRFLOW_CTX_TASK_ID='detectar_anomalias' AIRFLOW_CTX_EXECUTION_DATE='2025-12-15T18:00:00+00:00' AIRFLOW_CTX_TRY_NUMBER='2' AIRFLOW_CTX_DAG_RUN_ID='scheduled__2025-12-15T18:00:00+00:00'
[2025-12-16T00:34:52.421+0000] {logging_mixin.py:188} INFO -  Detectando anomalias...
[2025-12-16T00:34:52.441+0000] {detector_anomalias.py:46} INFO - AnomalyDetector inicializado para: sales_transactions
[2025-12-16T00:34:52.442+0000] {detector_anomalias.py:64} INFO - Iniciando detecção de anomalias com métodos: ['zscore', 'iqr', 'isolation_forest']
[2025-12-16T00:34:52.647+0000] {detector_anomalias.py:110} INFO - Detecção concluída: 51 anomalias (5.10%)
[2025-12-16T00:34:52.649+0000] {logging_mixin.py:188} INFO - 

        RELATÓRIO DE DETECÇÃO DE ANOMALIAS             

 Dataset: sales_transactions                         
 Timestamp: 2025-12-16T00:34:52.603065                
 Total de linhas: 1000                                  

 ANOMALIAS DETECTADAS:                                  
   Total: 51                                            
   Percentual: 5.1%                                     

 POR MÉTODO:                                            
[2025-12-16T00:34:52.650+0000] {logging_mixin.py:188} INFO -    zscore: 10                                           
[2025-12-16T00:34:52.650+0000] {logging_mixin.py:188} INFO -    iqr: 18                                           
[2025-12-16T00:34:52.651+0000] {logging_mixin.py:188} INFO -    isolation_forest: 50                                           
[2025-12-16T00:34:52.652+0000] {logging_mixin.py:188} INFO -  Erro na detecção: 'severity_distribution'
[2025-12-16T00:34:52.653+0000] {taskinstance.py:2698} ERROR - Task failed with exception
Traceback (most recent call last):
  File "/home/airflow/.local/lib/python3.8/site-packages/airflow/models/taskinstance.py", line 428, in _execute_task
    result = execute_callable(context=context, **execute_callable_kwargs)
  File "/home/airflow/.local/lib/python3.8/site-packages/airflow/operators/python.py", line 199, in execute
    return_value = self.execute_callable()
  File "/home/airflow/.local/lib/python3.8/site-packages/airflow/operators/python.py", line 216, in execute_callable
    return self.python_callable(*self.op_args, **self.op_kwargs)
  File "/opt/airflow/dags/monitoramento_principal.py", line 134, in detectar_anomalias
    detector.print_report(report)
  File "/opt/airflow/src/core/detector_anomalias.py", line 344, in print_report
    print(f"""
KeyError: 'severity_distribution'
[2025-12-16T00:34:52.673+0000] {taskinstance.py:1138} INFO - Marking task as UP_FOR_RETRY. dag_id=monitoramento_qualidade_dados, task_id=detectar_anomalias, execution_date=20251215T180000, start_date=20251216T003452, end_date=20251216T003452
[2025-12-16T00:34:52.686+0000] {standard_task_runner.py:107} ERROR - Failed to execute job 10 for task detectar_anomalias ('severity_distribution'; 4539)
[2025-12-16T00:34:52.719+0000] {local_task_job_runner.py:234} INFO - Task exited with return code 1
[2025-12-16T00:34:52.743+0000] {taskinstance.py:3280} INFO - 0 downstream tasks scheduled from follow-on schedule check
