[2025-12-17T12:45:07.568+0000] {processor.py:161} INFO - Started process (PID=214) to work on /opt/airflow/dags/monitoramento_principal.py
[2025-12-17T12:45:07.574+0000] {processor.py:830} INFO - Processing file /opt/airflow/dags/monitoramento_principal.py for tasks to queue
[2025-12-17T12:45:07.577+0000] {logging_mixin.py:188} INFO - [2025-12-17T12:45:07.576+0000] {dagbag.py:538} INFO - Filling up the DagBag from /opt/airflow/dags/monitoramento_principal.py
[2025-12-17T12:45:10.675+0000] {processor.py:840} INFO - DAG(s) 'monitoramento_qualidade_dados' retrieved from /opt/airflow/dags/monitoramento_principal.py
[2025-12-17T12:45:10.839+0000] {logging_mixin.py:188} INFO - [2025-12-17T12:45:10.838+0000] {dag.py:3036} INFO - Sync 1 DAGs
[2025-12-17T12:45:10.874+0000] {logging_mixin.py:188} INFO - [2025-12-17T12:45:10.873+0000] {dag.py:3823} INFO - Setting next_dagrun for monitoramento_qualidade_dados to 2025-12-17 06:00:00+00:00, run_after=2025-12-17 12:00:00+00:00
[2025-12-17T12:45:10.908+0000] {processor.py:183} INFO - Processing /opt/airflow/dags/monitoramento_principal.py took 4.136 seconds
[2025-12-17T12:45:41.102+0000] {processor.py:161} INFO - Started process (PID=263) to work on /opt/airflow/dags/monitoramento_principal.py
[2025-12-17T12:45:41.104+0000] {processor.py:830} INFO - Processing file /opt/airflow/dags/monitoramento_principal.py for tasks to queue
[2025-12-17T12:45:41.106+0000] {logging_mixin.py:188} INFO - [2025-12-17T12:45:41.106+0000] {dagbag.py:538} INFO - Filling up the DagBag from /opt/airflow/dags/monitoramento_principal.py
[2025-12-17T12:45:43.804+0000] {processor.py:840} INFO - DAG(s) 'monitoramento_qualidade_dados' retrieved from /opt/airflow/dags/monitoramento_principal.py
[2025-12-17T12:45:43.866+0000] {logging_mixin.py:188} INFO - [2025-12-17T12:45:43.865+0000] {dag.py:3036} INFO - Sync 1 DAGs
[2025-12-17T12:45:43.908+0000] {logging_mixin.py:188} INFO - [2025-12-17T12:45:43.908+0000] {dag.py:3823} INFO - Setting next_dagrun for monitoramento_qualidade_dados to 2025-12-17 12:00:00+00:00, run_after=2025-12-17 18:00:00+00:00
[2025-12-17T12:45:43.937+0000] {processor.py:183} INFO - Processing /opt/airflow/dags/monitoramento_principal.py took 2.842 seconds
[2025-12-17T12:46:14.869+0000] {processor.py:161} INFO - Started process (PID=283) to work on /opt/airflow/dags/monitoramento_principal.py
[2025-12-17T12:46:14.872+0000] {processor.py:830} INFO - Processing file /opt/airflow/dags/monitoramento_principal.py for tasks to queue
[2025-12-17T12:46:14.874+0000] {logging_mixin.py:188} INFO - [2025-12-17T12:46:14.874+0000] {dagbag.py:538} INFO - Filling up the DagBag from /opt/airflow/dags/monitoramento_principal.py
[2025-12-17T12:46:15.905+0000] {processor.py:840} INFO - DAG(s) 'monitoramento_qualidade_dados' retrieved from /opt/airflow/dags/monitoramento_principal.py
[2025-12-17T12:46:15.931+0000] {logging_mixin.py:188} INFO - [2025-12-17T12:46:15.931+0000] {dag.py:3036} INFO - Sync 1 DAGs
[2025-12-17T12:46:15.954+0000] {logging_mixin.py:188} INFO - [2025-12-17T12:46:15.954+0000] {dag.py:3823} INFO - Setting next_dagrun for monitoramento_qualidade_dados to 2025-12-17 12:00:00+00:00, run_after=2025-12-17 18:00:00+00:00
[2025-12-17T12:46:16.005+0000] {processor.py:183} INFO - Processing /opt/airflow/dags/monitoramento_principal.py took 1.142 seconds
[2025-12-17T12:46:46.305+0000] {processor.py:161} INFO - Started process (PID=303) to work on /opt/airflow/dags/monitoramento_principal.py
[2025-12-17T12:46:46.307+0000] {processor.py:830} INFO - Processing file /opt/airflow/dags/monitoramento_principal.py for tasks to queue
[2025-12-17T12:46:46.309+0000] {logging_mixin.py:188} INFO - [2025-12-17T12:46:46.309+0000] {dagbag.py:538} INFO - Filling up the DagBag from /opt/airflow/dags/monitoramento_principal.py
[2025-12-17T12:46:47.991+0000] {processor.py:840} INFO - DAG(s) 'monitoramento_qualidade_dados' retrieved from /opt/airflow/dags/monitoramento_principal.py
[2025-12-17T12:46:48.023+0000] {logging_mixin.py:188} INFO - [2025-12-17T12:46:48.023+0000] {dag.py:3036} INFO - Sync 1 DAGs
[2025-12-17T12:46:48.047+0000] {logging_mixin.py:188} INFO - [2025-12-17T12:46:48.047+0000] {dag.py:3823} INFO - Setting next_dagrun for monitoramento_qualidade_dados to 2025-12-17 12:00:00+00:00, run_after=2025-12-17 18:00:00+00:00
[2025-12-17T12:46:48.097+0000] {processor.py:183} INFO - Processing /opt/airflow/dags/monitoramento_principal.py took 1.798 seconds
[2025-12-17T12:47:18.537+0000] {processor.py:161} INFO - Started process (PID=323) to work on /opt/airflow/dags/monitoramento_principal.py
[2025-12-17T12:47:18.540+0000] {processor.py:830} INFO - Processing file /opt/airflow/dags/monitoramento_principal.py for tasks to queue
[2025-12-17T12:47:18.542+0000] {logging_mixin.py:188} INFO - [2025-12-17T12:47:18.541+0000] {dagbag.py:538} INFO - Filling up the DagBag from /opt/airflow/dags/monitoramento_principal.py
[2025-12-17T12:47:19.632+0000] {processor.py:840} INFO - DAG(s) 'monitoramento_qualidade_dados' retrieved from /opt/airflow/dags/monitoramento_principal.py
[2025-12-17T12:47:19.657+0000] {logging_mixin.py:188} INFO - [2025-12-17T12:47:19.656+0000] {dag.py:3036} INFO - Sync 1 DAGs
[2025-12-17T12:47:19.675+0000] {logging_mixin.py:188} INFO - [2025-12-17T12:47:19.675+0000] {dag.py:3823} INFO - Setting next_dagrun for monitoramento_qualidade_dados to 2025-12-17 12:00:00+00:00, run_after=2025-12-17 18:00:00+00:00
[2025-12-17T12:47:19.695+0000] {processor.py:183} INFO - Processing /opt/airflow/dags/monitoramento_principal.py took 1.175 seconds
[2025-12-17T12:47:51.242+0000] {processor.py:161} INFO - Started process (PID=361) to work on /opt/airflow/dags/monitoramento_principal.py
[2025-12-17T12:47:51.247+0000] {processor.py:830} INFO - Processing file /opt/airflow/dags/monitoramento_principal.py for tasks to queue
[2025-12-17T12:47:51.250+0000] {logging_mixin.py:188} INFO - [2025-12-17T12:47:51.249+0000] {dagbag.py:538} INFO - Filling up the DagBag from /opt/airflow/dags/monitoramento_principal.py
[2025-12-17T12:47:52.555+0000] {processor.py:840} INFO - DAG(s) 'monitoramento_qualidade_dados' retrieved from /opt/airflow/dags/monitoramento_principal.py
[2025-12-17T12:47:52.589+0000] {logging_mixin.py:188} INFO - [2025-12-17T12:47:52.588+0000] {dag.py:3036} INFO - Sync 1 DAGs
[2025-12-17T12:47:52.617+0000] {logging_mixin.py:188} INFO - [2025-12-17T12:47:52.617+0000] {dag.py:3823} INFO - Setting next_dagrun for monitoramento_qualidade_dados to 2025-12-17 12:00:00+00:00, run_after=2025-12-17 18:00:00+00:00
[2025-12-17T12:47:52.646+0000] {processor.py:183} INFO - Processing /opt/airflow/dags/monitoramento_principal.py took 1.408 seconds
[2025-12-17T12:48:22.909+0000] {processor.py:161} INFO - Started process (PID=388) to work on /opt/airflow/dags/monitoramento_principal.py
[2025-12-17T12:48:22.910+0000] {processor.py:830} INFO - Processing file /opt/airflow/dags/monitoramento_principal.py for tasks to queue
[2025-12-17T12:48:22.911+0000] {logging_mixin.py:188} INFO - [2025-12-17T12:48:22.911+0000] {dagbag.py:538} INFO - Filling up the DagBag from /opt/airflow/dags/monitoramento_principal.py
[2025-12-17T12:48:23.931+0000] {processor.py:840} INFO - DAG(s) 'monitoramento_qualidade_dados' retrieved from /opt/airflow/dags/monitoramento_principal.py
[2025-12-17T12:48:23.964+0000] {logging_mixin.py:188} INFO - [2025-12-17T12:48:23.963+0000] {dag.py:3036} INFO - Sync 1 DAGs
[2025-12-17T12:48:23.994+0000] {logging_mixin.py:188} INFO - [2025-12-17T12:48:23.993+0000] {dag.py:3823} INFO - Setting next_dagrun for monitoramento_qualidade_dados to 2025-12-17 12:00:00+00:00, run_after=2025-12-17 18:00:00+00:00
[2025-12-17T12:48:24.015+0000] {processor.py:183} INFO - Processing /opt/airflow/dags/monitoramento_principal.py took 1.109 seconds
[2025-12-17T12:48:54.259+0000] {processor.py:161} INFO - Started process (PID=426) to work on /opt/airflow/dags/monitoramento_principal.py
[2025-12-17T12:48:54.260+0000] {processor.py:830} INFO - Processing file /opt/airflow/dags/monitoramento_principal.py for tasks to queue
[2025-12-17T12:48:54.261+0000] {logging_mixin.py:188} INFO - [2025-12-17T12:48:54.261+0000] {dagbag.py:538} INFO - Filling up the DagBag from /opt/airflow/dags/monitoramento_principal.py
[2025-12-17T12:48:55.148+0000] {processor.py:840} INFO - DAG(s) 'monitoramento_qualidade_dados' retrieved from /opt/airflow/dags/monitoramento_principal.py
[2025-12-17T12:48:55.170+0000] {logging_mixin.py:188} INFO - [2025-12-17T12:48:55.170+0000] {dag.py:3036} INFO - Sync 1 DAGs
[2025-12-17T12:48:55.193+0000] {logging_mixin.py:188} INFO - [2025-12-17T12:48:55.193+0000] {dag.py:3823} INFO - Setting next_dagrun for monitoramento_qualidade_dados to 2025-12-17 12:00:00+00:00, run_after=2025-12-17 18:00:00+00:00
[2025-12-17T12:48:55.215+0000] {processor.py:183} INFO - Processing /opt/airflow/dags/monitoramento_principal.py took 0.959 seconds
[2025-12-17T12:49:25.774+0000] {processor.py:161} INFO - Started process (PID=446) to work on /opt/airflow/dags/monitoramento_principal.py
[2025-12-17T12:49:25.775+0000] {processor.py:830} INFO - Processing file /opt/airflow/dags/monitoramento_principal.py for tasks to queue
[2025-12-17T12:49:25.776+0000] {logging_mixin.py:188} INFO - [2025-12-17T12:49:25.776+0000] {dagbag.py:538} INFO - Filling up the DagBag from /opt/airflow/dags/monitoramento_principal.py
[2025-12-17T12:49:26.766+0000] {processor.py:840} INFO - DAG(s) 'monitoramento_qualidade_dados' retrieved from /opt/airflow/dags/monitoramento_principal.py
[2025-12-17T12:49:26.791+0000] {logging_mixin.py:188} INFO - [2025-12-17T12:49:26.790+0000] {dag.py:3036} INFO - Sync 1 DAGs
[2025-12-17T12:49:26.811+0000] {logging_mixin.py:188} INFO - [2025-12-17T12:49:26.811+0000] {dag.py:3823} INFO - Setting next_dagrun for monitoramento_qualidade_dados to 2025-12-17 12:00:00+00:00, run_after=2025-12-17 18:00:00+00:00
[2025-12-17T12:49:26.828+0000] {processor.py:183} INFO - Processing /opt/airflow/dags/monitoramento_principal.py took 1.057 seconds
[2025-12-17T12:49:57.104+0000] {processor.py:161} INFO - Started process (PID=466) to work on /opt/airflow/dags/monitoramento_principal.py
[2025-12-17T12:49:57.106+0000] {processor.py:830} INFO - Processing file /opt/airflow/dags/monitoramento_principal.py for tasks to queue
[2025-12-17T12:49:57.107+0000] {logging_mixin.py:188} INFO - [2025-12-17T12:49:57.107+0000] {dagbag.py:538} INFO - Filling up the DagBag from /opt/airflow/dags/monitoramento_principal.py
[2025-12-17T12:49:58.235+0000] {processor.py:840} INFO - DAG(s) 'monitoramento_qualidade_dados' retrieved from /opt/airflow/dags/monitoramento_principal.py
[2025-12-17T12:49:58.272+0000] {logging_mixin.py:188} INFO - [2025-12-17T12:49:58.272+0000] {dag.py:3036} INFO - Sync 1 DAGs
[2025-12-17T12:49:58.300+0000] {logging_mixin.py:188} INFO - [2025-12-17T12:49:58.300+0000] {dag.py:3823} INFO - Setting next_dagrun for monitoramento_qualidade_dados to 2025-12-17 12:00:00+00:00, run_after=2025-12-17 18:00:00+00:00
[2025-12-17T12:49:58.323+0000] {processor.py:183} INFO - Processing /opt/airflow/dags/monitoramento_principal.py took 1.228 seconds
[2025-12-17T12:50:28.458+0000] {processor.py:161} INFO - Started process (PID=491) to work on /opt/airflow/dags/monitoramento_principal.py
[2025-12-17T12:50:28.463+0000] {processor.py:830} INFO - Processing file /opt/airflow/dags/monitoramento_principal.py for tasks to queue
[2025-12-17T12:50:28.465+0000] {logging_mixin.py:188} INFO - [2025-12-17T12:50:28.464+0000] {dagbag.py:538} INFO - Filling up the DagBag from /opt/airflow/dags/monitoramento_principal.py
[2025-12-17T12:50:30.099+0000] {processor.py:840} INFO - DAG(s) 'monitoramento_qualidade_dados' retrieved from /opt/airflow/dags/monitoramento_principal.py
[2025-12-17T12:50:30.121+0000] {logging_mixin.py:188} INFO - [2025-12-17T12:50:30.121+0000] {dag.py:3036} INFO - Sync 1 DAGs
[2025-12-17T12:50:30.140+0000] {logging_mixin.py:188} INFO - [2025-12-17T12:50:30.140+0000] {dag.py:3823} INFO - Setting next_dagrun for monitoramento_qualidade_dados to 2025-12-17 12:00:00+00:00, run_after=2025-12-17 18:00:00+00:00
[2025-12-17T12:50:30.156+0000] {processor.py:183} INFO - Processing /opt/airflow/dags/monitoramento_principal.py took 1.707 seconds
[2025-12-17T12:51:00.278+0000] {processor.py:161} INFO - Started process (PID=512) to work on /opt/airflow/dags/monitoramento_principal.py
[2025-12-17T12:51:00.280+0000] {processor.py:830} INFO - Processing file /opt/airflow/dags/monitoramento_principal.py for tasks to queue
[2025-12-17T12:51:00.281+0000] {logging_mixin.py:188} INFO - [2025-12-17T12:51:00.280+0000] {dagbag.py:538} INFO - Filling up the DagBag from /opt/airflow/dags/monitoramento_principal.py
[2025-12-17T12:51:01.517+0000] {processor.py:840} INFO - DAG(s) 'monitoramento_qualidade_dados' retrieved from /opt/airflow/dags/monitoramento_principal.py
[2025-12-17T12:51:01.536+0000] {logging_mixin.py:188} INFO - [2025-12-17T12:51:01.536+0000] {dag.py:3036} INFO - Sync 1 DAGs
[2025-12-17T12:51:01.555+0000] {logging_mixin.py:188} INFO - [2025-12-17T12:51:01.555+0000] {dag.py:3823} INFO - Setting next_dagrun for monitoramento_qualidade_dados to 2025-12-17 12:00:00+00:00, run_after=2025-12-17 18:00:00+00:00
[2025-12-17T12:51:01.576+0000] {processor.py:183} INFO - Processing /opt/airflow/dags/monitoramento_principal.py took 1.301 seconds
[2025-12-17T12:51:31.757+0000] {processor.py:161} INFO - Started process (PID=532) to work on /opt/airflow/dags/monitoramento_principal.py
[2025-12-17T12:51:31.758+0000] {processor.py:830} INFO - Processing file /opt/airflow/dags/monitoramento_principal.py for tasks to queue
[2025-12-17T12:51:31.759+0000] {logging_mixin.py:188} INFO - [2025-12-17T12:51:31.759+0000] {dagbag.py:538} INFO - Filling up the DagBag from /opt/airflow/dags/monitoramento_principal.py
[2025-12-17T12:51:32.735+0000] {processor.py:840} INFO - DAG(s) 'monitoramento_qualidade_dados' retrieved from /opt/airflow/dags/monitoramento_principal.py
[2025-12-17T12:51:32.770+0000] {logging_mixin.py:188} INFO - [2025-12-17T12:51:32.770+0000] {dag.py:3036} INFO - Sync 1 DAGs
[2025-12-17T12:51:32.842+0000] {logging_mixin.py:188} INFO - [2025-12-17T12:51:32.842+0000] {dag.py:3823} INFO - Setting next_dagrun for monitoramento_qualidade_dados to 2025-12-17 12:00:00+00:00, run_after=2025-12-17 18:00:00+00:00
[2025-12-17T12:51:32.871+0000] {processor.py:183} INFO - Processing /opt/airflow/dags/monitoramento_principal.py took 1.117 seconds
[2025-12-17T12:52:03.098+0000] {processor.py:161} INFO - Started process (PID=552) to work on /opt/airflow/dags/monitoramento_principal.py
[2025-12-17T12:52:03.100+0000] {processor.py:830} INFO - Processing file /opt/airflow/dags/monitoramento_principal.py for tasks to queue
[2025-12-17T12:52:03.101+0000] {logging_mixin.py:188} INFO - [2025-12-17T12:52:03.100+0000] {dagbag.py:538} INFO - Filling up the DagBag from /opt/airflow/dags/monitoramento_principal.py
[2025-12-17T12:52:03.931+0000] {processor.py:840} INFO - DAG(s) 'monitoramento_qualidade_dados' retrieved from /opt/airflow/dags/monitoramento_principal.py
[2025-12-17T12:52:03.949+0000] {logging_mixin.py:188} INFO - [2025-12-17T12:52:03.949+0000] {dag.py:3036} INFO - Sync 1 DAGs
[2025-12-17T12:52:03.968+0000] {logging_mixin.py:188} INFO - [2025-12-17T12:52:03.967+0000] {dag.py:3823} INFO - Setting next_dagrun for monitoramento_qualidade_dados to 2025-12-17 12:00:00+00:00, run_after=2025-12-17 18:00:00+00:00
[2025-12-17T12:52:03.988+0000] {processor.py:183} INFO - Processing /opt/airflow/dags/monitoramento_principal.py took 0.894 seconds
[2025-12-17T12:52:34.355+0000] {processor.py:161} INFO - Started process (PID=572) to work on /opt/airflow/dags/monitoramento_principal.py
[2025-12-17T12:52:34.356+0000] {processor.py:830} INFO - Processing file /opt/airflow/dags/monitoramento_principal.py for tasks to queue
[2025-12-17T12:52:34.357+0000] {logging_mixin.py:188} INFO - [2025-12-17T12:52:34.357+0000] {dagbag.py:538} INFO - Filling up the DagBag from /opt/airflow/dags/monitoramento_principal.py
[2025-12-17T12:52:35.176+0000] {processor.py:840} INFO - DAG(s) 'monitoramento_qualidade_dados' retrieved from /opt/airflow/dags/monitoramento_principal.py
[2025-12-17T12:52:35.195+0000] {logging_mixin.py:188} INFO - [2025-12-17T12:52:35.194+0000] {dag.py:3036} INFO - Sync 1 DAGs
[2025-12-17T12:52:35.214+0000] {logging_mixin.py:188} INFO - [2025-12-17T12:52:35.213+0000] {dag.py:3823} INFO - Setting next_dagrun for monitoramento_qualidade_dados to 2025-12-17 12:00:00+00:00, run_after=2025-12-17 18:00:00+00:00
[2025-12-17T12:52:35.231+0000] {processor.py:183} INFO - Processing /opt/airflow/dags/monitoramento_principal.py took 0.879 seconds
[2025-12-17T12:53:05.502+0000] {processor.py:161} INFO - Started process (PID=597) to work on /opt/airflow/dags/monitoramento_principal.py
[2025-12-17T12:53:05.503+0000] {processor.py:830} INFO - Processing file /opt/airflow/dags/monitoramento_principal.py for tasks to queue
[2025-12-17T12:53:05.504+0000] {logging_mixin.py:188} INFO - [2025-12-17T12:53:05.504+0000] {dagbag.py:538} INFO - Filling up the DagBag from /opt/airflow/dags/monitoramento_principal.py
[2025-12-17T12:53:06.448+0000] {processor.py:840} INFO - DAG(s) 'monitoramento_qualidade_dados' retrieved from /opt/airflow/dags/monitoramento_principal.py
[2025-12-17T12:53:06.473+0000] {logging_mixin.py:188} INFO - [2025-12-17T12:53:06.472+0000] {dag.py:3036} INFO - Sync 1 DAGs
[2025-12-17T12:53:06.492+0000] {logging_mixin.py:188} INFO - [2025-12-17T12:53:06.491+0000] {dag.py:3823} INFO - Setting next_dagrun for monitoramento_qualidade_dados to 2025-12-17 12:00:00+00:00, run_after=2025-12-17 18:00:00+00:00
[2025-12-17T12:53:06.510+0000] {processor.py:183} INFO - Processing /opt/airflow/dags/monitoramento_principal.py took 1.010 seconds
[2025-12-17T12:53:36.785+0000] {processor.py:161} INFO - Started process (PID=623) to work on /opt/airflow/dags/monitoramento_principal.py
[2025-12-17T12:53:36.786+0000] {processor.py:830} INFO - Processing file /opt/airflow/dags/monitoramento_principal.py for tasks to queue
[2025-12-17T12:53:36.788+0000] {logging_mixin.py:188} INFO - [2025-12-17T12:53:36.787+0000] {dagbag.py:538} INFO - Filling up the DagBag from /opt/airflow/dags/monitoramento_principal.py
[2025-12-17T12:53:38.410+0000] {processor.py:840} INFO - DAG(s) 'monitoramento_qualidade_dados' retrieved from /opt/airflow/dags/monitoramento_principal.py
[2025-12-17T12:53:38.430+0000] {logging_mixin.py:188} INFO - [2025-12-17T12:53:38.429+0000] {dag.py:3036} INFO - Sync 1 DAGs
[2025-12-17T12:53:38.447+0000] {logging_mixin.py:188} INFO - [2025-12-17T12:53:38.446+0000] {dag.py:3823} INFO - Setting next_dagrun for monitoramento_qualidade_dados to 2025-12-17 12:00:00+00:00, run_after=2025-12-17 18:00:00+00:00
[2025-12-17T12:53:38.702+0000] {processor.py:183} INFO - Processing /opt/airflow/dags/monitoramento_principal.py took 1.921 seconds
[2025-12-17T12:54:09.025+0000] {processor.py:161} INFO - Started process (PID=643) to work on /opt/airflow/dags/monitoramento_principal.py
[2025-12-17T12:54:09.026+0000] {processor.py:830} INFO - Processing file /opt/airflow/dags/monitoramento_principal.py for tasks to queue
[2025-12-17T12:54:09.027+0000] {logging_mixin.py:188} INFO - [2025-12-17T12:54:09.027+0000] {dagbag.py:538} INFO - Filling up the DagBag from /opt/airflow/dags/monitoramento_principal.py
[2025-12-17T12:54:09.930+0000] {processor.py:840} INFO - DAG(s) 'monitoramento_qualidade_dados' retrieved from /opt/airflow/dags/monitoramento_principal.py
[2025-12-17T12:54:09.953+0000] {logging_mixin.py:188} INFO - [2025-12-17T12:54:09.953+0000] {dag.py:3036} INFO - Sync 1 DAGs
[2025-12-17T12:54:09.973+0000] {logging_mixin.py:188} INFO - [2025-12-17T12:54:09.973+0000] {dag.py:3823} INFO - Setting next_dagrun for monitoramento_qualidade_dados to 2025-12-17 12:00:00+00:00, run_after=2025-12-17 18:00:00+00:00
[2025-12-17T12:54:09.991+0000] {processor.py:183} INFO - Processing /opt/airflow/dags/monitoramento_principal.py took 0.969 seconds
[2025-12-17T12:54:40.323+0000] {processor.py:161} INFO - Started process (PID=663) to work on /opt/airflow/dags/monitoramento_principal.py
[2025-12-17T12:54:40.324+0000] {processor.py:830} INFO - Processing file /opt/airflow/dags/monitoramento_principal.py for tasks to queue
[2025-12-17T12:54:40.325+0000] {logging_mixin.py:188} INFO - [2025-12-17T12:54:40.325+0000] {dagbag.py:538} INFO - Filling up the DagBag from /opt/airflow/dags/monitoramento_principal.py
[2025-12-17T12:54:41.106+0000] {processor.py:840} INFO - DAG(s) 'monitoramento_qualidade_dados' retrieved from /opt/airflow/dags/monitoramento_principal.py
[2025-12-17T12:54:41.128+0000] {logging_mixin.py:188} INFO - [2025-12-17T12:54:41.127+0000] {dag.py:3036} INFO - Sync 1 DAGs
[2025-12-17T12:54:41.144+0000] {logging_mixin.py:188} INFO - [2025-12-17T12:54:41.144+0000] {dag.py:3823} INFO - Setting next_dagrun for monitoramento_qualidade_dados to 2025-12-17 12:00:00+00:00, run_after=2025-12-17 18:00:00+00:00
[2025-12-17T12:54:41.161+0000] {processor.py:183} INFO - Processing /opt/airflow/dags/monitoramento_principal.py took 0.843 seconds
[2025-12-17T12:55:11.666+0000] {processor.py:161} INFO - Started process (PID=684) to work on /opt/airflow/dags/monitoramento_principal.py
[2025-12-17T12:55:11.667+0000] {processor.py:830} INFO - Processing file /opt/airflow/dags/monitoramento_principal.py for tasks to queue
[2025-12-17T12:55:11.668+0000] {logging_mixin.py:188} INFO - [2025-12-17T12:55:11.668+0000] {dagbag.py:538} INFO - Filling up the DagBag from /opt/airflow/dags/monitoramento_principal.py
[2025-12-17T12:55:12.414+0000] {processor.py:840} INFO - DAG(s) 'monitoramento_qualidade_dados' retrieved from /opt/airflow/dags/monitoramento_principal.py
[2025-12-17T12:55:12.433+0000] {logging_mixin.py:188} INFO - [2025-12-17T12:55:12.432+0000] {dag.py:3036} INFO - Sync 1 DAGs
[2025-12-17T12:55:12.450+0000] {logging_mixin.py:188} INFO - [2025-12-17T12:55:12.450+0000] {dag.py:3823} INFO - Setting next_dagrun for monitoramento_qualidade_dados to 2025-12-17 12:00:00+00:00, run_after=2025-12-17 18:00:00+00:00
[2025-12-17T12:55:12.468+0000] {processor.py:183} INFO - Processing /opt/airflow/dags/monitoramento_principal.py took 0.805 seconds
[2025-12-17T12:55:42.758+0000] {processor.py:161} INFO - Started process (PID=710) to work on /opt/airflow/dags/monitoramento_principal.py
[2025-12-17T12:55:42.760+0000] {processor.py:830} INFO - Processing file /opt/airflow/dags/monitoramento_principal.py for tasks to queue
[2025-12-17T12:55:42.760+0000] {logging_mixin.py:188} INFO - [2025-12-17T12:55:42.760+0000] {dagbag.py:538} INFO - Filling up the DagBag from /opt/airflow/dags/monitoramento_principal.py
[2025-12-17T12:55:43.515+0000] {processor.py:840} INFO - DAG(s) 'monitoramento_qualidade_dados' retrieved from /opt/airflow/dags/monitoramento_principal.py
[2025-12-17T12:55:43.537+0000] {logging_mixin.py:188} INFO - [2025-12-17T12:55:43.537+0000] {dag.py:3036} INFO - Sync 1 DAGs
[2025-12-17T12:55:43.556+0000] {logging_mixin.py:188} INFO - [2025-12-17T12:55:43.556+0000] {dag.py:3823} INFO - Setting next_dagrun for monitoramento_qualidade_dados to 2025-12-17 12:00:00+00:00, run_after=2025-12-17 18:00:00+00:00
[2025-12-17T12:55:43.571+0000] {processor.py:183} INFO - Processing /opt/airflow/dags/monitoramento_principal.py took 0.816 seconds
[2025-12-17T12:56:14.143+0000] {processor.py:161} INFO - Started process (PID=730) to work on /opt/airflow/dags/monitoramento_principal.py
[2025-12-17T12:56:14.144+0000] {processor.py:830} INFO - Processing file /opt/airflow/dags/monitoramento_principal.py for tasks to queue
[2025-12-17T12:56:14.145+0000] {logging_mixin.py:188} INFO - [2025-12-17T12:56:14.145+0000] {dagbag.py:538} INFO - Filling up the DagBag from /opt/airflow/dags/monitoramento_principal.py
[2025-12-17T12:56:14.986+0000] {processor.py:840} INFO - DAG(s) 'monitoramento_qualidade_dados' retrieved from /opt/airflow/dags/monitoramento_principal.py
[2025-12-17T12:56:15.008+0000] {logging_mixin.py:188} INFO - [2025-12-17T12:56:15.008+0000] {dag.py:3036} INFO - Sync 1 DAGs
[2025-12-17T12:56:15.027+0000] {logging_mixin.py:188} INFO - [2025-12-17T12:56:15.027+0000] {dag.py:3823} INFO - Setting next_dagrun for monitoramento_qualidade_dados to 2025-12-17 12:00:00+00:00, run_after=2025-12-17 18:00:00+00:00
[2025-12-17T12:56:15.043+0000] {processor.py:183} INFO - Processing /opt/airflow/dags/monitoramento_principal.py took 0.903 seconds
[2025-12-17T12:56:45.513+0000] {processor.py:161} INFO - Started process (PID=750) to work on /opt/airflow/dags/monitoramento_principal.py
[2025-12-17T12:56:45.514+0000] {processor.py:830} INFO - Processing file /opt/airflow/dags/monitoramento_principal.py for tasks to queue
[2025-12-17T12:56:45.515+0000] {logging_mixin.py:188} INFO - [2025-12-17T12:56:45.515+0000] {dagbag.py:538} INFO - Filling up the DagBag from /opt/airflow/dags/monitoramento_principal.py
[2025-12-17T12:56:46.301+0000] {processor.py:840} INFO - DAG(s) 'monitoramento_qualidade_dados' retrieved from /opt/airflow/dags/monitoramento_principal.py
[2025-12-17T12:56:46.337+0000] {logging_mixin.py:188} INFO - [2025-12-17T12:56:46.337+0000] {dag.py:3036} INFO - Sync 1 DAGs
[2025-12-17T12:56:46.357+0000] {logging_mixin.py:188} INFO - [2025-12-17T12:56:46.357+0000] {dag.py:3823} INFO - Setting next_dagrun for monitoramento_qualidade_dados to 2025-12-17 12:00:00+00:00, run_after=2025-12-17 18:00:00+00:00
[2025-12-17T12:56:46.377+0000] {processor.py:183} INFO - Processing /opt/airflow/dags/monitoramento_principal.py took 0.868 seconds
[2025-12-17T12:57:16.744+0000] {processor.py:161} INFO - Started process (PID=770) to work on /opt/airflow/dags/monitoramento_principal.py
[2025-12-17T12:57:16.745+0000] {processor.py:830} INFO - Processing file /opt/airflow/dags/monitoramento_principal.py for tasks to queue
[2025-12-17T12:57:16.746+0000] {logging_mixin.py:188} INFO - [2025-12-17T12:57:16.746+0000] {dagbag.py:538} INFO - Filling up the DagBag from /opt/airflow/dags/monitoramento_principal.py
[2025-12-17T12:57:17.599+0000] {processor.py:840} INFO - DAG(s) 'monitoramento_qualidade_dados' retrieved from /opt/airflow/dags/monitoramento_principal.py
[2025-12-17T12:57:17.624+0000] {logging_mixin.py:188} INFO - [2025-12-17T12:57:17.623+0000] {dag.py:3036} INFO - Sync 1 DAGs
[2025-12-17T12:57:17.645+0000] {logging_mixin.py:188} INFO - [2025-12-17T12:57:17.645+0000] {dag.py:3823} INFO - Setting next_dagrun for monitoramento_qualidade_dados to 2025-12-17 12:00:00+00:00, run_after=2025-12-17 18:00:00+00:00
[2025-12-17T12:57:17.663+0000] {processor.py:183} INFO - Processing /opt/airflow/dags/monitoramento_principal.py took 0.928 seconds
[2025-12-17T12:57:47.961+0000] {processor.py:161} INFO - Started process (PID=796) to work on /opt/airflow/dags/monitoramento_principal.py
[2025-12-17T12:57:47.962+0000] {processor.py:830} INFO - Processing file /opt/airflow/dags/monitoramento_principal.py for tasks to queue
[2025-12-17T12:57:47.963+0000] {logging_mixin.py:188} INFO - [2025-12-17T12:57:47.963+0000] {dagbag.py:538} INFO - Filling up the DagBag from /opt/airflow/dags/monitoramento_principal.py
[2025-12-17T12:57:48.865+0000] {processor.py:840} INFO - DAG(s) 'monitoramento_qualidade_dados' retrieved from /opt/airflow/dags/monitoramento_principal.py
[2025-12-17T12:57:48.892+0000] {logging_mixin.py:188} INFO - [2025-12-17T12:57:48.892+0000] {dag.py:3036} INFO - Sync 1 DAGs
[2025-12-17T12:57:48.910+0000] {logging_mixin.py:188} INFO - [2025-12-17T12:57:48.910+0000] {dag.py:3823} INFO - Setting next_dagrun for monitoramento_qualidade_dados to 2025-12-17 12:00:00+00:00, run_after=2025-12-17 18:00:00+00:00
[2025-12-17T12:57:48.926+0000] {processor.py:183} INFO - Processing /opt/airflow/dags/monitoramento_principal.py took 0.968 seconds
[2025-12-17T12:58:19.204+0000] {processor.py:161} INFO - Started process (PID=816) to work on /opt/airflow/dags/monitoramento_principal.py
[2025-12-17T12:58:19.206+0000] {processor.py:830} INFO - Processing file /opt/airflow/dags/monitoramento_principal.py for tasks to queue
[2025-12-17T12:58:19.207+0000] {logging_mixin.py:188} INFO - [2025-12-17T12:58:19.206+0000] {dagbag.py:538} INFO - Filling up the DagBag from /opt/airflow/dags/monitoramento_principal.py
[2025-12-17T12:58:20.069+0000] {processor.py:840} INFO - DAG(s) 'monitoramento_qualidade_dados' retrieved from /opt/airflow/dags/monitoramento_principal.py
[2025-12-17T12:58:20.091+0000] {logging_mixin.py:188} INFO - [2025-12-17T12:58:20.090+0000] {dag.py:3036} INFO - Sync 1 DAGs
[2025-12-17T12:58:20.111+0000] {logging_mixin.py:188} INFO - [2025-12-17T12:58:20.111+0000] {dag.py:3823} INFO - Setting next_dagrun for monitoramento_qualidade_dados to 2025-12-17 12:00:00+00:00, run_after=2025-12-17 18:00:00+00:00
[2025-12-17T12:58:20.129+0000] {processor.py:183} INFO - Processing /opt/airflow/dags/monitoramento_principal.py took 0.929 seconds
[2025-12-17T12:58:50.504+0000] {processor.py:161} INFO - Started process (PID=842) to work on /opt/airflow/dags/monitoramento_principal.py
[2025-12-17T12:58:50.505+0000] {processor.py:830} INFO - Processing file /opt/airflow/dags/monitoramento_principal.py for tasks to queue
[2025-12-17T12:58:50.506+0000] {logging_mixin.py:188} INFO - [2025-12-17T12:58:50.506+0000] {dagbag.py:538} INFO - Filling up the DagBag from /opt/airflow/dags/monitoramento_principal.py
[2025-12-17T12:58:51.241+0000] {processor.py:840} INFO - DAG(s) 'monitoramento_qualidade_dados' retrieved from /opt/airflow/dags/monitoramento_principal.py
[2025-12-17T12:58:51.260+0000] {logging_mixin.py:188} INFO - [2025-12-17T12:58:51.259+0000] {dag.py:3036} INFO - Sync 1 DAGs
[2025-12-17T12:58:51.278+0000] {logging_mixin.py:188} INFO - [2025-12-17T12:58:51.277+0000] {dag.py:3823} INFO - Setting next_dagrun for monitoramento_qualidade_dados to 2025-12-17 12:00:00+00:00, run_after=2025-12-17 18:00:00+00:00
[2025-12-17T12:58:51.298+0000] {processor.py:183} INFO - Processing /opt/airflow/dags/monitoramento_principal.py took 0.797 seconds
[2025-12-17T12:59:21.896+0000] {processor.py:161} INFO - Started process (PID=867) to work on /opt/airflow/dags/monitoramento_principal.py
[2025-12-17T12:59:21.897+0000] {processor.py:830} INFO - Processing file /opt/airflow/dags/monitoramento_principal.py for tasks to queue
[2025-12-17T12:59:21.898+0000] {logging_mixin.py:188} INFO - [2025-12-17T12:59:21.897+0000] {dagbag.py:538} INFO - Filling up the DagBag from /opt/airflow/dags/monitoramento_principal.py
[2025-12-17T12:59:22.660+0000] {processor.py:840} INFO - DAG(s) 'monitoramento_qualidade_dados' retrieved from /opt/airflow/dags/monitoramento_principal.py
[2025-12-17T12:59:22.683+0000] {logging_mixin.py:188} INFO - [2025-12-17T12:59:22.683+0000] {dag.py:3036} INFO - Sync 1 DAGs
[2025-12-17T12:59:22.701+0000] {logging_mixin.py:188} INFO - [2025-12-17T12:59:22.701+0000] {dag.py:3823} INFO - Setting next_dagrun for monitoramento_qualidade_dados to 2025-12-17 12:00:00+00:00, run_after=2025-12-17 18:00:00+00:00
[2025-12-17T12:59:22.718+0000] {processor.py:183} INFO - Processing /opt/airflow/dags/monitoramento_principal.py took 0.826 seconds
[2025-12-17T12:59:53.010+0000] {processor.py:161} INFO - Started process (PID=887) to work on /opt/airflow/dags/monitoramento_principal.py
[2025-12-17T12:59:53.012+0000] {processor.py:830} INFO - Processing file /opt/airflow/dags/monitoramento_principal.py for tasks to queue
[2025-12-17T12:59:53.013+0000] {logging_mixin.py:188} INFO - [2025-12-17T12:59:53.012+0000] {dagbag.py:538} INFO - Filling up the DagBag from /opt/airflow/dags/monitoramento_principal.py
[2025-12-17T12:59:53.731+0000] {processor.py:840} INFO - DAG(s) 'monitoramento_qualidade_dados' retrieved from /opt/airflow/dags/monitoramento_principal.py
[2025-12-17T12:59:53.751+0000] {logging_mixin.py:188} INFO - [2025-12-17T12:59:53.751+0000] {dag.py:3036} INFO - Sync 1 DAGs
[2025-12-17T12:59:53.769+0000] {logging_mixin.py:188} INFO - [2025-12-17T12:59:53.769+0000] {dag.py:3823} INFO - Setting next_dagrun for monitoramento_qualidade_dados to 2025-12-17 12:00:00+00:00, run_after=2025-12-17 18:00:00+00:00
[2025-12-17T12:59:53.786+0000] {processor.py:183} INFO - Processing /opt/airflow/dags/monitoramento_principal.py took 0.779 seconds
[2025-12-17T13:00:24.396+0000] {processor.py:161} INFO - Started process (PID=913) to work on /opt/airflow/dags/monitoramento_principal.py
[2025-12-17T13:00:24.397+0000] {processor.py:830} INFO - Processing file /opt/airflow/dags/monitoramento_principal.py for tasks to queue
[2025-12-17T13:00:24.398+0000] {logging_mixin.py:188} INFO - [2025-12-17T13:00:24.398+0000] {dagbag.py:538} INFO - Filling up the DagBag from /opt/airflow/dags/monitoramento_principal.py
[2025-12-17T13:00:25.174+0000] {processor.py:840} INFO - DAG(s) 'monitoramento_qualidade_dados' retrieved from /opt/airflow/dags/monitoramento_principal.py
[2025-12-17T13:00:25.197+0000] {logging_mixin.py:188} INFO - [2025-12-17T13:00:25.196+0000] {dag.py:3036} INFO - Sync 1 DAGs
[2025-12-17T13:00:25.214+0000] {logging_mixin.py:188} INFO - [2025-12-17T13:00:25.213+0000] {dag.py:3823} INFO - Setting next_dagrun for monitoramento_qualidade_dados to 2025-12-17 12:00:00+00:00, run_after=2025-12-17 18:00:00+00:00
[2025-12-17T13:00:25.232+0000] {processor.py:183} INFO - Processing /opt/airflow/dags/monitoramento_principal.py took 0.839 seconds
[2025-12-17T13:00:55.527+0000] {processor.py:161} INFO - Started process (PID=933) to work on /opt/airflow/dags/monitoramento_principal.py
[2025-12-17T13:00:55.528+0000] {processor.py:830} INFO - Processing file /opt/airflow/dags/monitoramento_principal.py for tasks to queue
[2025-12-17T13:00:55.529+0000] {logging_mixin.py:188} INFO - [2025-12-17T13:00:55.528+0000] {dagbag.py:538} INFO - Filling up the DagBag from /opt/airflow/dags/monitoramento_principal.py
[2025-12-17T13:00:56.444+0000] {processor.py:840} INFO - DAG(s) 'monitoramento_qualidade_dados' retrieved from /opt/airflow/dags/monitoramento_principal.py
[2025-12-17T13:00:56.470+0000] {logging_mixin.py:188} INFO - [2025-12-17T13:00:56.470+0000] {dag.py:3036} INFO - Sync 1 DAGs
[2025-12-17T13:00:56.495+0000] {logging_mixin.py:188} INFO - [2025-12-17T13:00:56.495+0000] {dag.py:3823} INFO - Setting next_dagrun for monitoramento_qualidade_dados to 2025-12-17 12:00:00+00:00, run_after=2025-12-17 18:00:00+00:00
[2025-12-17T13:00:56.521+0000] {processor.py:183} INFO - Processing /opt/airflow/dags/monitoramento_principal.py took 0.997 seconds
[2025-12-17T13:01:26.859+0000] {processor.py:161} INFO - Started process (PID=953) to work on /opt/airflow/dags/monitoramento_principal.py
[2025-12-17T13:01:26.860+0000] {processor.py:830} INFO - Processing file /opt/airflow/dags/monitoramento_principal.py for tasks to queue
[2025-12-17T13:01:26.861+0000] {logging_mixin.py:188} INFO - [2025-12-17T13:01:26.861+0000] {dagbag.py:538} INFO - Filling up the DagBag from /opt/airflow/dags/monitoramento_principal.py
[2025-12-17T13:01:27.647+0000] {processor.py:840} INFO - DAG(s) 'monitoramento_qualidade_dados' retrieved from /opt/airflow/dags/monitoramento_principal.py
[2025-12-17T13:01:27.669+0000] {logging_mixin.py:188} INFO - [2025-12-17T13:01:27.669+0000] {dag.py:3036} INFO - Sync 1 DAGs
[2025-12-17T13:01:27.687+0000] {logging_mixin.py:188} INFO - [2025-12-17T13:01:27.687+0000] {dag.py:3823} INFO - Setting next_dagrun for monitoramento_qualidade_dados to 2025-12-17 12:00:00+00:00, run_after=2025-12-17 18:00:00+00:00
[2025-12-17T13:01:27.707+0000] {processor.py:183} INFO - Processing /opt/airflow/dags/monitoramento_principal.py took 0.850 seconds
[2025-12-17T13:01:58.016+0000] {processor.py:161} INFO - Started process (PID=973) to work on /opt/airflow/dags/monitoramento_principal.py
[2025-12-17T13:01:58.017+0000] {processor.py:830} INFO - Processing file /opt/airflow/dags/monitoramento_principal.py for tasks to queue
[2025-12-17T13:01:58.018+0000] {logging_mixin.py:188} INFO - [2025-12-17T13:01:58.017+0000] {dagbag.py:538} INFO - Filling up the DagBag from /opt/airflow/dags/monitoramento_principal.py
[2025-12-17T13:01:58.840+0000] {processor.py:840} INFO - DAG(s) 'monitoramento_qualidade_dados' retrieved from /opt/airflow/dags/monitoramento_principal.py
[2025-12-17T13:01:58.860+0000] {logging_mixin.py:188} INFO - [2025-12-17T13:01:58.859+0000] {dag.py:3036} INFO - Sync 1 DAGs
[2025-12-17T13:01:58.879+0000] {logging_mixin.py:188} INFO - [2025-12-17T13:01:58.879+0000] {dag.py:3823} INFO - Setting next_dagrun for monitoramento_qualidade_dados to 2025-12-17 12:00:00+00:00, run_after=2025-12-17 18:00:00+00:00
[2025-12-17T13:01:58.898+0000] {processor.py:183} INFO - Processing /opt/airflow/dags/monitoramento_principal.py took 0.885 seconds
[2025-12-17T13:02:29.269+0000] {processor.py:161} INFO - Started process (PID=993) to work on /opt/airflow/dags/monitoramento_principal.py
[2025-12-17T13:02:29.271+0000] {processor.py:830} INFO - Processing file /opt/airflow/dags/monitoramento_principal.py for tasks to queue
[2025-12-17T13:02:29.272+0000] {logging_mixin.py:188} INFO - [2025-12-17T13:02:29.272+0000] {dagbag.py:538} INFO - Filling up the DagBag from /opt/airflow/dags/monitoramento_principal.py
[2025-12-17T13:02:30.058+0000] {processor.py:840} INFO - DAG(s) 'monitoramento_qualidade_dados' retrieved from /opt/airflow/dags/monitoramento_principal.py
[2025-12-17T13:02:30.080+0000] {logging_mixin.py:188} INFO - [2025-12-17T13:02:30.079+0000] {dag.py:3036} INFO - Sync 1 DAGs
[2025-12-17T13:02:30.117+0000] {logging_mixin.py:188} INFO - [2025-12-17T13:02:30.116+0000] {dag.py:3823} INFO - Setting next_dagrun for monitoramento_qualidade_dados to 2025-12-17 12:00:00+00:00, run_after=2025-12-17 18:00:00+00:00
[2025-12-17T13:02:30.140+0000] {processor.py:183} INFO - Processing /opt/airflow/dags/monitoramento_principal.py took 0.874 seconds
[2025-12-17T13:03:00.546+0000] {processor.py:161} INFO - Started process (PID=1013) to work on /opt/airflow/dags/monitoramento_principal.py
[2025-12-17T13:03:00.546+0000] {processor.py:830} INFO - Processing file /opt/airflow/dags/monitoramento_principal.py for tasks to queue
[2025-12-17T13:03:00.547+0000] {logging_mixin.py:188} INFO - [2025-12-17T13:03:00.547+0000] {dagbag.py:538} INFO - Filling up the DagBag from /opt/airflow/dags/monitoramento_principal.py
[2025-12-17T13:03:01.347+0000] {processor.py:840} INFO - DAG(s) 'monitoramento_qualidade_dados' retrieved from /opt/airflow/dags/monitoramento_principal.py
[2025-12-17T13:03:01.375+0000] {logging_mixin.py:188} INFO - [2025-12-17T13:03:01.375+0000] {dag.py:3036} INFO - Sync 1 DAGs
[2025-12-17T13:03:01.395+0000] {logging_mixin.py:188} INFO - [2025-12-17T13:03:01.395+0000] {dag.py:3823} INFO - Setting next_dagrun for monitoramento_qualidade_dados to 2025-12-17 12:00:00+00:00, run_after=2025-12-17 18:00:00+00:00
[2025-12-17T13:03:01.415+0000] {processor.py:183} INFO - Processing /opt/airflow/dags/monitoramento_principal.py took 0.872 seconds
[2025-12-17T13:03:31.802+0000] {processor.py:161} INFO - Started process (PID=1033) to work on /opt/airflow/dags/monitoramento_principal.py
[2025-12-17T13:03:31.803+0000] {processor.py:830} INFO - Processing file /opt/airflow/dags/monitoramento_principal.py for tasks to queue
[2025-12-17T13:03:31.804+0000] {logging_mixin.py:188} INFO - [2025-12-17T13:03:31.803+0000] {dagbag.py:538} INFO - Filling up the DagBag from /opt/airflow/dags/monitoramento_principal.py
[2025-12-17T13:03:32.576+0000] {processor.py:840} INFO - DAG(s) 'monitoramento_qualidade_dados' retrieved from /opt/airflow/dags/monitoramento_principal.py
[2025-12-17T13:03:32.602+0000] {logging_mixin.py:188} INFO - [2025-12-17T13:03:32.601+0000] {dag.py:3036} INFO - Sync 1 DAGs
[2025-12-17T13:03:32.620+0000] {logging_mixin.py:188} INFO - [2025-12-17T13:03:32.620+0000] {dag.py:3823} INFO - Setting next_dagrun for monitoramento_qualidade_dados to 2025-12-17 12:00:00+00:00, run_after=2025-12-17 18:00:00+00:00
[2025-12-17T13:03:32.640+0000] {processor.py:183} INFO - Processing /opt/airflow/dags/monitoramento_principal.py took 0.841 seconds
[2025-12-17T13:04:02.917+0000] {processor.py:161} INFO - Started process (PID=1053) to work on /opt/airflow/dags/monitoramento_principal.py
[2025-12-17T13:04:02.918+0000] {processor.py:830} INFO - Processing file /opt/airflow/dags/monitoramento_principal.py for tasks to queue
[2025-12-17T13:04:02.919+0000] {logging_mixin.py:188} INFO - [2025-12-17T13:04:02.919+0000] {dagbag.py:538} INFO - Filling up the DagBag from /opt/airflow/dags/monitoramento_principal.py
[2025-12-17T13:04:03.712+0000] {processor.py:840} INFO - DAG(s) 'monitoramento_qualidade_dados' retrieved from /opt/airflow/dags/monitoramento_principal.py
[2025-12-17T13:04:03.732+0000] {logging_mixin.py:188} INFO - [2025-12-17T13:04:03.732+0000] {dag.py:3036} INFO - Sync 1 DAGs
[2025-12-17T13:04:03.749+0000] {logging_mixin.py:188} INFO - [2025-12-17T13:04:03.749+0000] {dag.py:3823} INFO - Setting next_dagrun for monitoramento_qualidade_dados to 2025-12-17 12:00:00+00:00, run_after=2025-12-17 18:00:00+00:00
[2025-12-17T13:04:03.766+0000] {processor.py:183} INFO - Processing /opt/airflow/dags/monitoramento_principal.py took 0.852 seconds
[2025-12-17T13:04:34.455+0000] {processor.py:161} INFO - Started process (PID=1074) to work on /opt/airflow/dags/monitoramento_principal.py
[2025-12-17T13:04:34.457+0000] {processor.py:830} INFO - Processing file /opt/airflow/dags/monitoramento_principal.py for tasks to queue
[2025-12-17T13:04:34.458+0000] {logging_mixin.py:188} INFO - [2025-12-17T13:04:34.457+0000] {dagbag.py:538} INFO - Filling up the DagBag from /opt/airflow/dags/monitoramento_principal.py
[2025-12-17T13:04:35.342+0000] {processor.py:840} INFO - DAG(s) 'monitoramento_qualidade_dados' retrieved from /opt/airflow/dags/monitoramento_principal.py
[2025-12-17T13:04:35.367+0000] {logging_mixin.py:188} INFO - [2025-12-17T13:04:35.366+0000] {dag.py:3036} INFO - Sync 1 DAGs
[2025-12-17T13:04:35.387+0000] {logging_mixin.py:188} INFO - [2025-12-17T13:04:35.387+0000] {dag.py:3823} INFO - Setting next_dagrun for monitoramento_qualidade_dados to 2025-12-17 12:00:00+00:00, run_after=2025-12-17 18:00:00+00:00
[2025-12-17T13:04:35.405+0000] {processor.py:183} INFO - Processing /opt/airflow/dags/monitoramento_principal.py took 0.953 seconds
[2025-12-17T13:05:05.682+0000] {processor.py:161} INFO - Started process (PID=1094) to work on /opt/airflow/dags/monitoramento_principal.py
[2025-12-17T13:05:05.683+0000] {processor.py:830} INFO - Processing file /opt/airflow/dags/monitoramento_principal.py for tasks to queue
[2025-12-17T13:05:05.684+0000] {logging_mixin.py:188} INFO - [2025-12-17T13:05:05.684+0000] {dagbag.py:538} INFO - Filling up the DagBag from /opt/airflow/dags/monitoramento_principal.py
[2025-12-17T13:05:06.759+0000] {processor.py:840} INFO - DAG(s) 'monitoramento_qualidade_dados' retrieved from /opt/airflow/dags/monitoramento_principal.py
[2025-12-17T13:05:06.784+0000] {logging_mixin.py:188} INFO - [2025-12-17T13:05:06.784+0000] {dag.py:3036} INFO - Sync 1 DAGs
[2025-12-17T13:05:06.808+0000] {logging_mixin.py:188} INFO - [2025-12-17T13:05:06.808+0000] {dag.py:3823} INFO - Setting next_dagrun for monitoramento_qualidade_dados to 2025-12-17 12:00:00+00:00, run_after=2025-12-17 18:00:00+00:00
[2025-12-17T13:05:06.841+0000] {processor.py:183} INFO - Processing /opt/airflow/dags/monitoramento_principal.py took 1.163 seconds
[2025-12-17T13:05:37.137+0000] {processor.py:161} INFO - Started process (PID=1137) to work on /opt/airflow/dags/monitoramento_principal.py
[2025-12-17T13:05:37.146+0000] {processor.py:830} INFO - Processing file /opt/airflow/dags/monitoramento_principal.py for tasks to queue
[2025-12-17T13:05:37.150+0000] {logging_mixin.py:188} INFO - [2025-12-17T13:05:37.149+0000] {dagbag.py:538} INFO - Filling up the DagBag from /opt/airflow/dags/monitoramento_principal.py
[2025-12-17T13:05:38.187+0000] {processor.py:840} INFO - DAG(s) 'monitoramento_qualidade_dados' retrieved from /opt/airflow/dags/monitoramento_principal.py
[2025-12-17T13:05:38.208+0000] {logging_mixin.py:188} INFO - [2025-12-17T13:05:38.208+0000] {dag.py:3036} INFO - Sync 1 DAGs
[2025-12-17T13:05:38.231+0000] {logging_mixin.py:188} INFO - [2025-12-17T13:05:38.231+0000] {dag.py:3823} INFO - Setting next_dagrun for monitoramento_qualidade_dados to 2025-12-17 12:00:00+00:00, run_after=2025-12-17 18:00:00+00:00
[2025-12-17T13:05:38.249+0000] {processor.py:183} INFO - Processing /opt/airflow/dags/monitoramento_principal.py took 1.118 seconds
[2025-12-17T13:06:08.440+0000] {processor.py:161} INFO - Started process (PID=1164) to work on /opt/airflow/dags/monitoramento_principal.py
[2025-12-17T13:06:08.443+0000] {processor.py:830} INFO - Processing file /opt/airflow/dags/monitoramento_principal.py for tasks to queue
[2025-12-17T13:06:08.447+0000] {logging_mixin.py:188} INFO - [2025-12-17T13:06:08.446+0000] {dagbag.py:538} INFO - Filling up the DagBag from /opt/airflow/dags/monitoramento_principal.py
[2025-12-17T13:06:09.533+0000] {processor.py:840} INFO - DAG(s) 'monitoramento_qualidade_dados' retrieved from /opt/airflow/dags/monitoramento_principal.py
[2025-12-17T13:06:09.558+0000] {logging_mixin.py:188} INFO - [2025-12-17T13:06:09.557+0000] {dag.py:3036} INFO - Sync 1 DAGs
[2025-12-17T13:06:09.581+0000] {logging_mixin.py:188} INFO - [2025-12-17T13:06:09.581+0000] {dag.py:3823} INFO - Setting next_dagrun for monitoramento_qualidade_dados to 2025-12-17 12:00:00+00:00, run_after=2025-12-17 18:00:00+00:00
[2025-12-17T13:06:09.601+0000] {processor.py:183} INFO - Processing /opt/airflow/dags/monitoramento_principal.py took 1.178 seconds
[2025-12-17T13:06:39.718+0000] {processor.py:161} INFO - Started process (PID=1183) to work on /opt/airflow/dags/monitoramento_principal.py
[2025-12-17T13:06:39.719+0000] {processor.py:830} INFO - Processing file /opt/airflow/dags/monitoramento_principal.py for tasks to queue
[2025-12-17T13:06:39.720+0000] {logging_mixin.py:188} INFO - [2025-12-17T13:06:39.720+0000] {dagbag.py:538} INFO - Filling up the DagBag from /opt/airflow/dags/monitoramento_principal.py
[2025-12-17T13:06:40.653+0000] {processor.py:840} INFO - DAG(s) 'monitoramento_qualidade_dados' retrieved from /opt/airflow/dags/monitoramento_principal.py
[2025-12-17T13:06:40.680+0000] {logging_mixin.py:188} INFO - [2025-12-17T13:06:40.680+0000] {dag.py:3036} INFO - Sync 1 DAGs
[2025-12-17T13:06:40.703+0000] {logging_mixin.py:188} INFO - [2025-12-17T13:06:40.703+0000] {dag.py:3823} INFO - Setting next_dagrun for monitoramento_qualidade_dados to 2025-12-17 12:00:00+00:00, run_after=2025-12-17 18:00:00+00:00
[2025-12-17T13:06:40.733+0000] {processor.py:183} INFO - Processing /opt/airflow/dags/monitoramento_principal.py took 1.017 seconds
[2025-12-17T13:07:11.065+0000] {processor.py:161} INFO - Started process (PID=1203) to work on /opt/airflow/dags/monitoramento_principal.py
[2025-12-17T13:07:11.066+0000] {processor.py:830} INFO - Processing file /opt/airflow/dags/monitoramento_principal.py for tasks to queue
[2025-12-17T13:07:11.067+0000] {logging_mixin.py:188} INFO - [2025-12-17T13:07:11.066+0000] {dagbag.py:538} INFO - Filling up the DagBag from /opt/airflow/dags/monitoramento_principal.py
[2025-12-17T13:07:11.899+0000] {processor.py:840} INFO - DAG(s) 'monitoramento_qualidade_dados' retrieved from /opt/airflow/dags/monitoramento_principal.py
[2025-12-17T13:07:11.923+0000] {logging_mixin.py:188} INFO - [2025-12-17T13:07:11.922+0000] {dag.py:3036} INFO - Sync 1 DAGs
[2025-12-17T13:07:11.941+0000] {logging_mixin.py:188} INFO - [2025-12-17T13:07:11.941+0000] {dag.py:3823} INFO - Setting next_dagrun for monitoramento_qualidade_dados to 2025-12-17 12:00:00+00:00, run_after=2025-12-17 18:00:00+00:00
[2025-12-17T13:07:11.958+0000] {processor.py:183} INFO - Processing /opt/airflow/dags/monitoramento_principal.py took 0.896 seconds
[2025-12-17T13:07:42.265+0000] {processor.py:161} INFO - Started process (PID=1223) to work on /opt/airflow/dags/monitoramento_principal.py
[2025-12-17T13:07:42.266+0000] {processor.py:830} INFO - Processing file /opt/airflow/dags/monitoramento_principal.py for tasks to queue
[2025-12-17T13:07:42.267+0000] {logging_mixin.py:188} INFO - [2025-12-17T13:07:42.266+0000] {dagbag.py:538} INFO - Filling up the DagBag from /opt/airflow/dags/monitoramento_principal.py
[2025-12-17T13:07:43.150+0000] {processor.py:840} INFO - DAG(s) 'monitoramento_qualidade_dados' retrieved from /opt/airflow/dags/monitoramento_principal.py
[2025-12-17T13:07:43.179+0000] {logging_mixin.py:188} INFO - [2025-12-17T13:07:43.178+0000] {dag.py:3036} INFO - Sync 1 DAGs
[2025-12-17T13:07:43.200+0000] {logging_mixin.py:188} INFO - [2025-12-17T13:07:43.200+0000] {dag.py:3823} INFO - Setting next_dagrun for monitoramento_qualidade_dados to 2025-12-17 12:00:00+00:00, run_after=2025-12-17 18:00:00+00:00
[2025-12-17T13:07:43.219+0000] {processor.py:183} INFO - Processing /opt/airflow/dags/monitoramento_principal.py took 0.957 seconds
[2025-12-17T13:08:13.595+0000] {processor.py:161} INFO - Started process (PID=1243) to work on /opt/airflow/dags/monitoramento_principal.py
[2025-12-17T13:08:13.596+0000] {processor.py:830} INFO - Processing file /opt/airflow/dags/monitoramento_principal.py for tasks to queue
[2025-12-17T13:08:13.597+0000] {logging_mixin.py:188} INFO - [2025-12-17T13:08:13.597+0000] {dagbag.py:538} INFO - Filling up the DagBag from /opt/airflow/dags/monitoramento_principal.py
[2025-12-17T13:08:14.359+0000] {processor.py:840} INFO - DAG(s) 'monitoramento_qualidade_dados' retrieved from /opt/airflow/dags/monitoramento_principal.py
[2025-12-17T13:08:14.382+0000] {logging_mixin.py:188} INFO - [2025-12-17T13:08:14.381+0000] {dag.py:3036} INFO - Sync 1 DAGs
[2025-12-17T13:08:14.401+0000] {logging_mixin.py:188} INFO - [2025-12-17T13:08:14.401+0000] {dag.py:3823} INFO - Setting next_dagrun for monitoramento_qualidade_dados to 2025-12-17 12:00:00+00:00, run_after=2025-12-17 18:00:00+00:00
[2025-12-17T13:08:14.424+0000] {processor.py:183} INFO - Processing /opt/airflow/dags/monitoramento_principal.py took 0.832 seconds
[2025-12-17T13:08:44.737+0000] {processor.py:161} INFO - Started process (PID=1263) to work on /opt/airflow/dags/monitoramento_principal.py
[2025-12-17T13:08:44.738+0000] {processor.py:830} INFO - Processing file /opt/airflow/dags/monitoramento_principal.py for tasks to queue
[2025-12-17T13:08:44.739+0000] {logging_mixin.py:188} INFO - [2025-12-17T13:08:44.739+0000] {dagbag.py:538} INFO - Filling up the DagBag from /opt/airflow/dags/monitoramento_principal.py
[2025-12-17T13:08:45.756+0000] {processor.py:840} INFO - DAG(s) 'monitoramento_qualidade_dados' retrieved from /opt/airflow/dags/monitoramento_principal.py
[2025-12-17T13:08:45.792+0000] {logging_mixin.py:188} INFO - [2025-12-17T13:08:45.792+0000] {dag.py:3036} INFO - Sync 1 DAGs
[2025-12-17T13:08:45.828+0000] {logging_mixin.py:188} INFO - [2025-12-17T13:08:45.828+0000] {dag.py:3823} INFO - Setting next_dagrun for monitoramento_qualidade_dados to 2025-12-17 12:00:00+00:00, run_after=2025-12-17 18:00:00+00:00
[2025-12-17T13:08:45.873+0000] {processor.py:183} INFO - Processing /opt/airflow/dags/monitoramento_principal.py took 1.140 seconds
[2025-12-17T13:09:16.203+0000] {processor.py:161} INFO - Started process (PID=1283) to work on /opt/airflow/dags/monitoramento_principal.py
[2025-12-17T13:09:16.204+0000] {processor.py:830} INFO - Processing file /opt/airflow/dags/monitoramento_principal.py for tasks to queue
[2025-12-17T13:09:16.205+0000] {logging_mixin.py:188} INFO - [2025-12-17T13:09:16.204+0000] {dagbag.py:538} INFO - Filling up the DagBag from /opt/airflow/dags/monitoramento_principal.py
[2025-12-17T13:09:16.946+0000] {processor.py:840} INFO - DAG(s) 'monitoramento_qualidade_dados' retrieved from /opt/airflow/dags/monitoramento_principal.py
[2025-12-17T13:09:16.968+0000] {logging_mixin.py:188} INFO - [2025-12-17T13:09:16.968+0000] {dag.py:3036} INFO - Sync 1 DAGs
[2025-12-17T13:09:16.985+0000] {logging_mixin.py:188} INFO - [2025-12-17T13:09:16.985+0000] {dag.py:3823} INFO - Setting next_dagrun for monitoramento_qualidade_dados to 2025-12-17 12:00:00+00:00, run_after=2025-12-17 18:00:00+00:00
[2025-12-17T13:09:17.005+0000] {processor.py:183} INFO - Processing /opt/airflow/dags/monitoramento_principal.py took 0.805 seconds
[2025-12-17T13:09:47.552+0000] {processor.py:161} INFO - Started process (PID=1303) to work on /opt/airflow/dags/monitoramento_principal.py
[2025-12-17T13:09:47.553+0000] {processor.py:830} INFO - Processing file /opt/airflow/dags/monitoramento_principal.py for tasks to queue
[2025-12-17T13:09:47.554+0000] {logging_mixin.py:188} INFO - [2025-12-17T13:09:47.553+0000] {dagbag.py:538} INFO - Filling up the DagBag from /opt/airflow/dags/monitoramento_principal.py
[2025-12-17T13:09:48.251+0000] {processor.py:840} INFO - DAG(s) 'monitoramento_qualidade_dados' retrieved from /opt/airflow/dags/monitoramento_principal.py
[2025-12-17T13:09:48.271+0000] {logging_mixin.py:188} INFO - [2025-12-17T13:09:48.271+0000] {dag.py:3036} INFO - Sync 1 DAGs
[2025-12-17T13:09:48.291+0000] {logging_mixin.py:188} INFO - [2025-12-17T13:09:48.291+0000] {dag.py:3823} INFO - Setting next_dagrun for monitoramento_qualidade_dados to 2025-12-17 12:00:00+00:00, run_after=2025-12-17 18:00:00+00:00
[2025-12-17T13:09:48.313+0000] {processor.py:183} INFO - Processing /opt/airflow/dags/monitoramento_principal.py took 0.765 seconds
[2025-12-17T13:10:18.943+0000] {processor.py:161} INFO - Started process (PID=1323) to work on /opt/airflow/dags/monitoramento_principal.py
[2025-12-17T13:10:18.944+0000] {processor.py:830} INFO - Processing file /opt/airflow/dags/monitoramento_principal.py for tasks to queue
[2025-12-17T13:10:18.944+0000] {logging_mixin.py:188} INFO - [2025-12-17T13:10:18.944+0000] {dagbag.py:538} INFO - Filling up the DagBag from /opt/airflow/dags/monitoramento_principal.py
[2025-12-17T13:10:19.646+0000] {processor.py:840} INFO - DAG(s) 'monitoramento_qualidade_dados' retrieved from /opt/airflow/dags/monitoramento_principal.py
[2025-12-17T13:10:19.666+0000] {logging_mixin.py:188} INFO - [2025-12-17T13:10:19.665+0000] {dag.py:3036} INFO - Sync 1 DAGs
[2025-12-17T13:10:19.682+0000] {logging_mixin.py:188} INFO - [2025-12-17T13:10:19.682+0000] {dag.py:3823} INFO - Setting next_dagrun for monitoramento_qualidade_dados to 2025-12-17 12:00:00+00:00, run_after=2025-12-17 18:00:00+00:00
[2025-12-17T13:10:19.703+0000] {processor.py:183} INFO - Processing /opt/airflow/dags/monitoramento_principal.py took 0.763 seconds
[2025-12-17T13:10:50.065+0000] {processor.py:161} INFO - Started process (PID=1343) to work on /opt/airflow/dags/monitoramento_principal.py
[2025-12-17T13:10:50.066+0000] {processor.py:830} INFO - Processing file /opt/airflow/dags/monitoramento_principal.py for tasks to queue
[2025-12-17T13:10:50.067+0000] {logging_mixin.py:188} INFO - [2025-12-17T13:10:50.067+0000] {dagbag.py:538} INFO - Filling up the DagBag from /opt/airflow/dags/monitoramento_principal.py
[2025-12-17T13:10:50.787+0000] {processor.py:840} INFO - DAG(s) 'monitoramento_qualidade_dados' retrieved from /opt/airflow/dags/monitoramento_principal.py
[2025-12-17T13:10:50.807+0000] {logging_mixin.py:188} INFO - [2025-12-17T13:10:50.807+0000] {dag.py:3036} INFO - Sync 1 DAGs
[2025-12-17T13:10:50.825+0000] {logging_mixin.py:188} INFO - [2025-12-17T13:10:50.825+0000] {dag.py:3823} INFO - Setting next_dagrun for monitoramento_qualidade_dados to 2025-12-17 12:00:00+00:00, run_after=2025-12-17 18:00:00+00:00
[2025-12-17T13:10:50.845+0000] {processor.py:183} INFO - Processing /opt/airflow/dags/monitoramento_principal.py took 0.785 seconds
[2025-12-17T13:11:21.174+0000] {processor.py:161} INFO - Started process (PID=1363) to work on /opt/airflow/dags/monitoramento_principal.py
[2025-12-17T13:11:21.175+0000] {processor.py:830} INFO - Processing file /opt/airflow/dags/monitoramento_principal.py for tasks to queue
[2025-12-17T13:11:21.176+0000] {logging_mixin.py:188} INFO - [2025-12-17T13:11:21.176+0000] {dagbag.py:538} INFO - Filling up the DagBag from /opt/airflow/dags/monitoramento_principal.py
[2025-12-17T13:11:21.879+0000] {processor.py:840} INFO - DAG(s) 'monitoramento_qualidade_dados' retrieved from /opt/airflow/dags/monitoramento_principal.py
[2025-12-17T13:11:21.898+0000] {logging_mixin.py:188} INFO - [2025-12-17T13:11:21.897+0000] {dag.py:3036} INFO - Sync 1 DAGs
[2025-12-17T13:11:21.915+0000] {logging_mixin.py:188} INFO - [2025-12-17T13:11:21.915+0000] {dag.py:3823} INFO - Setting next_dagrun for monitoramento_qualidade_dados to 2025-12-17 12:00:00+00:00, run_after=2025-12-17 18:00:00+00:00
[2025-12-17T13:11:21.936+0000] {processor.py:183} INFO - Processing /opt/airflow/dags/monitoramento_principal.py took 0.765 seconds
[2025-12-17T13:11:52.460+0000] {processor.py:161} INFO - Started process (PID=1383) to work on /opt/airflow/dags/monitoramento_principal.py
[2025-12-17T13:11:52.461+0000] {processor.py:830} INFO - Processing file /opt/airflow/dags/monitoramento_principal.py for tasks to queue
[2025-12-17T13:11:52.462+0000] {logging_mixin.py:188} INFO - [2025-12-17T13:11:52.462+0000] {dagbag.py:538} INFO - Filling up the DagBag from /opt/airflow/dags/monitoramento_principal.py
[2025-12-17T13:11:53.303+0000] {processor.py:840} INFO - DAG(s) 'monitoramento_qualidade_dados' retrieved from /opt/airflow/dags/monitoramento_principal.py
[2025-12-17T13:11:53.327+0000] {logging_mixin.py:188} INFO - [2025-12-17T13:11:53.326+0000] {dag.py:3036} INFO - Sync 1 DAGs
[2025-12-17T13:11:53.349+0000] {logging_mixin.py:188} INFO - [2025-12-17T13:11:53.349+0000] {dag.py:3823} INFO - Setting next_dagrun for monitoramento_qualidade_dados to 2025-12-17 12:00:00+00:00, run_after=2025-12-17 18:00:00+00:00
[2025-12-17T13:11:53.372+0000] {processor.py:183} INFO - Processing /opt/airflow/dags/monitoramento_principal.py took 0.916 seconds
[2025-12-17T13:12:23.750+0000] {processor.py:161} INFO - Started process (PID=1403) to work on /opt/airflow/dags/monitoramento_principal.py
[2025-12-17T13:12:23.751+0000] {processor.py:830} INFO - Processing file /opt/airflow/dags/monitoramento_principal.py for tasks to queue
[2025-12-17T13:12:23.752+0000] {logging_mixin.py:188} INFO - [2025-12-17T13:12:23.752+0000] {dagbag.py:538} INFO - Filling up the DagBag from /opt/airflow/dags/monitoramento_principal.py
[2025-12-17T13:12:24.586+0000] {processor.py:840} INFO - DAG(s) 'monitoramento_qualidade_dados' retrieved from /opt/airflow/dags/monitoramento_principal.py
[2025-12-17T13:12:24.610+0000] {logging_mixin.py:188} INFO - [2025-12-17T13:12:24.609+0000] {dag.py:3036} INFO - Sync 1 DAGs
[2025-12-17T13:12:24.628+0000] {logging_mixin.py:188} INFO - [2025-12-17T13:12:24.628+0000] {dag.py:3823} INFO - Setting next_dagrun for monitoramento_qualidade_dados to 2025-12-17 12:00:00+00:00, run_after=2025-12-17 18:00:00+00:00
[2025-12-17T13:12:24.647+0000] {processor.py:183} INFO - Processing /opt/airflow/dags/monitoramento_principal.py took 0.900 seconds
[2025-12-17T13:12:54.982+0000] {processor.py:161} INFO - Started process (PID=1423) to work on /opt/airflow/dags/monitoramento_principal.py
[2025-12-17T13:12:54.983+0000] {processor.py:830} INFO - Processing file /opt/airflow/dags/monitoramento_principal.py for tasks to queue
[2025-12-17T13:12:54.984+0000] {logging_mixin.py:188} INFO - [2025-12-17T13:12:54.984+0000] {dagbag.py:538} INFO - Filling up the DagBag from /opt/airflow/dags/monitoramento_principal.py
[2025-12-17T13:12:55.780+0000] {processor.py:840} INFO - DAG(s) 'monitoramento_qualidade_dados' retrieved from /opt/airflow/dags/monitoramento_principal.py
[2025-12-17T13:12:55.802+0000] {logging_mixin.py:188} INFO - [2025-12-17T13:12:55.801+0000] {dag.py:3036} INFO - Sync 1 DAGs
[2025-12-17T13:12:55.821+0000] {logging_mixin.py:188} INFO - [2025-12-17T13:12:55.821+0000] {dag.py:3823} INFO - Setting next_dagrun for monitoramento_qualidade_dados to 2025-12-17 12:00:00+00:00, run_after=2025-12-17 18:00:00+00:00
[2025-12-17T13:12:55.841+0000] {processor.py:183} INFO - Processing /opt/airflow/dags/monitoramento_principal.py took 0.862 seconds
[2025-12-17T13:13:26.114+0000] {processor.py:161} INFO - Started process (PID=1449) to work on /opt/airflow/dags/monitoramento_principal.py
[2025-12-17T13:13:26.116+0000] {processor.py:830} INFO - Processing file /opt/airflow/dags/monitoramento_principal.py for tasks to queue
[2025-12-17T13:13:26.116+0000] {logging_mixin.py:188} INFO - [2025-12-17T13:13:26.116+0000] {dagbag.py:538} INFO - Filling up the DagBag from /opt/airflow/dags/monitoramento_principal.py
[2025-12-17T13:13:26.879+0000] {processor.py:840} INFO - DAG(s) 'monitoramento_qualidade_dados' retrieved from /opt/airflow/dags/monitoramento_principal.py
[2025-12-17T13:13:26.903+0000] {logging_mixin.py:188} INFO - [2025-12-17T13:13:26.902+0000] {dag.py:3036} INFO - Sync 1 DAGs
[2025-12-17T13:13:26.921+0000] {logging_mixin.py:188} INFO - [2025-12-17T13:13:26.920+0000] {dag.py:3823} INFO - Setting next_dagrun for monitoramento_qualidade_dados to 2025-12-17 12:00:00+00:00, run_after=2025-12-17 18:00:00+00:00
[2025-12-17T13:13:26.941+0000] {processor.py:183} INFO - Processing /opt/airflow/dags/monitoramento_principal.py took 0.830 seconds
[2025-12-17T13:13:57.408+0000] {processor.py:161} INFO - Started process (PID=1469) to work on /opt/airflow/dags/monitoramento_principal.py
[2025-12-17T13:13:57.410+0000] {processor.py:830} INFO - Processing file /opt/airflow/dags/monitoramento_principal.py for tasks to queue
[2025-12-17T13:13:57.411+0000] {logging_mixin.py:188} INFO - [2025-12-17T13:13:57.410+0000] {dagbag.py:538} INFO - Filling up the DagBag from /opt/airflow/dags/monitoramento_principal.py
[2025-12-17T13:13:58.168+0000] {processor.py:840} INFO - DAG(s) 'monitoramento_qualidade_dados' retrieved from /opt/airflow/dags/monitoramento_principal.py
[2025-12-17T13:13:58.191+0000] {logging_mixin.py:188} INFO - [2025-12-17T13:13:58.190+0000] {dag.py:3036} INFO - Sync 1 DAGs
[2025-12-17T13:13:58.210+0000] {logging_mixin.py:188} INFO - [2025-12-17T13:13:58.210+0000] {dag.py:3823} INFO - Setting next_dagrun for monitoramento_qualidade_dados to 2025-12-17 12:00:00+00:00, run_after=2025-12-17 18:00:00+00:00
[2025-12-17T13:13:58.230+0000] {processor.py:183} INFO - Processing /opt/airflow/dags/monitoramento_principal.py took 0.826 seconds
[2025-12-17T13:14:28.767+0000] {processor.py:161} INFO - Started process (PID=1489) to work on /opt/airflow/dags/monitoramento_principal.py
[2025-12-17T13:14:28.768+0000] {processor.py:830} INFO - Processing file /opt/airflow/dags/monitoramento_principal.py for tasks to queue
[2025-12-17T13:14:28.769+0000] {logging_mixin.py:188} INFO - [2025-12-17T13:14:28.769+0000] {dagbag.py:538} INFO - Filling up the DagBag from /opt/airflow/dags/monitoramento_principal.py
[2025-12-17T13:14:29.618+0000] {processor.py:840} INFO - DAG(s) 'monitoramento_qualidade_dados' retrieved from /opt/airflow/dags/monitoramento_principal.py
[2025-12-17T13:14:29.639+0000] {logging_mixin.py:188} INFO - [2025-12-17T13:14:29.639+0000] {dag.py:3036} INFO - Sync 1 DAGs
[2025-12-17T13:14:29.658+0000] {logging_mixin.py:188} INFO - [2025-12-17T13:14:29.658+0000] {dag.py:3823} INFO - Setting next_dagrun for monitoramento_qualidade_dados to 2025-12-17 12:00:00+00:00, run_after=2025-12-17 18:00:00+00:00
[2025-12-17T13:14:29.678+0000] {processor.py:183} INFO - Processing /opt/airflow/dags/monitoramento_principal.py took 0.914 seconds
[2025-12-17T13:14:59.969+0000] {processor.py:161} INFO - Started process (PID=1514) to work on /opt/airflow/dags/monitoramento_principal.py
[2025-12-17T13:14:59.970+0000] {processor.py:830} INFO - Processing file /opt/airflow/dags/monitoramento_principal.py for tasks to queue
[2025-12-17T13:14:59.971+0000] {logging_mixin.py:188} INFO - [2025-12-17T13:14:59.971+0000] {dagbag.py:538} INFO - Filling up the DagBag from /opt/airflow/dags/monitoramento_principal.py
[2025-12-17T13:15:00.771+0000] {processor.py:840} INFO - DAG(s) 'monitoramento_qualidade_dados' retrieved from /opt/airflow/dags/monitoramento_principal.py
[2025-12-17T13:15:00.794+0000] {logging_mixin.py:188} INFO - [2025-12-17T13:15:00.793+0000] {dag.py:3036} INFO - Sync 1 DAGs
[2025-12-17T13:15:00.814+0000] {logging_mixin.py:188} INFO - [2025-12-17T13:15:00.814+0000] {dag.py:3823} INFO - Setting next_dagrun for monitoramento_qualidade_dados to 2025-12-17 12:00:00+00:00, run_after=2025-12-17 18:00:00+00:00
[2025-12-17T13:15:00.833+0000] {processor.py:183} INFO - Processing /opt/airflow/dags/monitoramento_principal.py took 0.867 seconds
[2025-12-17T13:15:31.134+0000] {processor.py:161} INFO - Started process (PID=1534) to work on /opt/airflow/dags/monitoramento_principal.py
[2025-12-17T13:15:31.135+0000] {processor.py:830} INFO - Processing file /opt/airflow/dags/monitoramento_principal.py for tasks to queue
[2025-12-17T13:15:31.136+0000] {logging_mixin.py:188} INFO - [2025-12-17T13:15:31.135+0000] {dagbag.py:538} INFO - Filling up the DagBag from /opt/airflow/dags/monitoramento_principal.py
[2025-12-17T13:15:31.886+0000] {processor.py:840} INFO - DAG(s) 'monitoramento_qualidade_dados' retrieved from /opt/airflow/dags/monitoramento_principal.py
[2025-12-17T13:15:31.910+0000] {logging_mixin.py:188} INFO - [2025-12-17T13:15:31.910+0000] {dag.py:3036} INFO - Sync 1 DAGs
[2025-12-17T13:15:31.931+0000] {logging_mixin.py:188} INFO - [2025-12-17T13:15:31.931+0000] {dag.py:3823} INFO - Setting next_dagrun for monitoramento_qualidade_dados to 2025-12-17 12:00:00+00:00, run_after=2025-12-17 18:00:00+00:00
[2025-12-17T13:15:31.950+0000] {processor.py:183} INFO - Processing /opt/airflow/dags/monitoramento_principal.py took 0.819 seconds
[2025-12-17T13:16:02.481+0000] {processor.py:161} INFO - Started process (PID=1554) to work on /opt/airflow/dags/monitoramento_principal.py
[2025-12-17T13:16:02.482+0000] {processor.py:830} INFO - Processing file /opt/airflow/dags/monitoramento_principal.py for tasks to queue
[2025-12-17T13:16:02.483+0000] {logging_mixin.py:188} INFO - [2025-12-17T13:16:02.483+0000] {dagbag.py:538} INFO - Filling up the DagBag from /opt/airflow/dags/monitoramento_principal.py
[2025-12-17T13:16:03.261+0000] {processor.py:840} INFO - DAG(s) 'monitoramento_qualidade_dados' retrieved from /opt/airflow/dags/monitoramento_principal.py
[2025-12-17T13:16:03.283+0000] {logging_mixin.py:188} INFO - [2025-12-17T13:16:03.283+0000] {dag.py:3036} INFO - Sync 1 DAGs
[2025-12-17T13:16:03.302+0000] {logging_mixin.py:188} INFO - [2025-12-17T13:16:03.302+0000] {dag.py:3823} INFO - Setting next_dagrun for monitoramento_qualidade_dados to 2025-12-17 12:00:00+00:00, run_after=2025-12-17 18:00:00+00:00
[2025-12-17T13:16:03.323+0000] {processor.py:183} INFO - Processing /opt/airflow/dags/monitoramento_principal.py took 0.845 seconds
[2025-12-17T13:16:33.605+0000] {processor.py:161} INFO - Started process (PID=1574) to work on /opt/airflow/dags/monitoramento_principal.py
[2025-12-17T13:16:33.606+0000] {processor.py:830} INFO - Processing file /opt/airflow/dags/monitoramento_principal.py for tasks to queue
[2025-12-17T13:16:33.607+0000] {logging_mixin.py:188} INFO - [2025-12-17T13:16:33.607+0000] {dagbag.py:538} INFO - Filling up the DagBag from /opt/airflow/dags/monitoramento_principal.py
[2025-12-17T13:16:34.371+0000] {processor.py:840} INFO - DAG(s) 'monitoramento_qualidade_dados' retrieved from /opt/airflow/dags/monitoramento_principal.py
[2025-12-17T13:16:34.393+0000] {logging_mixin.py:188} INFO - [2025-12-17T13:16:34.393+0000] {dag.py:3036} INFO - Sync 1 DAGs
[2025-12-17T13:16:34.414+0000] {logging_mixin.py:188} INFO - [2025-12-17T13:16:34.414+0000] {dag.py:3823} INFO - Setting next_dagrun for monitoramento_qualidade_dados to 2025-12-17 12:00:00+00:00, run_after=2025-12-17 18:00:00+00:00
[2025-12-17T13:16:34.435+0000] {processor.py:183} INFO - Processing /opt/airflow/dags/monitoramento_principal.py took 0.832 seconds
[2025-12-17T13:17:04.980+0000] {processor.py:161} INFO - Started process (PID=1594) to work on /opt/airflow/dags/monitoramento_principal.py
[2025-12-17T13:17:04.982+0000] {processor.py:830} INFO - Processing file /opt/airflow/dags/monitoramento_principal.py for tasks to queue
[2025-12-17T13:17:04.984+0000] {logging_mixin.py:188} INFO - [2025-12-17T13:17:04.983+0000] {dagbag.py:538} INFO - Filling up the DagBag from /opt/airflow/dags/monitoramento_principal.py
[2025-12-17T13:17:05.761+0000] {processor.py:840} INFO - DAG(s) 'monitoramento_qualidade_dados' retrieved from /opt/airflow/dags/monitoramento_principal.py
[2025-12-17T13:17:05.786+0000] {logging_mixin.py:188} INFO - [2025-12-17T13:17:05.785+0000] {dag.py:3036} INFO - Sync 1 DAGs
[2025-12-17T13:17:05.805+0000] {logging_mixin.py:188} INFO - [2025-12-17T13:17:05.804+0000] {dag.py:3823} INFO - Setting next_dagrun for monitoramento_qualidade_dados to 2025-12-17 12:00:00+00:00, run_after=2025-12-17 18:00:00+00:00
[2025-12-17T13:17:05.826+0000] {processor.py:183} INFO - Processing /opt/airflow/dags/monitoramento_principal.py took 0.852 seconds
[2025-12-17T13:17:36.112+0000] {processor.py:161} INFO - Started process (PID=1614) to work on /opt/airflow/dags/monitoramento_principal.py
[2025-12-17T13:17:36.113+0000] {processor.py:830} INFO - Processing file /opt/airflow/dags/monitoramento_principal.py for tasks to queue
[2025-12-17T13:17:36.114+0000] {logging_mixin.py:188} INFO - [2025-12-17T13:17:36.114+0000] {dagbag.py:538} INFO - Filling up the DagBag from /opt/airflow/dags/monitoramento_principal.py
[2025-12-17T13:17:36.934+0000] {processor.py:840} INFO - DAG(s) 'monitoramento_qualidade_dados' retrieved from /opt/airflow/dags/monitoramento_principal.py
[2025-12-17T13:17:36.955+0000] {logging_mixin.py:188} INFO - [2025-12-17T13:17:36.955+0000] {dag.py:3036} INFO - Sync 1 DAGs
[2025-12-17T13:17:36.974+0000] {logging_mixin.py:188} INFO - [2025-12-17T13:17:36.974+0000] {dag.py:3823} INFO - Setting next_dagrun for monitoramento_qualidade_dados to 2025-12-17 12:00:00+00:00, run_after=2025-12-17 18:00:00+00:00
[2025-12-17T13:17:37.078+0000] {processor.py:183} INFO - Processing /opt/airflow/dags/monitoramento_principal.py took 0.969 seconds
[2025-12-17T13:18:07.477+0000] {processor.py:161} INFO - Started process (PID=1634) to work on /opt/airflow/dags/monitoramento_principal.py
[2025-12-17T13:18:07.478+0000] {processor.py:830} INFO - Processing file /opt/airflow/dags/monitoramento_principal.py for tasks to queue
[2025-12-17T13:18:07.479+0000] {logging_mixin.py:188} INFO - [2025-12-17T13:18:07.479+0000] {dagbag.py:538} INFO - Filling up the DagBag from /opt/airflow/dags/monitoramento_principal.py
[2025-12-17T13:18:08.309+0000] {processor.py:840} INFO - DAG(s) 'monitoramento_qualidade_dados' retrieved from /opt/airflow/dags/monitoramento_principal.py
[2025-12-17T13:18:08.332+0000] {logging_mixin.py:188} INFO - [2025-12-17T13:18:08.332+0000] {dag.py:3036} INFO - Sync 1 DAGs
[2025-12-17T13:18:08.351+0000] {logging_mixin.py:188} INFO - [2025-12-17T13:18:08.351+0000] {dag.py:3823} INFO - Setting next_dagrun for monitoramento_qualidade_dados to 2025-12-17 12:00:00+00:00, run_after=2025-12-17 18:00:00+00:00
[2025-12-17T13:18:08.371+0000] {processor.py:183} INFO - Processing /opt/airflow/dags/monitoramento_principal.py took 0.897 seconds
